<?xml version="1.0" encoding="UTF-8"?>
<testsuites name="bun test" tests="1952" assertions="9862" failures="2" skipped="4" time="135.902658">
  <testsuite name="packages/adapter-discord/test/attachments.test.ts" file="packages/adapter-discord/test/attachments.test.ts" tests="16" assertions="26" failures="0" skipped="0" time="0.002881" hostname="MacBook-Pro-3.local">
    <testcase name="a voice message is recognized by its duration and waveform" classname="" time="0.000057" file="packages/adapter-discord/test/attachments.test.ts" line="18" assertions="1" />
    <testcase name="an ordinary audio upload is not a voice message even with the same mime type" classname="" time="0.000017" file="packages/adapter-discord/test/attachments.test.ts" line="22" assertions="1" />
    <testcase name="a waveform without a duration is not enough to claim a voice message" classname="" time="0.000006" file="packages/adapter-discord/test/attachments.test.ts" line="26" assertions="1" />
    <testcase name="a voice message renders its length, size and url" classname="" time="0.000155" file="packages/adapter-discord/test/attachments.test.ts" line="30" assertions="1" />
    <testcase name="a voice message over a minute renders as m:ss" classname="" time="0.000015" file="packages/adapter-discord/test/attachments.test.ts" line="36" assertions="1" />
    <testcase name="attachment kind comes from the mime type so the persona need not parse it" classname="" time="0.000031" file="packages/adapter-discord/test/attachments.test.ts" line="40" assertions="4" />
    <testcase name="an attachment-only message produces a body instead of the empty string that was dropped" classname="" time="0.000087" file="packages/adapter-discord/test/attachments.test.ts" line="51" assertions="1" />
    <testcase name="a caption keeps its own line and the attachment follows it" classname="" time="0.000014" file="packages/adapter-discord/test/attachments.test.ts" line="55" assertions="1" />
    <testcase name="a whitespace-only caption is treated as no caption rather than kept as a blank line" classname="" time="0.000006" file="packages/adapter-discord/test/attachments.test.ts" line="61" assertions="1" />
    <testcase name="a plain text message is passed through untouched" classname="" time="0.000005" file="packages/adapter-discord/test/attachments.test.ts" line="67" assertions="2" />
    <testcase name="a message with neither text nor attachments stays empty so it is still dropped" classname="" time="0.000003" file="packages/adapter-discord/test/attachments.test.ts" line="72" assertions="2" />
    <testcase name="every attachment gets a line" classname="" time="0.000008" file="packages/adapter-discord/test/attachments.test.ts" line="77" assertions="1" />
    <testcase name="a flood of attachments is capped with a remainder line so one message cannot swamp the turn" classname="" time="0.000127" file="packages/adapter-discord/test/attachments.test.ts" line="88" assertions="2" />
    <testcase name="the remainder line stays singular for exactly one extra attachment" classname="" time="0.000021" file="packages/adapter-discord/test/attachments.test.ts" line="95" assertions="1" />
    <testcase name="collectAttachments tolerates the field being absent, null or already an array" classname="" time="0.000025" file="packages/adapter-discord/test/attachments.test.ts" line="100" assertions="4" />
    <testcase name="a Map-like collection is read through values() rather than as entry pairs" classname="" time="0.000026" file="packages/adapter-discord/test/attachments.test.ts" line="110" assertions="2" />
  </testsuite>
  <testsuite name="packages/adapter-discord/test/author.test.ts" file="packages/adapter-discord/test/author.test.ts" tests="19" assertions="27" failures="0" skipped="0" time="0.001705" hostname="MacBook-Pro-3.local">
    <testsuite name="resolveDisplayName" file="packages/adapter-discord/test/author.test.ts" line="6" tests="7" assertions="10" failures="0" skipped="0" time="0" hostname="MacBook-Pro-3.local">
      <testcase name="prefers the guild nickname the room actually shows" classname="resolveDisplayName" time="0.000048" file="packages/adapter-discord/test/author.test.ts" line="7" assertions="1" />
      <testcase name="falls back to the member display name when no nickname is set" classname="resolveDisplayName" time="0.000011" file="packages/adapter-discord/test/author.test.ts" line="11" assertions="1" />
      <testcase name="falls back to the global name with no member, e.g. a DM" classname="resolveDisplayName" time="0.000007" file="packages/adapter-discord/test/author.test.ts" line="15" assertions="2" />
      <testcase name="uses the handle only when nothing else exists" classname="resolveDisplayName" time="0.000009" file="packages/adapter-discord/test/author.test.ts" line="20" assertions="1" />
      <testcase name="skips blank and whitespace-only values instead of reporting them" classname="resolveDisplayName" time="0.000006" file="packages/adapter-discord/test/author.test.ts" line="24" assertions="1" />
      <testcase name="returns undefined when the platform provides no name at all" classname="resolveDisplayName" time="0.000013" file="packages/adapter-discord/test/author.test.ts" line="30" assertions="2" />
      <testcase name="the same account resolves differently per server" classname="resolveDisplayName" time="0.000009" file="packages/adapter-discord/test/author.test.ts" line="35" assertions="2" />
    </testsuite>
    <testsuite name="resolveAuthorNames" file="packages/adapter-discord/test/author.test.ts" line="41" tests="4" assertions="5" failures="0" skipped="0" time="0" hostname="MacBook-Pro-3.local">
      <testcase name="returns the display name and the handle separately" classname="resolveAuthorNames" time="0.000032" file="packages/adapter-discord/test/author.test.ts" line="42" assertions="1" />
      <testcase name="omits the handle when the platform sends none" classname="resolveAuthorNames" time="0.000007" file="packages/adapter-discord/test/author.test.ts" line="49" assertions="1" />
      <testcase name="omits both for an author with no names" classname="resolveAuthorNames" time="0.000005" file="packages/adapter-discord/test/author.test.ts" line="55" assertions="1" />
      <testcase name="display name equals the handle when that is all there is" classname="resolveAuthorNames" time="0.000009" file="packages/adapter-discord/test/author.test.ts" line="59" assertions="2" />
    </testsuite>
    <testsuite name="raw-API member shape" file="packages/adapter-discord/test/author.test.ts" line="66" tests="3" assertions="4" failures="0" skipped="0" time="0" hostname="MacBook-Pro-3.local">
      <testcase name="honours the raw `nick` spelling an uncached interaction carries" classname="raw-API member shape" time="0.000004" file="packages/adapter-discord/test/author.test.ts" line="67" assertions="1" />
      <testcase name="nick and nickname agree; either one wins over the global name" classname="raw-API member shape" time="0.000006" file="packages/adapter-discord/test/author.test.ts" line="71" assertions="2" />
      <testcase name="a blank raw nick falls through to the next candidate" classname="raw-API member shape" time="0.000004" file="packages/adapter-discord/test/author.test.ts" line="76" assertions="1" />
    </testsuite>
    <testsuite name="resolveServerTag" file="packages/adapter-discord/test/author.test.ts" line="81" tests="5" assertions="8" failures="0" skipped="0" time="0" hostname="MacBook-Pro-3.local">
      <testcase name="reads the server tag badge a reader sees next to the name" classname="resolveServerTag" time="0.000013" file="packages/adapter-discord/test/author.test.ts" line="82" assertions="1" />
      <testcase name="an author with no primary guild has no tag" classname="resolveServerTag" time="0.000007" file="packages/adapter-discord/test/author.test.ts" line="86" assertions="3" />
      <testcase name="a tag the account switched off is invisible to the room, so it is not reported" classname="resolveServerTag" time="0.000005" file="packages/adapter-discord/test/author.test.ts" line="92" assertions="1" />
      <testcase name="an unset or blank tag never propagates" classname="resolveServerTag" time="0.000007" file="packages/adapter-discord/test/author.test.ts" line="96" assertions="2" />
      <testcase name="identityEnabled left unreported still yields the tag Discord sent" classname="resolveServerTag" time="0.000004" file="packages/adapter-discord/test/author.test.ts" line="101" assertions="1" />
    </testsuite>
  </testsuite>
  <testsuite name="packages/adapter-discord/test/edit-outbox-redteam.test.ts" file="packages/adapter-discord/test/edit-outbox-redteam.test.ts" tests="4" assertions="15" failures="0" skipped="0" time="0.269065" hostname="MacBook-Pro-3.local">
    <testcase name="H1: the down-link edit outbox keeps 256 newest distinct messages and names the dropped oldest" classname="" time="0.011247" file="packages/adapter-discord/test/edit-outbox-redteam.test.ts" line="72" assertions="5" />
    <testcase name="H2: a newer same-message edit arriving while v1 is awaiting acknowledgement is flushed after v1" classname="" time="0.011238" file="packages/adapter-discord/test/edit-outbox-redteam.test.ts" line="94" assertions="2" />
    <testcase name="H3: a partial replay failure retains the failed tail, stops at it, and replays it after adoptClient" classname="" time="0.033655" file="packages/adapter-discord/test/edit-outbox-redteam.test.ts" line="124" assertions="5" />
    <testcase name="H4: same-tick edits for different messages use one serial flush and issue both requests" classname="" time="0.011337" file="packages/adapter-discord/test/edit-outbox-redteam.test.ts" line="185" assertions="3" />
  </testsuite>
  <testsuite name="packages/adapter-discord/test/adapter.test.ts" file="packages/adapter-discord/test/adapter.test.ts" tests="22" assertions="62" failures="0" skipped="0" time="0.185822" hostname="MacBook-Pro-3.local">
    <testcase name="loads and trims the token credential file without exposing its value" classname="" time="0.002164" file="packages/adapter-discord/test/adapter.test.ts" line="26" assertions="3" />
    <testcase name="accepts exact engagement modes and audiences while preserving omitted audience" classname="" time="0.001746" file="packages/adapter-discord/test/adapter.test.ts" line="44" assertions="6" />
    <testcase name="maps guild channels, threads, and DMs to canonical Discord origins" classname="" time="0.000154" file="packages/adapter-discord/test/adapter.test.ts" line="79" assertions="3" />
    <testcase name="derives engagement from Discord mentions and recognizes DMs as non-group" classname="" time="0.000192" file="packages/adapter-discord/test/adapter.test.ts" line="101" assertions="2" />
    <testcase name="reports the author&apos;s server tag, which every human in the room can already read" classname="" time="0.000038" file="packages/adapter-discord/test/adapter.test.ts" line="115" assertions="3" />
    <testcase name="LRU idempotency accepts each id once and evicts least recent ids" classname="" time="0.000052" file="packages/adapter-discord/test/adapter.test.ts" line="144" assertions="5" />
    <testcase name="chunks Discord messages at the 2000 character limit" classname="" time="0.000029" file="packages/adapter-discord/test/adapter.test.ts" line="153" assertions="1" />
    <testcase name="settles a delivery after sending all chunks" classname="" time="0.000453" file="packages/adapter-discord/test/adapter.test.ts" line="158" assertions="2" />
    <testcase name="prefixes ambiguous redelivery and records failed settlement" classname="" time="0.000463" file="packages/adapter-discord/test/adapter.test.ts" line="170" assertions="2" />
    <testcase name="a reaction delivery reacts to its target and never posts a message" classname="" time="0.000287" file="packages/adapter-discord/test/adapter.test.ts" line="194" assertions="3" />
    <testcase name="a reply-threaded delivery threads its first chunk and only its first chunk" classname="" time="0.000061" file="packages/adapter-discord/test/adapter.test.ts" line="217" assertions="4" />
    <testcase name="delivery subscription filters non-Discord and missing delivery ids" classname="" time="0.000073" file="packages/adapter-discord/test/adapter.test.ts" line="237" assertions="1" />
    <testcase name="typing indicator pulses while a turn runs and stops when the delivery settles" classname="" time="0.049433" file="packages/adapter-discord/test/adapter.test.ts" line="257" assertions="2" />
    <testcase name="a final progress event ends the typing hint even when the turn delivered nothing" classname="" time="0.046465" file="packages/adapter-discord/test/adapter.test.ts" line="278" assertions="3" />
    <testcase name="typing indicator stops at its deadline and on channels without sendTyping" classname="" time="0.082179" file="packages/adapter-discord/test/adapter.test.ts" line="318" assertions="2" />
    <testcase name="working status posts one amended message per conversation and clears on delivery" classname="" time="0.000557" file="packages/adapter-discord/test/adapter.test.ts" line="361" assertions="4" />
    <testcase name="working status ignores non-discord progress and survives channel failures" classname="" time="0.000136" file="packages/adapter-discord/test/adapter.test.ts" line="394" assertions="0" />
    <testcase name="slash commands /new and /reset map to gateway session resets with the invoker attributed" classname="" time="0.000282" file="packages/adapter-discord/test/adapter.test.ts" line="422" assertions="4" />
    <testcase name="a declined slash command answers not-authorized instead of claiming a reset" classname="" time="0.000047" file="packages/adapter-discord/test/adapter.test.ts" line="457" assertions="1" />
    <testcase name="presence is shown only where the persona was addressed: DM, mention, or open-channel promotion" classname="" time="0.000009" file="packages/adapter-discord/test/adapter.test.ts" line="477" assertions="3" />
    <testcase name="an unaddressed public-channel turn posts no working status until it is armed; clear disarms" classname="" time="0.000082" file="packages/adapter-discord/test/adapter.test.ts" line="483" assertions="4" />
    <testcase name="the working status never claims counters the runtime did not report" classname="" time="0.000019" file="packages/adapter-discord/test/adapter.test.ts" line="512" assertions="4" />
  </testsuite>
  <testsuite name="packages/adapter-discord/test/message-edit.test.ts" file="packages/adapter-discord/test/message-edit.test.ts" tests="5" assertions="18" failures="0" skipped="0" time="0.086186" hostname="MacBook-Pro-3.local">
    <testcase name="an edited human message in an open channel becomes a chat.edit with the new body and the original id" classname="" time="0.000138" file="packages/adapter-discord/test/message-edit.test.ts" line="24" assertions="1" />
    <testcase name="our own edited messages and edits to an empty body are not forwarded" classname="" time="0.000021" file="packages/adapter-discord/test/message-edit.test.ts" line="35" assertions="2" />
    <testcase name="a messageUpdate that is not a user edit is not forwarded: no edit timestamp, or an unchanged rendered body (embed/link-preview/pin updates)" classname="" time="0.000032" file="packages/adapter-discord/test/message-edit.test.ts" line="40" assertions="5" />
    <testcase name="sendEdit sends chat.edit, not chat.send, and is not swallowed by the message-id dedupe of the original" classname="" time="0.021674" file="packages/adapter-discord/test/message-edit.test.ts" line="65" assertions="4" />
    <testcase name="an edit that fails to reach the gateway is kept and replayed on the next connect; a newer edit of the same message supersedes it" classname="" time="0.063388" file="packages/adapter-discord/test/message-edit.test.ts" line="92" assertions="6" />
  </testsuite>
  <testsuite name="packages/adapter-discord/test/reply.test.ts" file="packages/adapter-discord/test/reply.test.ts" tests="9" assertions="11" failures="0" skipped="0" time="0.000545" hostname="MacBook-Pro-3.local">
    <testcase name="a reply with the referenced author resolved reports every part" classname="" time="0.000061" file="packages/adapter-discord/test/reply.test.ts" line="6" assertions="1" />
    <testcase name="a reply with only the reference id keeps the relationship instead of dropping it" classname="" time="0.000011" file="packages/adapter-discord/test/reply.test.ts" line="18" assertions="1" />
    <testcase name="an unresolved referenced author leaves ownership undecided rather than false" classname="" time="0.000022" file="packages/adapter-discord/test/reply.test.ts" line="22" assertions="1" />
    <testcase name="a reply to our own message is flagged from the same bot id as mention detection" classname="" time="0.000012" file="packages/adapter-discord/test/reply.test.ts" line="26" assertions="1" />
    <testcase name="the handle is used only when the referenced author has no display name" classname="" time="0.000011" file="packages/adapter-discord/test/reply.test.ts" line="35" assertions="1" />
    <testcase name="a plain message with no reference is not a reply" classname="" time="0.000007" file="packages/adapter-discord/test/reply.test.ts" line="44" assertions="2" />
    <testcase name="a forward is a reference but not a reply" classname="" time="0.000005" file="packages/adapter-discord/test/reply.test.ts" line="49" assertions="1" />
    <testcase name="a reference without a usable message id is not a reply" classname="" time="0.000007" file="packages/adapter-discord/test/reply.test.ts" line="53" assertions="2" />
    <testcase name="ownership stays undecided when the bot id is unknown" classname="" time="0.000009" file="packages/adapter-discord/test/reply.test.ts" line="58" assertions="1" />
  </testsuite>
  <testsuite name="packages/adapter-discord/test/recovery.test.ts" file="packages/adapter-discord/test/recovery.test.ts" tests="50" assertions="184" failures="0" skipped="0" time="2.679891" hostname="MacBook-Pro-3.local">
    <testcase name="cursor path lives under the adapter home" classname="" time="0.000033" file="packages/adapter-discord/test/recovery.test.ts" line="121" assertions="1" />
    <testcase name="cursor store round-trips and ignores malformed state" classname="" time="0.001862" file="packages/adapter-discord/test/recovery.test.ts" line="125" assertions="4" />
    <testcase name="known DM recovery origins are capped, refreshed, and expired" classname="" time="0.000114" file="packages/adapter-discord/test/recovery.test.ts" line="136" assertions="2" />
    <testcase name="snowflake ordering and bootstrap cursor are time-correct" classname="" time="0.000036" file="packages/adapter-discord/test/recovery.test.ts" line="147" assertions="3" />
    <testcase name="non-engaged missed message is delivered exactly once and advances the cursor" classname="" time="0.000415" file="packages/adapter-discord/test/recovery.test.ts" line="155" assertions="5" />
    <testcase name="self-addressed missed message creates exactly one turn when authorized" classname="" time="0.000045" file="packages/adapter-discord/test/recovery.test.ts" line="182" assertions="3" />
    <testcase name="other-bot mention stays context-only and never triggers engagement" classname="" time="0.000039" file="packages/adapter-discord/test/recovery.test.ts" line="192" assertions="1" />
    <testcase name="live/backfill race delivers exactly once by message id" classname="" time="0.000037" file="packages/adapter-discord/test/recovery.test.ts" line="200" assertions="4" />
    <testcase name="shared gate joins live and backfill attempts and retries a rejected send" classname="" time="0.000068" file="packages/adapter-discord/test/recovery.test.ts" line="214" assertions="6" />
    <testcase name="interrupted recovery before ack leaves the message retryable" classname="" time="0.000085" file="packages/adapter-discord/test/recovery.test.ts" line="236" assertions="4" />
    <testcase name="gateway rejection is retried inside the pass and then persisted once" classname="" time="0.015915" file="packages/adapter-discord/test/recovery.test.ts" line="263" assertions="5" />
    <testcase name="cold-start recovery waits for both gateway client and Discord user" classname="" time="0.001683" file="packages/adapter-discord/test/recovery.test.ts" line="296" assertions="2" />
    <testcase name="an active thread gap is recovered once through its configured parent" classname="" time="0.003244" file="packages/adapter-discord/test/recovery.test.ts" line="336" assertions="3" />
    <testcase name="a permission-dead thread keeps its gap and does not block sibling recovery" classname="" time="0.004224" file="packages/adapter-discord/test/recovery.test.ts" line="370" assertions="3" />
    <testcase name="a known DM gap survives restart without a configured channel" classname="" time="0.002846" file="packages/adapter-discord/test/recovery.test.ts" line="411" assertions="3" />
    <testcase name="long gaps paginate forward and report truncation at the page bound" classname="" time="0.000174" file="packages/adapter-discord/test/recovery.test.ts" line="440" assertions="7" />
    <testcase name="a held tail candidate does not refetch the processed page prefix" classname="" time="0.000083" file="packages/adapter-discord/test/recovery.test.ts" line="463" assertions="3" />
    <testcase name="normalizes Discord Collections and delivers every page in ascending snowflake order" classname="" time="0.000086" file="packages/adapter-discord/test/recovery.test.ts" line="485" assertions="2" />
    <testcase name="bootstrap lookback bounds the first-run gap to 24h" classname="" time="0.000058" file="packages/adapter-discord/test/recovery.test.ts" line="514" assertions="2" />
    <testcase name="cursor file survives an interrupted persist without truncation" classname="" time="0.000907" file="packages/adapter-discord/test/recovery.test.ts" line="531" assertions="2" />
    <testcase name="live sends never advance the recovery watermark past an unrecovered gap" classname="" time="0.037725" file="packages/adapter-discord/test/recovery.test.ts" line="570" assertions="5" />
    <testcase name="unrecoverable watermarks are quarantined, bounded, and never deleted" classname="" time="0.012678" file="packages/adapter-discord/test/recovery.test.ts" line="610" assertions="4" />
    <testcase name="quarantine pruning uses insertion sequence, not JS key order" classname="" time="0.000995" file="packages/adapter-discord/test/recovery.test.ts" line="635" assertions="4" />
    <testcase name="skip-heavy gap keeps durable progress across the page bound" classname="" time="0.027595" file="packages/adapter-discord/test/recovery.test.ts" line="655" assertions="2" />
    <testcase name="a terminal message is discarded after the attempt threshold and dead-lettered" classname="" time="0.014615" file="packages/adapter-discord/test/recovery.test.ts" line="673" assertions="8" />
    <testcase name="repeated-page bail logs the cursor as unchanged instead of claiming progress" classname="" time="0.001978" file="packages/adapter-discord/test/recovery.test.ts" line="708" assertions="2" />
    <testcase name="an unreadable cursor store fails recovery closed and stays observable" classname="" time="0.000403" file="packages/adapter-discord/test/recovery.test.ts" line="732" assertions="2" />
    <testcase name="failure classification never guesses in favour of discarding" classname="" time="0.000098" file="packages/adapter-discord/test/recovery.test.ts" line="754" assertions="7" />
    <testcase name="a transient failure outlasting the in-pass budget neither advances nor discards" classname="" time="0.013284" file="packages/adapter-discord/test/recovery.test.ts" line="766" assertions="4" />
    <testcase name="an unclassifiable failure never advances the cursor and is never dead-lettered" classname="" time="0.013357" file="packages/adapter-discord/test/recovery.test.ts" line="782" assertions="3" />
    <testcase name="a scheduled retry that cannot proceed reschedules itself" classname="" time="1.20122" file="packages/adapter-discord/test/recovery.test.ts" line="796" assertions="3" />
    <testcase name="a channel dropped from config and re-added resumes from its quarantined watermark" classname="" time="0.036561" file="packages/adapter-discord/test/recovery.test.ts" line="810" assertions="3" />
    <testcase name="mass discards keep an audit digest after the dead-letter cap evicts records" classname="" time="1.098208" file="packages/adapter-discord/test/recovery.test.ts" line="830" assertions="6" />
    <testcase name="a contract-level invalid_params failure is never treated as message-specific" classname="" time="0.012614" file="packages/adapter-discord/test/recovery.test.ts" line="871" assertions="4" />
    <testcase name="a uniform terminal-looking failure across messages discards nothing" classname="" time="0.013242" file="packages/adapter-discord/test/recovery.test.ts" line="893" assertions="5" />
    <testcase name="a fresh acked for a later message in the same pass commits the held discard" classname="" time="0.01451" file="packages/adapter-discord/test/recovery.test.ts" line="913" assertions="4" />
    <testcase name="a throwing history fetch leaves other channels recovered and arms a retry" classname="" time="0.01294" file="packages/adapter-discord/test/recovery.test.ts" line="938" assertions="2" />
    <testcase name="a throwing history fetch is contained in the outcome instead of thrown" classname="" time="0.000156" file="packages/adapter-discord/test/recovery.test.ts" line="972" assertions="3" />
    <testcase name="one channel&apos;s unexpected throw leaves later channels recovered and arms a retry" classname="" time="0.011552" file="packages/adapter-discord/test/recovery.test.ts" line="986" assertions="2" />
    <testcase name="cross-pass accounting discards a message that alternates terminal and transient failures" classname="" time="0.005583" file="packages/adapter-discord/test/recovery.test.ts" line="1020" assertions="6" />
    <testcase name="dead-letter recording is idempotent per message id" classname="" time="0.000078" file="packages/adapter-discord/test/recovery.test.ts" line="1051" assertions="3" />
    <testcase name="a replayed discard after a crash does not double-count the dead letter" classname="" time="0.027884" file="packages/adapter-discord/test/recovery.test.ts" line="1067" assertions="3" />
    <testcase name="a duplicate from an already-acked id never authorizes a discard" classname="" time="0.025423" file="packages/adapter-discord/test/recovery.test.ts" line="1095" assertions="6" />
    <testcase name="a success from a previous pass does not authorize a discard in this pass" classname="" time="0.023889" file="packages/adapter-discord/test/recovery.test.ts" line="1128" assertions="3" />
    <testcase name="a repeated page never retries held candidates inside the same pass" classname="" time="0.000194" file="packages/adapter-discord/test/recovery.test.ts" line="1154" assertions="4" />
    <testcase name="ledger cap eviction preserves the active head-of-line entry" classname="" time="0.000307" file="packages/adapter-discord/test/recovery.test.ts" line="1194" assertions="7" />
    <testcase name="a channel that lost access is quarantined without blocking healthy recovery" classname="" time="0.014032" file="packages/adapter-discord/test/recovery.test.ts" line="1225" assertions="7" />
    <testcase name="gateway liveness monitor reconnects only after three consecutive status failures" classname="" time="0.000055" file="packages/adapter-discord/test/recovery.test.ts" line="1260" assertions="3" />
    <testcase name="a rejected engagement.reaction is logged, never a reconnect (live: 313 reconnects replaying one poisoned delivery)" classname="" time="0.021196" file="packages/adapter-discord/test/recovery.test.ts" line="1266" assertions="2" />
    <testcase name="typing begins only for addressed turns: an overheard public-channel turn stays invisible until it replies" classname="" time="0.000328" file="packages/adapter-discord/test/recovery.test.ts" line="1300" assertions="2" />
  </testsuite>
  <testsuite name="packages/adapter-discord/test/collab.test.ts" file="packages/adapter-discord/test/collab.test.ts" tests="8" assertions="15" failures="0" skipped="0" time="0.000508" hostname="MacBook-Pro-3.local">
    <testcase name="our own messages are ignored so the persona cannot answer itself" classname="" time="0.000042" file="packages/adapter-discord/test/collab.test.ts" line="18" assertions="1" />
    <testcase name="other bots are forwarded with bot identity for the gateway&apos;s canonical policy" classname="" time="0.000043" file="packages/adapter-discord/test/collab.test.ts" line="22" assertions="1" />
    <testcase name="adapter channel mode never fabricates a mention" classname="" time="0.000024" file="packages/adapter-discord/test/collab.test.ts" line="27" assertions="2" />
    <testcase name="a real mention addresses the bot for human and bot authors" classname="" time="0.000024" file="packages/adapter-discord/test/collab.test.ts" line="32" assertions="2" />
    <testcase name="a native reply to our message is addressed, including for a bot author" classname="" time="0.00004" file="packages/adapter-discord/test/collab.test.ts" line="41" assertions="4" />
    <testcase name="a native reply to somebody else is context, not an addressed signal" classname="" time="0.000015" file="packages/adapter-discord/test/collab.test.ts" line="60" assertions="2" />
    <testcase name="a message without an id is ignored" classname="" time="0.000005" file="packages/adapter-discord/test/collab.test.ts" line="73" assertions="1" />
    <testcase name="group is set for channel origins and unset for direct messages" classname="" time="0.000015" file="packages/adapter-discord/test/collab.test.ts" line="77" assertions="2" />
  </testsuite>
  <testsuite name="packages/adapter-discord/test/reactions.test.ts" file="packages/adapter-discord/test/reactions.test.ts" tests="16" assertions="60" failures="0" skipped="0" time="0.002368" hostname="MacBook-Pro-3.local">
    <testcase name="reacts with the allowlist unicode and never posts a message" classname="" time="0.000218" file="packages/adapter-discord/test/reactions.test.ts" line="17" assertions="4" />
    <testcase name="prefers a same-named custom guild emoji and caches the lookup, hit and miss alike" classname="" time="0.000082" file="packages/adapter-discord/test/reactions.test.ts" line="33" assertions="7" />
    <testcase name="a custom guild emoji is reacted with name:id and still posts nothing" classname="" time="0.000053" file="packages/adapter-discord/test/reactions.test.ts" line="49" assertions="3" />
    <testcase name="a guild lacking the named emoji degrades to unicode and never leaks emoji markup to send()" classname="" time="0.000046" file="packages/adapter-discord/test/reactions.test.ts" line="65" assertions="5" />
    <testcase name="a deleted target message fails definitively and never confirms" classname="" time="0.000103" file="packages/adapter-discord/test/reactions.test.ts" line="84" assertions="1" />
    <testcase name="a non-snowflake target Discord rejects with 50035 fails definitively (live: UUID target replayed 19 times)" classname="" time="0.000059" file="packages/adapter-discord/test/reactions.test.ts" line="110" assertions="3" />
    <testcase name="Discord 50035 Invalid Form Body is permanent: the same request would fail identically on every redelivery" classname="" time="0.000112" file="packages/adapter-discord/test/reactions.test.ts" line="143" assertions="1" />
    <testcase name="a channel that cannot hold reactions fails definitively" classname="" time="0.000062" file="packages/adapter-discord/test/reactions.test.ts" line="161" assertions="4" />
    <testcase name="a 429 carrying retry_after is retried through the injected sleep and then confirms" classname="" time="0.000067" file="packages/adapter-discord/test/reactions.test.ts" line="179" assertions="3" />
    <testcase name="a 429 that outlives the attempt bound reports a failed delivery" classname="" time="0.000081" file="packages/adapter-discord/test/reactions.test.ts" line="204" assertions="3" />
    <testcase name="a rejection without retry instructions is not retried" classname="" time="0.000043" file="packages/adapter-discord/test/reactions.test.ts" line="227" assertions="3" />
    <testcase name="reads the retry hint in the units each source actually uses" classname="" time="0.000051" file="packages/adapter-discord/test/reactions.test.ts" line="241" assertions="9" />
    <testcase name="spaces successive reactions on one channel by the self-imposed floor" classname="" time="0.000096" file="packages/adapter-discord/test/reactions.test.ts" line="257" assertions="3" />
    <testcase name="inbound reactions ignore our own bot and describe human adds and removes identically" classname="" time="0.00008" file="packages/adapter-discord/test/reactions.test.ts" line="286" assertions="4" />
    <testcase name="inbound reactions report a custom emoji as custom:name and drop unplaceable ones" classname="" time="0.000026" file="packages/adapter-discord/test/reactions.test.ts" line="313" assertions="5" />
    <testcase name="a DM reaction is not a group engagement and keeps the reactor as peer" classname="" time="0.00002" file="packages/adapter-discord/test/reactions.test.ts" line="328" assertions="2" />
  </testsuite>
  <testsuite name="packages/adapter-discord/test/voice.test.ts" file="packages/adapter-discord/test/voice.test.ts" tests="25" assertions="61" failures="0" skipped="0" time="0.044501" hostname="MacBook-Pro-3.local">
    <testcase name="readTranscript reports speech as speech and rejects everything unusable" classname="" time="0.000082" file="packages/adapter-discord/test/voice.test.ts" line="32" assertions="8" />
    <testcase name="a non-speech event becomes its own outcome, never speech" classname="" time="0.000085" file="packages/adapter-discord/test/voice.test.ts" line="50" assertions="7" />
    <testcase name="detection language and confidence ride along on a non-speech outcome" classname="" time="0.000011" file="packages/adapter-discord/test/voice.test.ts" line="69" assertions="1" />
    <testcase name="speech is kept even when the transcriber annotates an event alongside it" classname="" time="0.000008" file="packages/adapter-discord/test/voice.test.ts" line="78" assertions="2" />
    <testcase name="ordinary speech containing brackets is not mistaken for an event tag" classname="" time="0.000006" file="packages/adapter-discord/test/voice.test.ts" line="87" assertions="2" />
    <testcase name="speech is appended bare, as the speaker&apos;s own words" classname="" time="0.000024" file="packages/adapter-discord/test/voice.test.ts" line="92" assertions="1" />
    <testcase name="a non-speech outcome is reported in the adapter&apos;s bracket style, not as an utterance" classname="" time="0.000021" file="packages/adapter-discord/test/voice.test.ts" line="100" assertions="3" />
    <testcase name="withTranscript leaves the body untouched when there is no outcome at all" classname="" time="0.000004" file="packages/adapter-discord/test/voice.test.ts" line="110" assertions="1" />
    <testcase name="a voice message is fetched and transcribed" classname="" time="0.00035" file="packages/adapter-discord/test/voice.test.ts" line="114" assertions="4" />
    <testcase name="no language is pinned by default, because auto-detection handles mixed-language servers" classname="" time="0.000047" file="packages/adapter-discord/test/voice.test.ts" line="125" assertions="2" />
    <testcase name="a pinned language is forwarded when the operator asked for one" classname="" time="0.000031" file="packages/adapter-discord/test/voice.test.ts" line="133" assertions="1" />
    <testcase name="a failed attachment download fails open instead of losing the message" classname="" time="0.000033" file="packages/adapter-discord/test/voice.test.ts" line="139" assertions="2" />
    <testcase name="a quota failure is classified, safely logged, and marked in stored history" classname="" time="0.000427" file="packages/adapter-discord/test/voice.test.ts" line="146" assertions="9" />
    <testcase name="a thrown network error fails open" classname="" time="0.000088" file="packages/adapter-discord/test/voice.test.ts" line="171" assertions="1" />
    <testcase name="an empty attachment is not sent to speech-to-text at all" classname="" time="0.000038" file="packages/adapter-discord/test/voice.test.ts" line="176" assertions="2" />
    <testcase name="a malformed transcript response fails open" classname="" time="0.00003" file="packages/adapter-discord/test/voice.test.ts" line="182" assertions="1" />
    <testcase name="firstVoiceMessage finds the voice attachment and ignores ordinary uploads" classname="" time="0.000042" file="packages/adapter-discord/test/voice.test.ts" line="187" assertions="3" />
    <testcase name="transcription is skipped entirely when no voice config is present" classname="" time="0.00005" file="packages/adapter-discord/test/voice.test.ts" line="193" assertions="2" />
    <testcase name="a message without a voice attachment never calls the transcriber" classname="" time="0.000019" file="packages/adapter-discord/test/voice.test.ts" line="199" assertions="2" />
    <testcase name="a voice attachment with no url is skipped rather than fetched as undefined" classname="" time="0.000019" file="packages/adapter-discord/test/voice.test.ts" line="205" assertions="2" />
    <testcase name="a configured voice message is transcribed end to end" classname="" time="0.000037" file="packages/adapter-discord/test/voice.test.ts" line="211" assertions="1" />
    <testcase name="messages in one conversation keep arrival order even when the first one is slow" classname="" time="0.021196" file="packages/adapter-discord/test/voice.test.ts" line="221" assertions="1" />
    <testcase name="separate conversations are not serialized against each other" classname="" time="0.021132" file="packages/adapter-discord/test/voice.test.ts" line="235" assertions="1" />
    <testcase name="a failing task does not poison the chain for the messages behind it" classname="" time="0.000209" file="packages/adapter-discord/test/voice.test.ts" line="249" assertions="1" />
    <testcase name="drained conversations are forgotten so a long-lived adapter does not leak" classname="" time="0.000043" file="packages/adapter-discord/test/voice.test.ts" line="262" assertions="1" />
  </testsuite>
  <testsuite name="packages/adapter-discord/test/voice-config.test.ts" file="packages/adapter-discord/test/voice-config.test.ts" tests="9" assertions="16" failures="0" skipped="0" time="0.013318" hostname="MacBook-Pro-3.local">
    <testcase name="an omitted voice section leaves transcription off instead of failing startup" classname="" time="0.001328" file="packages/adapter-discord/test/voice-config.test.ts" line="16" assertions="1" />
    <testcase name="the voice key is read from its file and the path is resolved against the config" classname="" time="0.000886" file="packages/adapter-discord/test/voice-config.test.ts" line="25" assertions="3" />
    <testcase name="optional voice fields are carried through when set" classname="" time="0.00074" file="packages/adapter-discord/test/voice-config.test.ts" line="38" assertions="1" />
    <testcase name="a voice section without an apiKeyFile is a startup error, not a silent downgrade" classname="" time="0.000875" file="packages/adapter-discord/test/voice-config.test.ts" line="58" assertions="1" />
    <testcase name="a blank apiKeyFile is rejected" classname="" time="0.000811" file="packages/adapter-discord/test/voice-config.test.ts" line="67" assertions="1" />
    <testcase name="an unreadable key file is a startup error naming the field to fix" classname="" time="0.000695" file="packages/adapter-discord/test/voice-config.test.ts" line="76" assertions="1" />
    <testcase name="an empty key file is a startup error rather than an empty auth header" classname="" time="0.000837" file="packages/adapter-discord/test/voice-config.test.ts" line="85" assertions="1" />
    <testcase name="non-string voice fields are rejected" classname="" time="0.002576" file="packages/adapter-discord/test/voice-config.test.ts" line="94" assertions="3" />
    <testcase name="a non-positive or fractional timeout is rejected" classname="" time="0.003733" file="packages/adapter-discord/test/voice-config.test.ts" line="105" assertions="4" />
  </testsuite>
  <testsuite name="packages/adapter-discord/test/cli.test.ts" file="packages/adapter-discord/test/cli.test.ts" tests="12" assertions="28" failures="0" skipped="0" time="0.320601" hostname="MacBook-Pro-3.local">
    <testsuite name="argv is resolved before any connection work" file="packages/adapter-discord/test/cli.test.ts" line="8" tests="3" assertions="8" failures="0" skipped="0" time="0" hostname="MacBook-Pro-3.local">
      <testcase name="no arguments still runs the adapter" classname="argv is resolved before any connection work" time="0.000102" file="packages/adapter-discord/test/cli.test.ts" line="9" assertions="1" />
      <testcase name="--help and --version short-circuit" classname="argv is resolved before any connection work" time="0.00002" file="packages/adapter-discord/test/cli.test.ts" line="13" assertions="4" />
      <testcase name="anything else is a usage error naming the offending argument" classname="argv is resolved before any connection work" time="0.000018" file="packages/adapter-discord/test/cli.test.ts" line="20" assertions="3" />
    </testsuite>
    <testsuite name="the binary answers --help without booting an adapter" file="packages/adapter-discord/test/cli.test.ts" line="28" tests="3" assertions="9" failures="0" skipped="0" time="0.312" hostname="MacBook-Pro-3.local">
      <testcase name="--help prints usage on stdout and exits 0" classname="the binary answers --help without booting an adapter" time="0.10691" file="packages/adapter-discord/test/cli.test.ts" line="50" assertions="3" />
      <testcase name="--version prints the package version and exits 0" classname="the binary answers --help without booting an adapter" time="0.097433" file="packages/adapter-discord/test/cli.test.ts" line="56" assertions="3" />
      <testcase name="an unknown flag exits non-zero with usage on stderr" classname="the binary answers --help without booting an adapter" time="0.10902" file="packages/adapter-discord/test/cli.test.ts" line="62" assertions="3" />
    </testsuite>
    <testsuite name="a second adapter instance refuses to boot" file="packages/adapter-discord/test/cli.test.ts" line="69" tests="6" assertions="11" failures="0" skipped="0" time="0.005" hostname="MacBook-Pro-3.local">
      <testcase name="the first instance records its pid in the home" classname="a second adapter instance refuses to boot" time="0.001491" file="packages/adapter-discord/test/cli.test.ts" line="79" assertions="2" />
      <testcase name="a second instance is refused while the holder is alive" classname="a second adapter instance refuses to boot" time="0.001119" file="packages/adapter-discord/test/cli.test.ts" line="87" assertions="3" />
      <testcase name="a pidfile from a dead process is reclaimed, not a permanent block" classname="a second adapter instance refuses to boot" time="0.001121" file="packages/adapter-discord/test/cli.test.ts" line="98" assertions="1" />
      <testcase name="an unparseable pidfile is stale, not a live holder" classname="a second adapter instance refuses to boot" time="0.001078" file="packages/adapter-discord/test/cli.test.ts" line="106" assertions="1" />
      <testcase name="release drops the lock, and only when this process still holds it" classname="a second adapter instance refuses to boot" time="0.001134" file="packages/adapter-discord/test/cli.test.ts" line="119" assertions="2" />
      <testcase name="liveness of this very process is observable, an absurd pid is not" classname="a second adapter instance refuses to boot" time="0.000093" file="packages/adapter-discord/test/cli.test.ts" line="130" assertions="2" />
    </testsuite>
  </testsuite>
  <testsuite name="packages/adapter-discord/test/speech.test.ts" file="packages/adapter-discord/test/speech.test.ts" tests="30" assertions="69" failures="0" skipped="0" time="0.00285" hostname="MacBook-Pro-3.local">
    <testcase name="spoken text drops what is noise when read aloud" classname="" time="0.000132" file="packages/adapter-discord/test/speech.test.ts" line="31" assertions="4" />
    <testcase name="a fenced code block is removed whole, not left as loose lines" classname="" time="0.000009" file="packages/adapter-discord/test/speech.test.ts" line="38" assertions="1" />
    <testcase name="table and heading markers do not get read as punctuation" classname="" time="0.000008" file="packages/adapter-discord/test/speech.test.ts" line="42" assertions="1" />
    <testcase name="spoken text is capped, and the cut prefers a sentence boundary" classname="" time="0.000028" file="packages/adapter-discord/test/speech.test.ts" line="46" assertions="2" />
    <testcase name="a cap with no nearby boundary still cuts rather than overrunning" classname="" time="0.000009" file="packages/adapter-discord/test/speech.test.ts" line="54" assertions="1" />
    <testcase name="duration comes from the Ogg granule position, needing no decoder" classname="" time="0.000061" file="packages/adapter-discord/test/speech.test.ts" line="59" assertions="4" />
    <testcase name="synthesis posts the spoken text and returns audio with a duration" classname="" time="0.000314" file="packages/adapter-discord/test/speech.test.ts" line="66" assertions="4" />
    <testcase name="a waveform is always produced, flat when no decoder is wired" classname="" time="0.000056" file="packages/adapter-discord/test/speech.test.ts" line="78" assertions="2" />
    <testcase name="a wired decoder produces real peaks instead of the flat bar" classname="" time="0.000235" file="packages/adapter-discord/test/speech.test.ts" line="86" assertions="1" />
    <testcase name="a decoder that throws costs the bar, never the voice message" classname="" time="0.000069" file="packages/adapter-discord/test/speech.test.ts" line="93" assertions="2" />
    <testcase name="a bare 401 is an authentication failure and synthesis still fails open" classname="" time="0.000056" file="packages/adapter-discord/test/speech.test.ts" line="107" assertions="2" />
    <testcase name="a bare 429 is classified separately from quota exhaustion" classname="" time="0.000054" file="packages/adapter-discord/test/speech.test.ts" line="116" assertions="2" />
    <testcase name="a malformed provider error body is not copied into logs" classname="" time="0.000058" file="packages/adapter-discord/test/speech.test.ts" line="123" assertions="4" />
    <testcase name="secret-like provider codes are replaced rather than logged" classname="" time="0.000055" file="packages/adapter-discord/test/speech.test.ts" line="134" assertions="3" />
    <testcase name="synthesis fails open on a thrown network error and on empty audio" classname="" time="0.000138" file="packages/adapter-discord/test/speech.test.ts" line="144" assertions="2" />
    <testcase name="audio with no readable duration is declined rather than posted as a broken voice message" classname="" time="0.000061" file="packages/adapter-discord/test/speech.test.ts" line="151" assertions="1" />
    <testcase name="a reply that is entirely urls and markup has nothing to say and is not billed" classname="" time="0.000137" file="packages/adapter-discord/test/speech.test.ts" line="156" assertions="2" />
    <testcase name="speech ports never inherit the speech-to-text endpoint, model or timeout" classname="" time="0.000107" file="packages/adapter-discord/test/speech.test.ts" line="164" assertions="4" />
    <testcase name="speech-side settings are carried through under their own names" classname="" time="0.000036" file="packages/adapter-discord/test/speech.test.ts" line="179" assertions="1" />
    <testcase name="no voice config means no speech ports, so voiceText is simply ignored" classname="" time="0.000005" file="packages/adapter-discord/test/speech.test.ts" line="200" assertions="1" />
    <testcase name="an unterminated code fence is removed to the end, leaving no stray backtick" classname="" time="0.000028" file="packages/adapter-discord/test/speech.test.ts" line="207" assertions="2" />
    <testcase name="closed fences are still removed and surrounding prose survives" classname="" time="0.000014" file="packages/adapter-discord/test/speech.test.ts" line="212" assertions="1" />
    <testcase name="the cap never leaves a lone surrogate" classname="" time="0.00005" file="packages/adapter-discord/test/speech.test.ts" line="218" assertions="11" />
    <testcase name="markup-heavy input does not backtrack pathologically" classname="" time="0.000053" file="packages/adapter-discord/test/speech.test.ts" line="227" assertions="1" />
    <testcase name="a long reply is spoken in full when no cap is configured" classname="" time="0.000021" file="packages/adapter-discord/test/speech.test.ts" line="237" assertions="1" />
    <testcase name="an explicitly configured cap still applies" classname="" time="0.000025" file="packages/adapter-discord/test/speech.test.ts" line="242" assertions="1" />
    <testcase name="synthesis sends the whole reply when uncapped" classname="" time="0.000108" file="packages/adapter-discord/test/speech.test.ts" line="246" assertions="2" />
    <testcase name="speech is sent at the provider&apos;s maximum speed by default" classname="" time="0.000049" file="packages/adapter-discord/test/speech.test.ts" line="257" assertions="1" />
    <testcase name="a configured speed is forwarded" classname="" time="0.00004" file="packages/adapter-discord/test/speech.test.ts" line="263" assertions="1" />
    <testcase name="an out-of-range speed is clamped rather than losing the voice reply" classname="" time="0.000039" file="packages/adapter-discord/test/speech.test.ts" line="271" assertions="4" />
  </testsuite>
  <testsuite name="packages/admin/test/audit.test.ts" file="packages/admin/test/audit.test.ts" tests="7" assertions="8" failures="0" skipped="0" time="0.00625" hostname="MacBook-Pro-3.local">
    <testsuite name="memoryAuditLog" file="packages/admin/test/audit.test.ts" line="30" tests="2" assertions="2" failures="0" skipped="0" time="0" hostname="MacBook-Pro-3.local">
      <testcase name="returns the tail newest first" classname="memoryAuditLog" time="0.000131" file="packages/admin/test/audit.test.ts" line="31" assertions="1" />
      <testcase name="honours the limit" classname="memoryAuditLog" time="0.000063" file="packages/admin/test/audit.test.ts" line="38" assertions="1" />
    </testsuite>
    <testsuite name="jsonlAuditLog" file="packages/admin/test/audit.test.ts" line="45" tests="5" assertions="6" failures="0" skipped="0" time="0.002" hostname="MacBook-Pro-3.local">
      <testcase name="an absent file is an empty trail, not an error" classname="jsonlAuditLog" time="0.000506" file="packages/admin/test/audit.test.ts" line="46" assertions="1" />
      <testcase name="creates its directory and round-trips an entry" classname="jsonlAuditLog" time="0.000744" file="packages/admin/test/audit.test.ts" line="51" assertions="1" />
      <testcase name="concurrent appends never interleave partial lines" classname="jsonlAuditLog" time="0.002135" file="packages/admin/test/audit.test.ts" line="58" assertions="2" />
      <testcase name="a truncated final line does not hide the rest of the trail" classname="jsonlAuditLog" time="0.000498" file="packages/admin/test/audit.test.ts" line="67" assertions="1" />
      <testcase name="a rejected attempt is recorded with its reason: the trail is the point" classname="jsonlAuditLog" time="0.000599" file="packages/admin/test/audit.test.ts" line="74" assertions="1" />
    </testsuite>
  </testsuite>
  <testsuite name="packages/admin/test/cron.test.ts" file="packages/admin/test/cron.test.ts" tests="12" assertions="26" failures="0" skipped="0" time="0.00323" hostname="MacBook-Pro-3.local">
    <testsuite name="parseCron" file="packages/admin/test/cron.test.ts" line="9" tests="5" assertions="18" failures="0" skipped="0" time="0" hostname="MacBook-Pro-3.local">
      <testcase name="rejects anything that is not five fields" classname="parseCron" time="0.000071" file="packages/admin/test/cron.test.ts" line="10" assertions="3" />
      <testcase name="rejects out-of-range and inverted ranges rather than guessing" classname="parseCron" time="0.000152" file="packages/admin/test/cron.test.ts" line="16" assertions="6" />
      <testcase name="expands lists, ranges and steps" classname="parseCron" time="0.000053" file="packages/admin/test/cron.test.ts" line="25" assertions="3" />
      <testcase name="accepts day and month names, and folds Sunday-as-7 onto 0" classname="parseCron" time="0.000041" file="packages/admin/test/cron.test.ts" line="32" assertions="3" />
      <testcase name="notices when both day fields are restricted" classname="parseCron" time="0.000061" file="packages/admin/test/cron.test.ts" line="38" assertions="3" />
    </testsuite>
    <testsuite name="nextCronFire" file="packages/admin/test/cron.test.ts" line="45" tests="7" assertions="8" failures="0" skipped="0" time="0.001" hostname="MacBook-Pro-3.local">
      <testcase name="finds the next matching minute, strictly after the given instant" classname="nextCronFire" time="0.001474" file="packages/admin/test/cron.test.ts" line="46" assertions="1" />
      <testcase name="never returns the instant it was given" classname="nextCronFire" time="0.000035" file="packages/admin/test/cron.test.ts" line="52" assertions="1" />
      <testcase name="rolls to the next weekday across a weekend" classname="nextCronFire" time="0.000025" file="packages/admin/test/cron.test.ts" line="57" assertions="1" />
      <testcase name="rolls across a month and a year boundary" classname="nextCronFire" time="0.000019" file="packages/admin/test/cron.test.ts" line="63" assertions="2" />
      <testcase name="treats a restricted day-of-month and day-of-week as a union, as cron does" classname="nextCronFire" time="0.000014" file="packages/admin/test/cron.test.ts" line="72" assertions="1" />
      <testcase name="returns null for an unparseable schedule instead of a plausible lie" classname="nextCronFire" time="0.000005" file="packages/admin/test/cron.test.ts" line="79" assertions="1" />
      <testcase name="returns null rather than spinning on a schedule that can never fire" classname="nextCronFire" time="0.000013" file="packages/admin/test/cron.test.ts" line="83" assertions="1" />
    </testsuite>
  </testsuite>
  <testsuite name="packages/admin/test/format.test.ts" file="packages/admin/test/format.test.ts" tests="17" assertions="34" failures="0" skipped="0" time="0.002954" hostname="MacBook-Pro-3.local">
    <testsuite name="formatDuration" file="packages/admin/test/format.test.ts" line="14" tests="3" assertions="9" failures="0" skipped="0" time="0" hostname="MacBook-Pro-3.local">
      <testcase name="shows at most two units" classname="formatDuration" time="0.00003" file="packages/admin/test/format.test.ts" line="15" assertions="4" />
      <testcase name="drops a zero trailing unit, because 5m is what a person says" classname="formatDuration" time="0.000007" file="packages/admin/test/format.test.ts" line="22" assertions="4" />
      <testcase name="never renders a negative age" classname="formatDuration" time="0.000003" file="packages/admin/test/format.test.ts" line="29" assertions="1" />
    </testsuite>
    <testsuite name="shortId" file="packages/admin/test/format.test.ts" line="34" tests="1" assertions="2" failures="0" skipped="0" time="0" hostname="MacBook-Pro-3.local">
      <testcase name="keeps both ends of a long id and leaves a short one alone" classname="shortId" time="0.000014" file="packages/admin/test/format.test.ts" line="35" assertions="2" />
    </testsuite>
    <testsuite name="originLabel" file="packages/admin/test/format.test.ts" line="41" tests="5" assertions="5" failures="0" skipped="0" time="0" hostname="MacBook-Pro-3.local">
      <testcase name="names {&quot;platform&quot;:&quot;loopback&quot;,&quot;kind&quot;:&quot;loopback&quot;,&quot;conversationId&quot;:&quot;loopback&quot;} plainly" classname="originLabel" time="0.000015" file="packages/admin/test/format.test.ts" line="52" assertions="1" />
      <testcase name="names {&quot;platform&quot;:&quot;discord&quot;,&quot;kind&quot;:&quot;dm&quot;,&quot;conversationId&quot;:&quot;1468535438498336923&quot;,&quot;peerId&quot;:&quot;660473980301344768&quot;} plainly" classname="originLabel" time="0.000003" file="packages/admin/test/format.test.ts" line="52" assertions="1" />
      <testcase name="names {&quot;platform&quot;:&quot;discord&quot;,&quot;kind&quot;:&quot;channel&quot;,&quot;conversationId&quot;:&quot;1493635653441945762&quot;} plainly" classname="originLabel" time="0.000001" file="packages/admin/test/format.test.ts" line="52" assertions="1" />
      <testcase name="names {&quot;platform&quot;:&quot;monitor&quot;,&quot;kind&quot;:&quot;eventtype&quot;,&quot;conversationId&quot;:&quot;review.due&quot;} plainly" classname="originLabel" time="0" file="packages/admin/test/format.test.ts" line="52" assertions="1" />
      <testcase name="an origin kind this protocol copy does not know is still named from its own fields" classname="originLabel" time="0.000006" file="packages/admin/test/format.test.ts" line="56" assertions="1" />
    </testsuite>
    <testsuite name="originId" file="packages/admin/test/format.test.ts" line="64" tests="2" assertions="3" failures="0" skipped="0" time="0" hostname="MacBook-Pro-3.local">
      <testcase name="uses the canonical key when the origin is valid" classname="originId" time="0.000076" file="packages/admin/test/format.test.ts" line="65" assertions="2" />
      <testcase name="falls back to the same deterministic shape instead of throwing" classname="originId" time="0.000027" file="packages/admin/test/format.test.ts" line="70" assertions="1" />
    </testsuite>
    <testsuite name="cronSummary" file="packages/admin/test/format.test.ts" line="77" tests="3" assertions="6" failures="0" skipped="0" time="0" hostname="MacBook-Pro-3.local">
      <testcase name="says a simple schedule in words" classname="cronSummary" time="0.000089" file="packages/admin/test/format.test.ts" line="78" assertions="4" />
      <testcase name="shows the expression verbatim rather than guessing at a complex one" classname="cronSummary" time="0.000008" file="packages/admin/test/format.test.ts" line="85" assertions="1" />
      <testcase name="marks an unparseable schedule instead of pretending to understand it" classname="cronSummary" time="0.000005" file="packages/admin/test/format.test.ts" line="89" assertions="1" />
    </testsuite>
    <testsuite name="triggerSummary" file="packages/admin/test/format.test.ts" line="94" tests="1" assertions="4" failures="0" skipped="0" time="0" hostname="MacBook-Pro-3.local">
      <testcase name="names what makes a monitor fire, whatever its kind" classname="triggerSummary" time="0.000035" file="packages/admin/test/format.test.ts" line="95" assertions="4" />
    </testsuite>
    <testsuite name="counts" file="packages/admin/test/format.test.ts" line="103" tests="2" assertions="5" failures="0" skipped="0" time="0" hostname="MacBook-Pro-3.local">
      <testcase name="thousands are separated, because 3240 and 32400 look alike" classname="counts" time="0.00074" file="packages/admin/test/format.test.ts" line="104" assertions="1" />
      <testcase name="plurals are explicit, so no panel ever says 2 replys" classname="counts" time="0.000075" file="packages/admin/test/format.test.ts" line="108" assertions="4" />
    </testsuite>
  </testsuite>
  <testsuite name="packages/admin/test/turns.test.ts" file="packages/admin/test/turns.test.ts" tests="12" assertions="26" failures="0" skipped="0" time="0.001969" hostname="MacBook-Pro-3.local">
    <testsuite name="TurnTracker" file="packages/admin/test/turns.test.ts" line="25" tests="12" assertions="26" failures="0" skipped="0" time="0" hostname="MacBook-Pro-3.local">
      <testcase name="a progress heartbeat creates a running turn with the reported evidence" classname="TurnTracker" time="0.000167" file="packages/admin/test/turns.test.ts" line="26" assertions="4" />
      <testcase name="the start time is derived from the reported elapsed, not from first sight" classname="TurnTracker" time="0.000022" file="packages/admin/test/turns.test.ts" line="37" assertions="1" />
      <testcase name="liveness expires after three missed heartbeats and the counters are kept" classname="TurnTracker" time="0.000025" file="packages/admin/test/turns.test.ts" line="44" assertions="4" />
      <testcase name="only a final message terminates a turn" classname="TurnTracker" time="0.000066" file="packages/admin/test/turns.test.ts" line="57" assertions="5" />
      <testcase name="a silence token is a distinct outcome from a reply" classname="TurnTracker" time="0.000014" file="packages/admin/test/turns.test.ts" line="68" assertions="1" />
      <testcase name="a bracket-insensitive silence token is still silence" classname="TurnTracker" time="0.000009" file="packages/admin/test/turns.test.ts" line="74" assertions="1" />
      <testcase name="a ledgered turn failure is a distinct outcome" classname="TurnTracker" time="0.000007" file="packages/admin/test/turns.test.ts" line="80" assertions="1" />
      <testcase name="a final message for a turn never seen in flight is marked unobserved" classname="TurnTracker" time="0.000014" file="packages/admin/test/turns.test.ts" line="86" assertions="1" />
      <testcase name="a turn seen in flight keeps its observed counters through the final message" classname="TurnTracker" time="0.000011" file="packages/admin/test/turns.test.ts" line="93" assertions="1" />
      <testcase name="finished turns persist for ten minutes and then leave" classname="TurnTracker" time="0.000035" file="packages/admin/test/turns.test.ts" line="100" assertions="4" />
      <testcase name="live turns sort oldest first and finished turns newest first, after them" classname="TurnTracker" time="0.000035" file="packages/admin/test/turns.test.ts" line="112" assertions="1" />
      <testcase name="clear() forgets everything: after a stream drop nothing known is live" classname="TurnTracker" time="0.000012" file="packages/admin/test/turns.test.ts" line="123" assertions="2" />
    </testsuite>
  </testsuite>
  <testsuite name="packages/admin/test/gate.test.ts" file="packages/admin/test/gate.test.ts" tests="15" assertions="54" failures="0" skipped="0" time="0.001909" hostname="MacBook-Pro-3.local">
    <testsuite name="DEFAULT_ALLOWLIST" file="packages/admin/test/gate.test.ts" line="16" tests="5" assertions="38" failures="0" skipped="0" time="0" hostname="MacBook-Pro-3.local">
      <testcase name="never contains an outbound-message operation" classname="DEFAULT_ALLOWLIST" time="0.000021" file="packages/admin/test/gate.test.ts" line="17" assertions="2" />
      <testcase name="every entry maps to a concrete gateway method and declares its blast radius" classname="DEFAULT_ALLOWLIST" time="0.000025" file="packages/admin/test/gate.test.ts" line="22" assertions="15" />
      <testcase name="only a destructive operation demands a typed target name" classname="DEFAULT_ALLOWLIST" time="0.000019" file="packages/admin/test/gate.test.ts" line="30" assertions="2" />
      <testcase name="a low-severity operation adds no ceremony that cannot fail" classname="DEFAULT_ALLOWLIST" time="0.000024" file="packages/admin/test/gate.test.ts" line="39" assertions="2" />
      <testcase name="every required field is typed, so no operator types json" classname="DEFAULT_ALLOWLIST" time="0.000081" file="packages/admin/test/gate.test.ts" line="45" assertions="17" />
    </testsuite>
    <testsuite name="MutationGate" file="packages/admin/test/gate.test.ts" line="58" tests="10" assertions="16" failures="0" skipped="0" time="0" hostname="MacBook-Pro-3.local">
      <testcase name="allows an allowlisted, confirmed, attributed mutation" classname="MutationGate" time="0.000169" file="packages/admin/test/gate.test.ts" line="59" assertions="2" />
      <testcase name="rejects an operation outside the allowlist with 404" classname="MutationGate" time="0.000063" file="packages/admin/test/gate.test.ts" line="72" assertions="1" />
      <testcase name="requires an actor" classname="MutationGate" time="0.000022" file="packages/admin/test/gate.test.ts" line="78" assertions="1" />
      <testcase name="treats a whitespace actor as anonymous" classname="MutationGate" time="0.000025" file="packages/admin/test/gate.test.ts" line="84" assertions="1" />
      <testcase name="requires the confirmation to echo the operation id" classname="MutationGate" time="0.000029" file="packages/admin/test/gate.test.ts" line="94" assertions="2" />
      <testcase name="audits rejections with the reason" classname="MutationGate" time="0.000047" file="packages/admin/test/gate.test.ts" line="104" assertions="2" />
      <testcase name="a disabled deployment refuses before allowlist evaluation" classname="MutationGate" time="0.000045" file="packages/admin/test/gate.test.ts" line="112" assertions="3" />
      <testcase name="a custom allowlist replaces the default entirely" classname="MutationGate" time="0.000045" file="packages/admin/test/gate.test.ts" line="124" assertions="2" />
      <testcase name="params are recorded in the audit trail" classname="MutationGate" time="0.000032" file="packages/admin/test/gate.test.ts" line="134" assertions="1" />
      <testcase name="record() lets a stricter surrounding check write its own rejection" classname="MutationGate" time="0.000046" file="packages/admin/test/gate.test.ts" line="145" assertions="1" />
    </testsuite>
  </testsuite>
  <testsuite name="packages/admin/test/view.test.ts" file="packages/admin/test/view.test.ts" tests="26" assertions="75" failures="0" skipped="0" time="0.008933" hostname="MacBook-Pro-3.local">
    <testsuite name="status bar" file="packages/admin/test/view.test.ts" line="37" tests="5" assertions="13" failures="0" skipped="0" time="0.001" hostname="MacBook-Pro-3.local">
      <testcase name="answers alive, sessions, working and needs-me in that order" classname="status bar" time="0.001117" file="packages/admin/test/view.test.ts" line="38" assertions="2" />
      <testcase name="carries no diagnostics: pid and schemaVersion are not glance-level facts" classname="status bar" time="0.000221" file="packages/admin/test/view.test.ts" line="52" assertions="2" />
      <testcase name="an unreachable gateway says so instead of showing a stale-looking alive" classname="status bar" time="0.000169" file="packages/admin/test/view.test.ts" line="59" assertions="4" />
      <testcase name="delivery pressure is stated with an age, not a bare count" classname="status bar" time="0.000215" file="packages/admin/test/view.test.ts" line="71" assertions="3" />
      <testcase name="a gateway without a delivery ledger says the ledger is unreported, not zero" classname="status bar" time="0.000152" file="packages/admin/test/view.test.ts" line="80" assertions="2" />
    </testsuite>
    <testsuite name="panels" file="packages/admin/test/view.test.ts" line="87" tests="6" assertions="23" failures="0" skipped="0" time="0" hostname="MacBook-Pro-3.local">
      <testcase name="every panel carries a designed note, never a blank box" classname="panels" time="0.000173" file="packages/admin/test/view.test.ts" line="88" assertions="10" />
      <testcase name="an empty attention queue is a designed sentence, not an absence" classname="panels" time="0.000135" file="packages/admin/test/view.test.ts" line="96" assertions="2" />
      <testcase name="a failed read degrades one panel and leaves the rest correct" classname="panels" time="0.000128" file="packages/admin/test/view.test.ts" line="102" assertions="4" />
      <testcase name="an empty session list reads as a sentence" classname="panels" time="0.00011" file="packages/admin/test/view.test.ts" line="114" assertions="2" />
      <testcase name="the conversation panel is blocked and names the gap rather than inventing data" classname="panels" time="0.000187" file="packages/admin/test/view.test.ts" line="120" assertions="3" />
      <testcase name="the live-work panel declares that it cannot backfill turns it did not witness" classname="panels" time="0.000153" file="packages/admin/test/view.test.ts" line="127" assertions="2" />
    </testsuite>
    <testsuite name="session rows" file="packages/admin/test/view.test.ts" line="134" tests="5" assertions="13" failures="0" skipped="0" time="0" hostname="MacBook-Pro-3.local">
      <testcase name="origins are humanised structurally, never dumped verbatim" classname="session rows" time="0.000173" file="packages/admin/test/view.test.ts" line="135" assertions="2" />
      <testcase name="the full origin key stays available as the row&apos;s identity" classname="session rows" time="0.000318" file="packages/admin/test/view.test.ts" line="141" assertions="2" />
      <testcase name="a session that never spoke says so rather than showing an epoch-zero age" classname="session rows" time="0.000344" file="packages/admin/test/view.test.ts" line="147" assertions="2" />
      <testcase name="an origin the protocol copy does not know is still rendered, not fatal" classname="session rows" time="0.000179" file="packages/admin/test/view.test.ts" line="153" assertions="3" />
      <testcase name="a row that cannot be projected degrades its own panel and keeps the others" classname="session rows" time="0.000168" file="packages/admin/test/view.test.ts" line="174" assertions="4" />
    </testsuite>
    <testsuite name="monitor rows" file="packages/admin/test/view.test.ts" line="194" tests="5" assertions="13" failures="0" skipped="0" time="0" hostname="MacBook-Pro-3.local">
      <testcase name="a cron is summarised as a sentence with a computed next fire" classname="monitor rows" time="0.000184" file="packages/admin/test/view.test.ts" line="195" assertions="6" />
      <testcase name="a disabled monitor says it will not fire instead of showing a next time" classname="monitor rows" time="0.000142" file="packages/admin/test/view.test.ts" line="206" assertions="2" />
      <testcase name="a monitor that never fired says so rather than showing a bogus outcome" classname="monitor rows" time="0.000151" file="packages/admin/test/view.test.ts" line="215" assertions="2" />
      <testcase name="a monitor whose events could not be read admits it instead of claiming health" classname="monitor rows" time="0.000155" file="packages/admin/test/view.test.ts" line="221" assertions="1" />
      <testcase name="a failed last event colours the row danger" classname="monitor rows" time="0.000325" file="packages/admin/test/view.test.ts" line="230" assertions="2" />
    </testsuite>
    <testsuite name="raw results" file="packages/admin/test/view.test.ts" line="239" tests="1" assertions="3" failures="0" skipped="0" time="0" hostname="MacBook-Pro-3.local">
      <testcase name="the raw protocol payloads exist, but only under the raw key" classname="raw results" time="0.000203" file="packages/admin/test/view.test.ts" line="240" assertions="3" />
    </testsuite>
    <testsuite name="buildMonitorConsequence" file="packages/admin/test/view.test.ts" line="249" tests="4" assertions="10" failures="0" skipped="0" time="0" hostname="MacBook-Pro-3.local">
      <testcase name="names the target and its real facts, computed from a live read" classname="buildMonitorConsequence" time="0.000537" file="packages/admin/test/view.test.ts" line="250" assertions="6" />
      <testcase name="counts only the last seven days, and says when the count is bounded" classname="buildMonitorConsequence" time="0.000159" file="packages/admin/test/view.test.ts" line="267" assertions="2" />
      <testcase name="a monitor with no recent events says nothing fired rather than omitting the row" classname="buildMonitorConsequence" time="0.000112" file="packages/admin/test/view.test.ts" line="287" assertions="1" />
      <testcase name="a monitor with no channel target says nowhere, not an empty cell" classname="buildMonitorConsequence" time="0.000111" file="packages/admin/test/view.test.ts" line="297" assertions="1" />
    </testsuite>
  </testsuite>
  <testsuite name="packages/admin/test/stream.test.ts" file="packages/admin/test/stream.test.ts" tests="8" assertions="15" failures="0" skipped="0" time="0.00088" hostname="MacBook-Pro-3.local">
    <testsuite name="StreamHub" file="packages/admin/test/stream.test.ts" line="22" tests="8" assertions="15" failures="0" skipped="0" time="0" hostname="MacBook-Pro-3.local">
      <testcase name="a client is greeted with a retry interval and a full snapshot" classname="StreamHub" time="0.000265" file="packages/admin/test/stream.test.ts" line="23" assertions="3" />
      <testcase name="an unreachable gateway backs the reconnect interval off instead of hammering it" classname="StreamHub" time="0.000036" file="packages/admin/test/stream.test.ts" line="35" assertions="1" />
      <testcase name="event ids are monotonic, so a client can tell it missed something" classname="StreamHub" time="0.000036" file="packages/admin/test/stream.test.ts" line="44" assertions="1" />
      <testcase name="broadcasting with nobody connected is a no-op, not an error" classname="StreamHub" time="0.000023" file="packages/admin/test/stream.test.ts" line="55" assertions="2" />
      <testcase name="reconciling with nobody connected does not read the snapshot" classname="StreamHub" time="0.000036" file="packages/admin/test/stream.test.ts" line="62" assertions="1" />
      <testcase name="a broadcast reaches every connected client" classname="StreamHub" time="0.000103" file="packages/admin/test/stream.test.ts" line="76" assertions="3" />
      <testcase name="the response advertises an unbuffered event stream" classname="StreamHub" time="0.000027" file="packages/admin/test/stream.test.ts" line="98" assertions="3" />
      <testcase name="data frames are single-line json, so no payload can break the framing" classname="StreamHub" time="0.000042" file="packages/admin/test/stream.test.ts" line="107" assertions="1" />
    </testsuite>
  </testsuite>
  <testsuite name="packages/admin/test/shared-source.test.ts" file="packages/admin/test/shared-source.test.ts" tests="4" assertions="45" failures="0" skipped="0" time="0.002595" hostname="MacBook-Pro-3.local">
    <testsuite name="the shipped helpers are the server&apos;s own" file="packages/admin/test/shared-source.test.ts" line="58" tests="4" assertions="45" failures="0" skipped="0" time="0" hostname="MacBook-Pro-3.local">
      <testcase name="the page carries no second, hand-written duration algorithm" classname="the shipped helpers are the server&apos;s own" time="0.000749" file="packages/admin/test/shared-source.test.ts" line="59" assertions="3" />
      <testcase name="formatDuration agrees with the server across the whole shape of the scale" classname="the shipped helpers are the server&apos;s own" time="0.000421" file="packages/admin/test/shared-source.test.ts" line="67" assertions="25" />
      <testcase name="relative agrees with the server, including the just-now floor and a bad date" classname="the shipped helpers are the server&apos;s own" time="0.000291" file="packages/admin/test/shared-source.test.ts" line="99" assertions="9" />
      <testcase name="the clock helpers agree with the server" classname="the shipped helpers are the server&apos;s own" time="0.000254" file="packages/admin/test/shared-source.test.ts" line="109" assertions="8" />
    </testsuite>
  </testsuite>
  <testsuite name="packages/admin/test/ui.test.ts" file="packages/admin/test/ui.test.ts" tests="20" assertions="68" failures="0" skipped="0" time="0.007448" hostname="MacBook-Pro-3.local">
    <testsuite name="document shape" file="packages/admin/test/ui.test.ts" line="42" tests="6" assertions="28" failures="0" skipped="0" time="0" hostname="MacBook-Pro-3.local">
      <testcase name="is one self-contained document with no external asset of any kind" classname="document shape" time="0.000584" file="packages/admin/test/ui.test.ts" line="43" assertions="6" />
      <testcase name="declares both schemes and a phone-first viewport" classname="document shape" time="0.000321" file="packages/admin/test/ui.test.ts" line="53" assertions="2" />
      <testcase name="exposes a typographic and a spacing scale as custom properties" classname="document shape" time="0.000424" file="packages/admin/test/ui.test.ts" line="59" assertions="11" />
      <testcase name="reserves colour for status semantics and derives it from light-dark()" classname="document shape" time="0.000541" file="packages/admin/test/ui.test.ts" line="69" assertions="5" />
      <testcase name="sizes every interactive control to a real tap target" classname="document shape" time="0.00034" file="packages/admin/test/ui.test.ts" line="77" assertions="2" />
      <testcase name="goes multi-column only above a phone width" classname="document shape" time="0.000229" file="packages/admin/test/ui.test.ts" line="83" assertions="2" />
    </testsuite>
    <testsuite name="no raw JSON on a primary surface" file="packages/admin/test/ui.test.ts" line="90" tests="2" assertions="9" failures="0" skipped="0" time="0" hostname="MacBook-Pro-3.local">
      <testcase name="main carries no serialised protocol object" classname="no raw JSON on a primary surface" time="0.000277" file="packages/admin/test/ui.test.ts" line="91" assertions="5" />
      <testcase name="raw results exist exactly once, behind an explicit disclosure in the footer" classname="no raw JSON on a primary surface" time="0.000485" file="packages/admin/test/ui.test.ts" line="100" assertions="4" />
    </testsuite>
    <testsuite name="panels" file="packages/admin/test/ui.test.ts" line="110" tests="6" assertions="21" failures="0" skipped="0" time="0" hostname="MacBook-Pro-3.local">
      <testcase name="the IA follows the specified home ordering" classname="panels" time="0.000397" file="packages/admin/test/ui.test.ts" line="111" assertions="6" />
      <testcase name="the first paint is complete without JavaScript: rows are server-rendered" classname="panels" time="0.000345" file="packages/admin/test/ui.test.ts" line="129" assertions="4" />
      <testcase name="every reconciled panel ships the row markup once, as a template" classname="panels" time="0.000293" file="packages/admin/test/ui.test.ts" line="139" assertions="5" />
      <testcase name="a blocked panel names its gap instead of showing an empty box" classname="panels" time="0.000228" file="packages/admin/test/ui.test.ts" line="146" assertions="3" />
      <testcase name="the audit trail opens in a loading state rather than a false empty one" classname="panels" time="0.000395" file="packages/admin/test/ui.test.ts" line="153" assertions="2" />
      <testcase name="a row without a meter hides it, rather than leaving an empty bar" classname="panels" time="0.000377" file="packages/admin/test/ui.test.ts" line="159" assertions="1" />
    </testsuite>
    <testsuite name="the confirmation is not habituated" file="packages/admin/test/ui.test.ts" line="166" tests="4" assertions="6" failures="0" skipped="0" time="0" hostname="MacBook-Pro-3.local">
[...]
    <testcase name="discarding at /new touches only unbound pending rows and terminal completion moves both lifecycle columns" classname="" time="0.008128" file="packages/gateway/test/inbound-queue.test.ts" line="179" assertions="6" />
    <testcase name="one nonterminal trigger per epoch permits steers and retired epochs" classname="" time="0.007993" file="packages/gateway/test/inbound-queue.test.ts" line="209" assertions="5" />
    <testcase name="terminal delivery claims are per-part and first claimant wins" classname="" time="0.012808" file="packages/gateway/test/inbound-queue.test.ts" line="266" assertions="5" />
    <testcase name="an accepted turn with a delivered steer requeues its trigger for fresh attempts" classname="" time="0.008462" file="packages/gateway/test/inbound-queue.test.ts" line="282" assertions="12" />
  </testsuite>
  <testsuite name="packages/gateway/test/context-diff.test.ts" file="packages/gateway/test/context-diff.test.ts" tests="8" assertions="28" failures="0" skipped="0" time="0.093251" hostname="MacBook-Pro-3.local">
    <testcase name="287-row stale backlog selects only newest recent rows chronologically and never replays omissions" classname="" time="0.033038" file="packages/gateway/test/context-diff.test.ts" line="42" assertions="9" />
    <testcase name="more than the count bound keeps newest N once and expires older recent rows" classname="" time="0.010434" file="packages/gateway/test/context-diff.test.ts" line="71" assertions="6" />
    <testcase name="exact timestamp ties use deterministic message-id ordering" classname="" time="0.008142" file="packages/gateway/test/context-diff.test.ts" line="94" assertions="1" />
    <testcase name="reset floor survives restart and excludes every pre-reset row" classname="" time="0.010127" file="packages/gateway/test/context-diff.test.ts" line="104" assertions="3" />
    <testcase name="reset floor excludes rows recorded before reset even when event timestamps tie or point into the future" classname="" time="0.007024" file="packages/gateway/test/context-diff.test.ts" line="124" assertions="1" />
    <testcase name="session creation does not discard context; only /new owns the durable floor" classname="" time="0.007442" file="packages/gateway/test/context-diff.test.ts" line="137" assertions="3" />
    <testcase name="active maintenance drops old bodies but preserves recent retry-relevant unread rows" classname="" time="0.007385" file="packages/gateway/test/context-diff.test.ts" line="153" assertions="3" />
    <testcase name="a later omission generation is not cleared by an older in-flight window commit" classname="" time="0.007611" file="packages/gateway/test/context-diff.test.ts" line="169" assertions="2" />
  </testsuite>
  <testsuite name="packages/gateway/test/memory-axes.test.ts" file="packages/gateway/test/memory-axes.test.ts" tests="31" assertions="195" failures="0" skipped="0" time="0.649365" hostname="MacBook-Pro-3.local">
    <testcase name="ops and reflections are registered axes with the semantics from the handoff" classname="" time="0.0001" file="packages/gateway/test/memory-axes.test.ts" line="91" assertions="9" />
    <testcase name="a fresh corpus materialises every registered axis and its partitions" classname="" time="0.030321" file="packages/gateway/test/memory-axes.test.ts" line="109" assertions="13" />
    <testcase name="adding axes to a legacy corpus creates directories and leaves human bytes untouched" classname="" time="0.029274" file="packages/gateway/test/memory-axes.test.ts" line="124" assertions="19" />
    <testcase name="a corpus whose new axis directories were pre-created by hand still gets its map repaired" classname="" time="0.028503" file="packages/gateway/test/memory-axes.test.ts" line="148" assertions="3" />
    <testcase name="migrating twice is a no-op on the second run" classname="" time="0.02868" file="packages/gateway/test/memory-axes.test.ts" line="165" assertions="1" />
    <testcase name="a routable ops tree of index plus rule packs audits clean and is indexed recursively" classname="" time="0.029744" file="packages/gateway/test/memory-axes.test.ts" line="175" assertions="4" />
    <testcase name="an ops file outside a declared partition is a layout violation, not a silent promotion" classname="" time="0.032461" file="packages/gateway/test/memory-axes.test.ts" line="192" assertions="1" />
    <testcase name="reflections accepts dated entries and rejects a per-subject second authority" classname="" time="0.03492" file="packages/gateway/test/memory-axes.test.ts" line="205" assertions="3" />
    <testcase name="a dated axis rejects an impossible date" classname="" time="0.029496" file="packages/gateway/test/memory-axes.test.ts" line="222" assertions="1" />
    <testcase name="a partition heading cannot masquerade as the axis heading of a like-named axis" classname="" time="0.03969" file="packages/gateway/test/memory-axes.test.ts" line="232" assertions="4" />
    <testcase name="the regenerated map is published atomically, never as a half-written file" classname="" time="0.045129" file="packages/gateway/test/memory-axes.test.ts" line="252" assertions="73" />
    <testcase name="the newest entry of an append-only axis must stay reachable from MEMORY.md" classname="" time="0.030457" file="packages/gateway/test/memory-axes.test.ts" line="270" assertions="3" />
    <testcase name="a custom flat axis rejects a subdirectory, and the map publishes its promotion targets" classname="" time="0.031988" file="packages/gateway/test/memory-axes.test.ts" line="284" assertions="3" />
    <testcase name="a custom nested axis participates in creation, indexing, audit and recall" classname="" time="0.027776" file="packages/gateway/test/memory-axes.test.ts" line="312" assertions="6" />
    <testcase name="recall breaks score ties by the axis&apos;s declared retrieval priority" classname="" time="0.028115" file="packages/gateway/test/memory-axes.test.ts" line="342" assertions="1" />
    <testcase name="recall survives a stale map instead of failing the query" classname="" time="0.029578" file="packages/gateway/test/memory-axes.test.ts" line="353" assertions="2" />
    <testcase name="a map pointer cannot make recall read outside the memory root" classname="" time="0.029931" file="packages/gateway/test/memory-axes.test.ts" line="367" assertions="2" />
    <testcase name="the audit inspects every file the map serves, even under a symlinked axis root" classname="" time="0.024916" file="packages/gateway/test/memory-axes.test.ts" line="384" assertions="3" />
    <testcase name="concurrent cold starts all succeed and leave one coherent corpus" classname="" time="0.025393" file="packages/gateway/test/memory-axes.test.ts" line="408" assertions="3" />
    <testcase name="an unregistered directory is an orphan and is never auto-promoted to canonical" classname="" time="0.032102" file="packages/gateway/test/memory-axes.test.ts" line="422" assertions="4" />
    <testcase name="a declaration that names a built-in overrides it instead of being rejected" classname="" time="0.00014" file="packages/gateway/test/memory-axes.test.ts" line="443" assertions="5" />
    <testcase name="an omitted field keeps the built-in&apos;s value rather than the new-axis default" classname="" time="0.000064" file="packages/gateway/test/memory-axes.test.ts" line="458" assertions="2" />
    <testcase name="an override may still relax a built-in, but only by saying so" classname="" time="0.00008" file="packages/gateway/test/memory-axes.test.ts" line="483" assertions="3" />
    <testcase name="an override still may not claim another axis&apos;s root, and may not be declared twice" classname="" time="0.000049" file="packages/gateway/test/memory-axes.test.ts" line="492" assertions="2" />
    <testcase name="a built-in that another built-in promotes into survives being overridden" classname="" time="0.00003" file="packages/gateway/test/memory-axes.test.ts" line="502" assertions="2" />
    <testcase name="overriding a built-in clears the layout violations its declared partitions caused" classname="" time="0.032133" file="packages/gateway/test/memory-axes.test.ts" line="509" assertions="2" />
    <testcase name="a custom axis may not overlap another axis&apos;s canonical root" classname="" time="0.000169" file="packages/gateway/test/memory-axes.test.ts" line="536" assertions="3" />
    <testcase name="a malformed descriptor fails closed instead of being partially applied" classname="" time="0.000221" file="packages/gateway/test/memory-axes.test.ts" line="547" assertions="13" />
    <testcase name="a circular promotion relation fails closed" classname="" time="0.000066" file="packages/gateway/test/memory-axes.test.ts" line="572" assertions="2" />
    <testcase name="an unreadable registry declaration is fatal, never silently ignored" classname="" time="0.001006" file="packages/gateway/test/memory-axes.test.ts" line="584" assertions="2" />
    <testcase name="a corpus without a registry declaration gets exactly the built-ins" classname="" time="0.024042" file="packages/gateway/test/memory-axes.test.ts" line="594" assertions="1" />
  </testsuite>
  <testsuite name="packages/gateway/test/work-output.test.ts" file="packages/gateway/test/work-output.test.ts" tests="12" assertions="123" failures="0" skipped="0" time="0.051512" hostname="MacBook-Pro-3.local">
    <testcase name="worker output uses the actual operation-owned single-page query and preserves full original Unicode body" classname="" time="0.011609" file="packages/gateway/test/work-output.test.ts" line="83" assertions="4" />
    <testcase name="a neighboring prior reply less than two seconds before the floor is never current output" classname="" time="0.000071" file="packages/gateway/test/work-output.test.ts" line="126" assertions="2" />
    <testcase name="after-floor transcript timestamps and completed traversal do not prove attribution or finality" classname="" time="0.000042" file="packages/gateway/test/work-output.test.ts" line="137" assertions="3" />
    <testcase name="summary-only, incomplete and malformed original content cannot become output or silence" classname="" time="0.000086" file="packages/gateway/test/work-output.test.ts" line="152" assertions="8" />
    <testcase name="exact current clientRef is supported without fabricating optional command or turn ids" classname="" time="0.000039" file="packages/gateway/test/work-output.test.ts" line="172" assertions="5" />
    <testcase name="absence is retryable, affirmative missing authority is unavailable, and transport diagnostics stay private" classname="" time="0.008003" file="packages/gateway/test/work-output.test.ts" line="187" assertions="9" />
    <testcase name="pre-cancel and stale generation perform no query; cancellation of an in-flight read ignores late output" classname="" time="0.007506" file="packages/gateway/test/work-output.test.ts" line="212" assertions="6" />
    <testcase name="fake accepts send while response is delayed and supports production raw output proof fixtures" classname="" time="0.000289" file="packages/gateway/test/work-output.test.ts" line="245" assertions="6" />
    <testcase name="production steer accepts the observed SDK 0.16.3 raw control response without an accepted boolean" classname="" time="0.006483" file="packages/gateway/test/work-output.test.ts" line="273" assertions="1" />
    <testcase name="production steer requires structured acceptance, preserves caller clientRef, and rejects nested refusal" classname="" time="0.007754" file="packages/gateway/test/work-output.test.ts" line="293" assertions="22" />
    <testcase name="completed fake status reflects original operation evidence without inventing SDK IDs" classname="" time="0.000323" file="packages/gateway/test/work-output.test.ts" line="325" assertions="18" />
    <testcase name="steer authoritative refusal or matching rejection is marked while malformed acceptance stays uncertain" classname="" time="0.00769" file="packages/gateway/test/work-output.test.ts" line="357" assertions="39" />
  </testsuite>
  <testsuite name="packages/gateway/test/terminal-idempotency.e2e.test.ts" file="packages/gateway/test/terminal-idempotency.e2e.test.ts" tests="10" assertions="40" failures="0" skipped="0" time="11.035081" hostname="MacBook-Pro-3.local">
    <testcase name="a batch whose tail was fenced and then reconciled from status invokes onTerminal for one batch at most once" classname="" time="1.258369" file="packages/gateway/test/terminal-idempotency.e2e.test.ts" line="98" assertions="3" />
    <testcase name="red-team B2: the answer ships on the tail, the gateway restarts, status reconcile re-delivers it -&gt; one ledger row" classname="" time="5.042682" file="packages/gateway/test/terminal-idempotency.e2e.test.ts" line="155" assertions="3" />
    <testcase name="red-team I2/I5: [BREAK] parts own per-part terminal slots; a regenerated DIFFERENT answer for the same trigger posts nothing" classname="" time="0.129873" file="packages/gateway/test/terminal-idempotency.e2e.test.ts" line="201" assertions="6" />
    <testcase name="red-team G2-B3: a message that arrived mid-turn and dispatched later never inherits the previous answer" classname="" time="0.465725" file="packages/gateway/test/terminal-idempotency.e2e.test.ts" line="229" assertions="3" />
    <testcase name="red-team I4: two different id-less interim texts get distinct ids; the same interim text replayed collides" classname="" time="0.223988" file="packages/gateway/test/terminal-idempotency.e2e.test.ts" line="293" assertions="2" />
    <testcase name="a tail-less reconcile never reposts a previous turn&apos;s answer as the current turn&apos;s reply" classname="" time="0.412788" file="packages/gateway/test/terminal-idempotency.e2e.test.ts" line="334" assertions="3" />
    <testcase name="red-team G3-B1: new input after a recovered failure cannot inherit the failed attempt&apos;s row" classname="" time="0.832681" file="packages/gateway/test/terminal-idempotency.e2e.test.ts" line="400" assertions="9" />
    <testcase name="red-team G3-B2: a batch bound before the upgrade, on a runtime without startedAt, is held - never completed empty, never given a prior answer" classname="" time="0.513558" file="packages/gateway/test/terminal-idempotency.e2e.test.ts" line="495" assertions="4" />
    <testcase name="a cursorless resync replaying the previous turn&apos;s transcript row never becomes the current turn&apos;s reply" classname="" time="2.131592" file="packages/gateway/test/terminal-idempotency.e2e.test.ts" line="582" assertions="4" />
    <testcase name="a frame attributed to the accepted op passes the turn floor even with an old host timestamp" classname="" time="0.020723" file="packages/gateway/test/terminal-idempotency.e2e.test.ts" line="650" assertions="3" />
  </testsuite>
  <testsuite name="packages/gateway/test/autolink.test.ts" file="packages/gateway/test/autolink.test.ts" tests="4" assertions="14" failures="0" skipped="0" time="0.07673" hostname="MacBook-Pro-3.local">
    <testcase name="alias index: filename stem, heading title, frontmatter aliases; ambiguous aliases dropped" classname="" time="0.0003" file="packages/gateway/test/autolink.test.ts" line="8" assertions="4" />
    <testcase name="autolinkText wraps first plain mention only and respects protected regions" classname="" time="0.000243" file="packages/gateway/test/autolink.test.ts" line="23" assertions="4" />
    <testcase name="autolinkCorpus sweeps the corpus, skips raw daily, and reports counts" classname="" time="0.075477" file="packages/gateway/test/autolink.test.ts" line="43" assertions="3" />
    <testcase name="frontmatterList parses inline and block lists" classname="" time="0.000131" file="packages/gateway/test/autolink.test.ts" line="63" assertions="3" />
  </testsuite>
  <testsuite name="packages/gateway/test/engagement-policy.test.ts" file="packages/gateway/test/engagement-policy.test.ts" tests="4" assertions="13" failures="0" skipped="0" time="0.000995" hostname="MacBook-Pro-3.local">
    <testcase name="loopback engages while unmentioned groups and unauthorised DMs decline" classname="" time="0.000044" file="packages/gateway/test/engagement-policy.test.ts" line="14" assertions="3" />
    <testcase name="per-channel open override engages group messages" classname="" time="0.000017" file="packages/gateway/test/engagement-policy.test.ts" line="28" assertions="1" />
    <testcase name="mention allowlist gates group mention commands and DMs but never open channels" classname="" time="0.000042" file="packages/gateway/test/engagement-policy.test.ts" line="37" assertions="5" />
    <testcase name="bot authors never get the open-channel free pass; a bot mention still engages" classname="" time="0.000022" file="packages/gateway/test/engagement-policy.test.ts" line="65" assertions="4" />
  </testsuite>
  <testsuite name="packages/conformance/test/sdk-boundary-dogfood.test.ts" file="packages/conformance/test/sdk-boundary-dogfood.test.ts" tests="4" assertions="7" failures="0" skipped="0" time="0.007991" hostname="MacBook-Pro-3.local">
    <testsuite name="sdk-boundary-dogfood" file="packages/conformance/test/sdk-boundary-dogfood.test.ts" line="74" tests="4" assertions="7" failures="0" skipped="0" time="0.006" hostname="MacBook-Pro-3.local">
      <testcase name="packages/cli imports only the public SDK surface" classname="sdk-boundary-dogfood" time="0.001131" file="packages/conformance/test/sdk-boundary-dogfood.test.ts" line="85" assertions="2" />
      <testcase name="packages/adapter-discord imports only the public SDK surface" classname="sdk-boundary-dogfood" time="0.004304" file="packages/conformance/test/sdk-boundary-dogfood.test.ts" line="85" assertions="2" />
      <testcase name="packages/adapter-telegram imports only the public SDK surface" classname="sdk-boundary-dogfood" time="0.001414" file="packages/conformance/test/sdk-boundary-dogfood.test.ts" line="85" assertions="2" />
      <testcase name="sdk package itself depends only on the protocol package" classname="sdk-boundary-dogfood" time="0.000349" file="packages/conformance/test/sdk-boundary-dogfood.test.ts" line="112" assertions="1" />
    </testsuite>
  </testsuite>
  <testsuite name="packages/conformance/test/sdk-coverage-inventory.test.ts" file="packages/conformance/test/sdk-coverage-inventory.test.ts" tests="3" assertions="3" failures="0" skipped="0" time="0.012773" hostname="MacBook-Pro-3.local">
    <testsuite name="sdk-coverage-inventory" file="packages/conformance/test/sdk-coverage-inventory.test.ts" line="62" tests="3" assertions="3" failures="0" skipped="0" time="0.01" hostname="MacBook-Pro-3.local">
      <testcase name="every catalog verb is implemented by the gateway" classname="sdk-coverage-inventory" time="0.007675" file="packages/conformance/test/sdk-coverage-inventory.test.ts" line="63" assertions="1" />
      <testcase name="every catalog event is emitted by the gateway" classname="sdk-coverage-inventory" time="0.002345" file="packages/conformance/test/sdk-coverage-inventory.test.ts" line="69" assertions="1" />
      <testcase name="gateway references no verb/event missing from the catalog" classname="sdk-coverage-inventory" time="0.001863" file="packages/conformance/test/sdk-coverage-inventory.test.ts" line="75" assertions="1" />
    </testsuite>
  </testsuite>
  <testsuite name="packages/gateway/test/stress/burst-stress.test.ts" file="packages/gateway/test/stress/burst-stress.test.ts" tests="1" assertions="0" failures="0" skipped="1" time="0.000508" hostname="MacBook-Pro-3.local">
    <testcase name="200-event burst stress requires GAJAEWAY_STRESS=1" classname="" time="0" file="packages/gateway/test/stress/burst-stress.test.ts" line="16" assertions="0">
      <skipped />
    </testcase>
  </testsuite>
</testsuites>
