<?xml version="1.0" encoding="UTF-8"?>
<testsuites name="bun test" tests="9" assertions="31" failures="6" skipped="0" time="60.493443">
  <testsuite name="red-first/runner-scope.guard.test.ts" file="red-first/runner-scope.guard.test.ts" tests="1" assertions="14" failures="0" skipped="0" time="0.002232" hostname="MacBook-Pro-3.local">
    <testcase name="normal package, local CI and build runners exclude red-first" classname="" time="0.001406" file="red-first/runner-scope.guard.test.ts" line="4" assertions="14" />
  </testsuite>
  <testsuite name="red-first/adapter-discord/adapter-reconnect-window.head.test.ts" file="red-first/adapter-discord/adapter-reconnect-window.head.test.ts" tests="2" assertions="9" failures="0" skipped="0" time="0.001506" hostname="MacBook-Pro-3.local">
    <testcase name="red 7 A: HEAD max-jitter socket-down:45s reconnect window" classname="" time="0.000857" file="red-first/adapter-discord/adapter-reconnect-window.head.test.ts" line="47" assertions="6" />
    <testcase name="red 7 B: HEAD zero-jitter socket-down:8s reconnect window" classname="" time="0.000273" file="red-first/adapter-discord/adapter-reconnect-window.head.test.ts" line="57" assertions="3" />
  </testsuite>
  <testsuite name="red-first/gateway/hold-ttl-loss.test.ts" file="red-first/gateway/hold-ttl-loss.test.ts" tests="1" assertions="1" failures="1" skipped="0" time="0.035813" hostname="MacBook-Pro-3.local">
    <testcase name="red 3: an accepted unknown operation becomes lost after 31 minutes without replay" classname="" time="0.019441" file="red-first/gateway/hold-ttl-loss.test.ts" line="13" assertions="1">
      <failure type="AssertionError" message="expect(received).toBe(expected)&#10;&#10;Expected: &quot;done&quot;&#10;Received: &quot;accepted&quot;&#10;">AssertionError: expect(received).toBe(expected)&#10;&#10;Expected: &quot;done&quot;&#10;Received: &quot;accepted&quot;&#10;&#10;      at red-first/gateway/hold-ttl-loss.test.ts:51:26&#10;</failure>
    </testcase>
  </testsuite>
  <testsuite name="red-first/gateway/terminal-evidence-turn-result.test.ts" file="red-first/gateway/terminal-evidence-turn-result.test.ts" tests="1" assertions="1" failures="1" skipped="0" time="0.269321" hostname="MacBook-Pro-3.local">
    <testcase name="red 8: turn.result is authoritative even when the attached tail stays silent" classname="" time="0.269059" file="red-first/gateway/terminal-evidence-turn-result.test.ts" line="12" assertions="1">
      <failure type="AssertionError" message="expect(received).toBe(expected)&#10;&#10;Expected: &quot;AUTHORITATIVE&quot;&#10;Received: &quot;OTHER&quot;&#10;">AssertionError: expect(received).toBe(expected)&#10;&#10;Expected: &quot;AUTHORITATIVE&quot;&#10;Received: &quot;OTHER&quot;&#10;&#10;      at red-first/gateway/terminal-evidence-turn-result.test.ts:34:25&#10;</failure>
    </testcase>
  </testsuite>
  <testsuite name="red-first/gateway/status-provider-failure.test.ts" file="red-first/gateway/status-provider-failure.test.ts" tests="1" assertions="3" failures="1" skipped="0" time="0.055167" hostname="MacBook-Pro-3.local">
    <testcase name="red 6: repeated provider failures remain visible when an active probe disagrees" classname="" time="0.050769" file="red-first/gateway/status-provider-failure.test.ts" line="15" assertions="3">
      <failure type="AssertionError" message="expect(received).toMatchObject(expected)&#10;&#10;  {&#10;-   &quot;provider&quot;: {&#10;-     &quot;passive&quot;: {&#10;-       &quot;lastCode&quot;: &quot;provider_rejected&quot;,&#10;-     },&#10;+   &quot;capabilities&quot;: [&#10;+     &quot;gateway.core&quot;,&#10;+     &quot;chat.loopback&quot;,&#10;+     &quot;chat.reactions&quot;,&#10;+   ],&#10;+   &quot;contextDiff&quot;: {&#10;+     &quot;expired&quot;: 0,&#10;+     &quot;floorAt&quot;: null,&#10;+     &quot;omittedNewestAt&quot;: null,&#10;+     &quot;omittedOldestAt&quot;: null,&#10;+     &quot;truncated&quot;: 0,&#10;+     &quot;unread&quot;: 0,&#10;    },&#10;+   &quot;delivery&quot;: {&#10;+     &quot;oldestPendingAgeMs&quot;: 8,&#10;+     &quot;pending&quot;: 2,&#10;+   },&#10;+   &quot;holds&quot;: [],&#10;+   &quot;pid&quot;: 4337,&#10;+   &quot;profileVersion&quot;: &quot;1.0&quot;,&#10;+   &quot;rotations&quot;: {&#10;+     &quot;byReason&quot;: {},&#10;+     &quot;byScope&quot;: {},&#10;+     &quot;last24h&quot;: 0,&#10;+   },&#10;+   &quot;schemaVersion&quot;: 21,&#10;+   &quot;sessions&quot;: {&#10;+     &quot;active&quot;: 1,&#10;+   },&#10;+   &quot;startedAt&quot;: &quot;2026-09-05T19:16:56.411Z&quot;,&#10;  }&#10;&#10;- Expected  - 4&#10;+ Received  + 29&#10;">AssertionError: expect(received).toMatchObject(expected)&#10;&#10;  {&#10;-   &quot;provider&quot;: {&#10;-     &quot;passive&quot;: {&#10;-       &quot;lastCode&quot;: &quot;provider_rejected&quot;,&#10;-     },&#10;+   &quot;capabilities&quot;: [&#10;+     &quot;gateway.core&quot;,&#10;+     &quot;chat.loopback&quot;,&#10;+     &quot;chat.reactions&quot;,&#10;+   ],&#10;+   &quot;contextDiff&quot;: {&#10;+     &quot;expired&quot;: 0,&#10;+     &quot;floorAt&quot;: null,&#10;+     &quot;omittedNewestAt&quot;: null,&#10;+     &quot;omittedOldestAt&quot;: null,&#10;+     &quot;truncated&quot;: 0,&#10;+     &quot;unread&quot;: 0,&#10;    },&#10;+   &quot;delivery&quot;: {&#10;+     &quot;oldestPendingAgeMs&quot;: 8,&#10;+     &quot;pending&quot;: 2,&#10;+   },&#10;+   &quot;holds&quot;: [],&#10;+   &quot;pid&quot;: 4337,&#10;+   &quot;profileVersion&quot;: &quot;1.0&quot;,&#10;+   &quot;rotations&quot;: {&#10;+     &quot;byReason&quot;: {},&#10;+     &quot;byScope&quot;: {},&#10;+     &quot;last24h&quot;: 0,&#10;+   },&#10;+   &quot;schemaVersion&quot;: 21,&#10;+   &quot;sessions&quot;: {&#10;+     &quot;active&quot;: 1,&#10;+   },&#10;+   &quot;startedAt&quot;: &quot;2026-09-05T19:16:56.411Z&quot;,&#10;  }&#10;&#10;- Expected  - 4&#10;+ Received  + 29&#10;&#10;      at red-first/gateway/status-provider-failure.test.ts:90:18&#10;</failure>
    </testcase>
  </testsuite>
  <testsuite name="red-first/gateway/shutdown-bounded.test.ts" file="red-first/gateway/shutdown-bounded.test.ts" tests="1" assertions="1" failures="1" skipped="0" time="60.028947" hostname="MacBook-Pro-3.local">
    <testcase name="red 2: SIGTERM exits an accepted-turn daemon within 15 seconds" classname="" time="60.028648" file="red-first/gateway/shutdown-bounded.test.ts" line="13" assertions="1">
      <failure type="AssertionError" message="expect(received).toBeLessThanOrEqual(expected)&#10;&#10;Expected: &lt;= 15000&#10;Received: 56468.574875&#10;">AssertionError: expect(received).toBeLessThanOrEqual(expected)&#10;&#10;Expected: &lt;= 15000&#10;Received: 56468.574875&#10;&#10;      at red-first/gateway/shutdown-bounded.test.ts:107:25&#10;</failure>
    </testcase>
  </testsuite>
  <testsuite name="red-first/gateway/broker-poisoned-daemon.test.ts" file="red-first/gateway/broker-poisoned-daemon.test.ts" tests="1" assertions="1" failures="1" skipped="0" time="0.075219" hostname="MacBook-Pro-3.local">
    <testcase name="red 4: routed capacity failures retire a hello-healthy poisoned daemon exactly once" classname="" time="0.074094" file="red-first/gateway/broker-poisoned-daemon.test.ts" line="12" assertions="1">
      <failure type="AssertionError" message="expect(received).toBe(expected)&#10;&#10;Expected: 2&#10;Received: 1&#10;">AssertionError: expect(received).toBe(expected)&#10;&#10;Expected: 2&#10;Received: 1&#10;&#10;      at red-first/gateway/broker-poisoned-daemon.test.ts:39:29&#10;</failure>
    </testcase>
  </testsuite>
  <testsuite name="red-first/gateway/terminal-evidence-fallback-line.test.ts" file="red-first/gateway/terminal-evidence-fallback-line.test.ts" tests="1" assertions="1" failures="1" skipped="0" time="0.019832" hostname="MacBook-Pro-3.local">
    <testcase name="red 8b: terminal turn.result does not silently use session.last_assistant" classname="" time="0.019531" file="red-first/gateway/terminal-evidence-fallback-line.test.ts" line="12" assertions="1">
      <failure type="AssertionError" message="expect(received).toHaveLength(expected)&#10;&#10;Expected length: 0&#10;Received length: 1&#10;">AssertionError: expect(received).toHaveLength(expected)&#10;&#10;Expected length: 0&#10;Received length: 1&#10;&#10;      at red-first/gateway/terminal-evidence-fallback-line.test.ts:32:68&#10;</failure>
    </testcase>
  </testsuite>
</testsuites>
