<?xml version="1.0" encoding="UTF-8"?>
<!-- sourceHash: sha256:412c90d6ba22fb5309c14d4fa2b67d655dddd1b234d49916e2de11c36637fe0d; frozenCommit: 145fa8f -->
<testsuites name="bun test" tests="81" assertions="523" failures="1" skipped="0" time="18.453384">
  <testsuite name="packages/adapter-discord/test/slack-presence-redteam.test.ts" file="packages/adapter-discord/test/slack-presence-redteam.test.ts" tests="2" assertions="35" failures="0" skipped="0" time="0.129491" hostname="MacBook-Pro-3.local">
    <testcase name="RT-SLACK-55 Discord gradient coalesces buckets and removes variation-selector writing marker" classname="" time="0.001259" file="packages/adapter-discord/test/slack-presence-redteam.test.ts" line="8" assertions="32" />
    <testcase name="RT-SLACK-55 Discord own presence event filtered but human presence emoji is engagement" classname="" time="0.000676" file="packages/adapter-discord/test/slack-presence-redteam.test.ts" line="120" assertions="3" />
  </testsuite>
  <testsuite name="packages/adapter-slack/test/redteam.test.ts" file="packages/adapter-slack/test/redteam.test.ts" tests="58" assertions="372" failures="1" skipped="0" time="7.92298" hostname="MacBook-Pro-3.local">
    <testcase name="RT-SLACK-01 throwing handlers ack first, retries dedupe, malformed frames survive and disconnect reconnects" classname="" time="0.000807" file="packages/adapter-slack/test/redteam.test.ts" line="193" assertions="5" />
    <testcase name="RT-SLACK-02 hostile timestamps never emit non-platform message ids" classname="" time="0.003351" file="packages/adapter-slack/test/redteam.test.ts" line="233" assertions="2" />
    <testcase name="RT-SLACK-03 foreign reply target is a definitive delivery failure, never thread_ts" classname="" time="0.000739" file="packages/adapter-slack/test/redteam.test.ts" line="242" assertions="4" />
    <testcase name="RT-SLACK-04 literal mentions in code count; entities decode once and broadcasts normalize" classname="" time="0.00019" file="packages/adapter-slack/test/redteam.test.ts" line="254" assertions="2" />
    <testcase name="RT-SLACK-05 fifty-thousand-character fenced text has bounded balanced chunks" classname="" time="0.000243" file="packages/adapter-slack/test/redteam.test.ts" line="269" assertions="29" />
    <testcase name="RT-SLACK-06 file-only body survives and empty body drops" classname="" time="0.001202" file="packages/adapter-slack/test/redteam.test.ts" line="278" assertions="2" />
    <testcase name="RT-SLACK-07 own, hidden, every skipped subtype, unchanged/empty edits and app_mention never send" classname="" time="0.000986" file="packages/adapter-slack/test/redteam.test.ts" line="290" assertions="1" />
    <testcase name="RT-SLACK-08 bot parent mentions; unknown parent omits fromSelf" classname="" time="0.001967" file="packages/adapter-slack/test/redteam.test.ts" line="308" assertions="2" />
    <testcase name="RT-SLACK-09 transport failure ambiguous, Slack API failure definitive" classname="" time="0.000463" file="packages/adapter-slack/test/redteam.test.ts" line="317" assertions="2" />
    <testcase name="RT-SLACK-10 all three chunks keep thread and duplicate warning" classname="" time="0.000219" file="packages/adapter-slack/test/redteam.test.ts" line="337" assertions="6" />
    <testcase name="RT-SLACK-11 malformed and unknown reactions fail without API; already_reacted confirms" classname="" time="0.000753" file="packages/adapter-slack/test/redteam.test.ts" line="355" assertions="5" />
    <testcase name="RT-SLACK-12 disconnected edit overflow retains newest 256 and replays ordered" classname="" time="0.000721" file="packages/adapter-slack/test/redteam.test.ts" line="379" assertions="5" />
    <testcase name="RT-SLACK-13 failed edit remains queued and reconnects for replay" classname="" time="0.000142" file="packages/adapter-slack/test/redteam.test.ts" line="397" assertions="4" />
    <testcase name="RT-SLACK-14 duplicate inbound dedupes but unavailable is forgotten" classname="" time="0.000105" file="packages/adapter-slack/test/redteam.test.ts" line="412" assertions="6" />
    <testcase name="RT-SLACK-15 newest-first recovery delivers ascending and cannot cross unavailable" classname="" time="0.000448" file="packages/adapter-slack/test/redteam.test.ts" line="426" assertions="3" />
    <testcase name="RT-SLACK-16 recovered replies retain thread origin" classname="" time="0.000077" file="packages/adapter-slack/test/redteam.test.ts" line="462" assertions="1" />
    <testcase name="RT-SLACK-17 three-strike quarantine is re-probed after gateway reconnect" classname="" time="0.011303" file="packages/adapter-slack/test/redteam.test.ts" line="487" assertions="3" />
    <testcase name="RT-SLACK-18 twenty recovery triggers remain single flight" classname="" time="0.000184" file="packages/adapter-slack/test/redteam.test.ts" line="501" assertions="3" />
    <testcase name="RT-SLACK-19 credential prefixes fail without secrets, relative files resolve and unknown channel keys reject" classname="" time="0.002962" file="packages/adapter-slack/test/redteam.test.ts" line="526" assertions="7" />
    <testcase name="RT-SLACK-25 already_reacted Web API response confirms delivery" classname="" time="0.000154" file="packages/adapter-slack/test/redteam.test.ts" line="559" assertions="1" />
    <testcase name="RT-SLACK-30 pending sends share failure and survive client adoption" classname="" time="0.000271" file="packages/adapter-slack/test/redteam.test.ts" line="573" assertions="12" />
    <testcase name="RT-SLACK-31 unreadable success bodies are ambiguous but explicit refusal is definitive" classname="" time="0.00057" file="packages/adapter-slack/test/redteam.test.ts" line="599" assertions="14" />
    <testcase name="RT-SLACK-33 slack stale lock has exactly one winner under 20 concurrent reclaims" classname="" time="0.078616" file="packages/adapter-slack/test/redteam.test.ts" line="636" assertions="21" />
    <testcase name="RT-SLACK-35 bounded continuation closes the gap without losing newer arrivals" classname="" time="0.00036" file="packages/adapter-slack/test/redteam.test.ts" line="651" assertions="8" />
    <testcase name="RT-SLACK-36 participated threads recover without history and expire" classname="" time="0.005752" file="packages/adapter-slack/test/redteam.test.ts" line="697" assertions="5" />
    <testcase name="RT-SLACK-37 only terminal refusals consume dead-letter budget" classname="" time="0.011608" file="packages/adapter-slack/test/redteam.test.ts" line="715" assertions="23" />
    <testcase name="RT-SLACK-38 unsaved recovery state prevents success until disk is restored" classname="" time="0.003067" file="packages/adapter-slack/test/redteam.test.ts" line="754" assertions="4" />
    <testcase name="RT-SLACK-39 slash acknowledgements reflect restart failure duplicates and unknown commands" classname="" time="0.000952" file="packages/adapter-slack/test/redteam.test.ts" line="769" assertions="1" />
    <testcase name="RT-SLACK-40 addressed accepted turns get a presence reaction on the triggering message before any progress" classname="" time="0.00021" file="packages/adapter-slack/test/redteam.test.ts" line="795" assertions="6" />
    <testcase name="RT-SLACK-41 unknown rocket reaction fails definitively without a Slack call" classname="" time="0.000071" file="packages/adapter-slack/test/redteam.test.ts" line="822" assertions="2" />
    <testcase name="RT-SLACK-42 orphaned reclaim marker permits acquisition within two seconds and is removed" classname="" time="1.220843" file="packages/adapter-slack/test/redteam.test.ts" line="837" assertions="3" />
    <testcase name="RT-SLACK-43 live holder arriving during election is never replaced by waiting contenders" classname="" time="1.33562" file="packages/adapter-slack/test/redteam.test.ts" line="851" assertions="62" />
    <testcase name="RT-SLACK-44 release by a former holder after losing election preserves the winner pidfile" classname="" time="0.041639" file="packages/adapter-slack/test/redteam.test.ts" line="885" assertions="4" />
    <testcase name="RT-SLACK-45 live 0.9s marker survives timeout naming new holder" classname="" time="1.285164" file="packages/adapter-slack/test/redteam.test.ts" line="909" assertions="8" />
    <testcase name="RT-SLACK-45 two waiters reclaim old dead marker with one winner" classname="" time="1.2892" file="packages/adapter-slack/test/redteam.test.ts" line="909" assertions="3" />
    <testcase name="RT-SLACK-47 rate-limit settlement 4 refusals Retry-After 2" classname="" time="0.000788" file="packages/adapter-slack/test/redteam.test.ts" line="955" assertions="7" />
    <testcase name="RT-SLACK-47 rate-limit settlement 2 refusals Retry-After 2" classname="" time="0.000055" file="packages/adapter-slack/test/redteam.test.ts" line="955" assertions="4" />
    <testcase name="RT-SLACK-47 rate-limit settlement 2 refusals Retry-After 99" classname="" time="0.000021" file="packages/adapter-slack/test/redteam.test.ts" line="955" assertions="4" />
    <testcase name="RT-SLACK-47 rate-limit settlement 2 refusals Retry-After null" classname="" time="0.000013" file="packages/adapter-slack/test/redteam.test.ts" line="955" assertions="4" />
    <testcase name="RT-SLACK-48 concurrent delivery queue drains before cosmetic without starvation across channels" classname="" time="0.000431" file="packages/adapter-slack/test/redteam.test.ts" line="983" assertions="4" />
    <testcase name="RT-SLACK-49 presence coalesces thirty ticks into a bounded number of reaction swaps and clears once" classname="" time="0.000552" file="packages/adapter-slack/test/redteam.test.ts" line="1020" assertions="7" />
    <testcase name="RT-SLACK-51 unengaged truncated reply walks persist and drain pending roots without aging participation" classname="" time="0.011161" file="packages/adapter-slack/test/redteam.test.ts" line="1059" assertions="7" />
    <testcase name="RT-SLACK-52 recent clean recovery gate outage 2000 quarantine false" classname="" time="0.003824" file="packages/adapter-slack/test/redteam.test.ts" line="1099" assertions="1" />
    <testcase name="RT-SLACK-52 recent clean recovery gate outage 6000 quarantine false" classname="" time="0.003899" file="packages/adapter-slack/test/redteam.test.ts" line="1099" assertions="1" />
    <testcase name="RT-SLACK-52 recent clean recovery gate outage 2000 quarantine true" classname="" time="0.008445" file="packages/adapter-slack/test/redteam.test.ts" line="1099" assertions="1" />
    <testcase name="RT-SLACK-53 gradient buckets coalescing exact cleanup and stale timeout" classname="" time="0.000577" file="packages/adapter-slack/test/redteam.test.ts" line="1118" assertions="14" />
    <testcase name="RT-SLACK-54 clear during add removes late marker and replacement cleans old message" classname="" time="0.000159" file="packages/adapter-slack/test/redteam.test.ts" line="1174" assertions="3" />
    <testcase name="RT-SLACK-54 cleanup errors are logged without blocking delivery confirmation" classname="" time="0.000383" file="packages/adapter-slack/test/redteam.test.ts" line="1199" assertions="2">
      <failure type="AssertionError" message="expect(received).toBeGreaterThan(expected)&#10;&#10;Expected: &gt; 0&#10;Received: 0&#10;">AssertionError: expect(received).toBeGreaterThan(expected)&#10;&#10;Expected: &gt; 0&#10;Received: 0&#10;&#10;      at packages/adapter-slack/test/redteam.test.ts:1213:24&#10;</failure>
    </testcase>
    <testcase name="RT-SLACK-57 persona allowlist is disjoint and thumbs up leaves presence alone" classname="" time="0.000293" file="packages/adapter-slack/test/redteam.test.ts" line="1216" assertions="15" />
    <testcase name="RT-SLACK-58 orphan election tombstone cleanup live transition false" classname="" time="1.32768" file="packages/adapter-slack/test/redteam.test.ts" line="1236" assertions="3" />
    <testcase name="RT-SLACK-58 orphan election tombstone cleanup live transition true" classname="" time="1.244283" file="packages/adapter-slack/test/redteam.test.ts" line="1236" assertions="3" />
    <testcase name="RT-SLACK-59 dispatch prioritizes late delivery over 1 queued cosmetics" classname="" time="0.000282" file="packages/adapter-slack/test/redteam.test.ts" line="1264" assertions="2" />
    <testcase name="RT-SLACK-59 dispatch prioritizes late delivery over 20 queued cosmetics" classname="" time="0.00011" file="packages/adapter-slack/test/redteam.test.ts" line="1264" assertions="2" />
    <testcase name="RT-SLACK-60 body ratelimited 2 refusals retries exact Retry-After" classname="" time="0.000174" file="packages/adapter-slack/test/redteam.test.ts" line="1299" assertions="3" />
    <testcase name="RT-SLACK-60 body ratelimited 4 refusals retries exact Retry-After" classname="" time="0.00003" file="packages/adapter-slack/test/redteam.test.ts" line="1299" assertions="4" />
    <testcase name="RT-SLACK-61 bounded pending thread cursor drains five replies in two passes without resend" classname="" time="0.000204" file="packages/adapter-slack/test/redteam.test.ts" line="1321" assertions="4" />
    <testcase name="RT-SLACK-62 overlapping link outages retain long socket outage despite short gateway blip" classname="" time="0.007245" file="packages/adapter-slack/test/redteam.test.ts" line="1359" assertions="2" />
    <testcase name="RT-SLACK-61 adapter persists pending through across bounded walks and clears completed root" classname="" time="0.005041" file="packages/adapter-slack/test/redteam.test.ts" line="1378" assertions="6" />
  </testsuite>
  <testsuite name="packages/sdk/test/client-held-events.test.ts" file="packages/sdk/test/client-held-events.test.ts" tests="2" assertions="10" failures="0" skipped="0" time="0.002392" hostname="MacBook-Pro-3.local">
    <testcase name="RT-SLACK-32 first SDK subscriber receives newest held events in order (2)" classname="" time="0.000607" file="packages/sdk/test/client-held-events.test.ts" line="6" assertions="5" />
    <testcase name="RT-SLACK-32 first SDK subscriber receives newest held events in order (1001)" classname="" time="0.00144" file="packages/sdk/test/client-held-events.test.ts" line="6" assertions="5" />
  </testsuite>
  <testsuite name="packages/gateway/test/slack-adapter-redteam.e2e.test.ts" file="packages/gateway/test/slack-adapter-redteam.e2e.test.ts" tests="19" assertions="106" failures="0" skipped="0" time="10.262933" hostname="MacBook-Pro-3.local">
    <testcase name="RT-SLACK-20 unconfigured unmentioned Slack channel is context only" classname="" time="0.367514" file="packages/gateway/test/slack-adapter-redteam.e2e.test.ts" line="73" assertions="4" />
    <testcase name="RT-SLACK-21 mention-open engages and persona markup is escaped at Slack boundary" classname="" time="0.351209" file="packages/gateway/test/slack-adapter-redteam.e2e.test.ts" line="83" assertions="4" />
    <testcase name="RT-SLACK-22 check reaction token delivers on Slack and is refused on Telegram" classname="" time="0.687883" file="packages/gateway/test/slack-adapter-redteam.e2e.test.ts" line="93" assertions="5" />
    <testcase name="RT-SLACK-23 monitor and loopback cannot chat.react" classname="" time="0.02994" file="packages/gateway/test/slack-adapter-redteam.e2e.test.ts" line="124" assertions="3" />
    <testcase name="RT-SLACK-24 thread and channel isolate sessions and route replies" classname="" time="0.350677" file="packages/gateway/test/slack-adapter-redteam.e2e.test.ts" line="136" assertions="3" />
    <testcase name="RT-SLACK-34 real gateway threaded DM chunks default to inbound root" classname="" time="0.349999" file="packages/gateway/test/slack-adapter-redteam.e2e.test.ts" line="161" assertions="8" />
    <testcase name="RT-SLACK-34 real gateway threaded DM chunks explicit reply wins" classname="" time="0.356017" file="packages/gateway/test/slack-adapter-redteam.e2e.test.ts" line="161" assertions="8" />
    <testcase name="RT-SLACK-34 plain channel reply threads under the triggering message; an explicit target wins" classname="" time="0.721847" file="packages/gateway/test/slack-adapter-redteam.e2e.test.ts" line="185" assertions="2" />
    <testcase name="RT-SLACK-33 discord stale lock has exactly one winner under 20 concurrent reclaims" classname="" time="0.062915" file="packages/gateway/test/slack-adapter-redteam.e2e.test.ts" line="196" assertions="21" />
    <testcase name="RT-SLACK-46 slack channel triggering root preserves platform routing on redelivery" classname="" time="0.703177" file="packages/gateway/test/slack-adapter-redteam.e2e.test.ts" line="215" assertions="3" />
    <testcase name="RT-SLACK-46 discord channel triggering root preserves platform routing on redelivery" classname="" time="0.688132" file="packages/gateway/test/slack-adapter-redteam.e2e.test.ts" line="215" assertions="2" />
    <testcase name="RT-SLACK-46 telegram channel triggering root preserves platform routing on redelivery" classname="" time="0.704721" file="packages/gateway/test/slack-adapter-redteam.e2e.test.ts" line="215" assertions="2" />
    <testcase name="RT-SLACK-46 slash synthetic message id cannot become Slack thread root" classname="" time="0.347291" file="packages/gateway/test/slack-adapter-redteam.e2e.test.ts" line="231" assertions="2" />
    <testcase name="RT-SLACK-50 real socket activity bounds burst details thinking writing and exactly one final" classname="" time="0.264669" file="packages/gateway/test/slack-adapter-redteam.e2e.test.ts" line="244" assertions="10" />
    <testcase name="RT-SLACK-45 discord live marker survives and timeout names pidfile holder" classname="" time="1.250498" file="packages/gateway/test/slack-adapter-redteam.e2e.test.ts" line="304" assertions="7" />
    <testcase name="RT-SLACK-45 discord dead marker elects one of two waiters" classname="" time="1.225559" file="packages/gateway/test/slack-adapter-redteam.e2e.test.ts" line="304" assertions="3" />
    <testcase name="RT-SLACK-56 real gateway presence precedes progress and clears thread delivery" classname="" time="0.391685" file="packages/gateway/test/slack-adapter-redteam.e2e.test.ts" line="343" assertions="7" />
    <testcase name="RT-SLACK-56 real gateway presence precedes progress and clears silent final" classname="" time="0.369038" file="packages/gateway/test/slack-adapter-redteam.e2e.test.ts" line="343" assertions="7" />
    <testcase name="RT-SLACK-63 edited channel response uses original root and slash new remains unthreaded" classname="" time="1.030079" file="packages/gateway/test/slack-adapter-redteam.e2e.test.ts" line="398" assertions="5" />
  </testsuite>
</testsuites>
