<?xml version="1.0" encoding="UTF-8"?>
<!-- sourceHash: sha256:afbb9a77cb5ff7da17c201a039f12fd78aa9b2660ed6ce4b1829566b98061917; frozenCommit: 5001727 -->
<testsuites name="bun test" tests="83" assertions="63" failures="0" skipped="77" time="5.175772">
  <testsuite name="packages/adapter-slack/test/redteam.test.ts" file="packages/adapter-slack/test/redteam.test.ts" tests="64" assertions="32" failures="0" skipped="61" time="2.591904" hostname="MacBook-Pro-3.local">
    <testcase name="RT-SLACK-01 throwing handlers ack first, retries dedupe, malformed frames survive and disconnect reconnects" classname="" time="0" file="packages/adapter-slack/test/redteam.test.ts" line="196" assertions="0">
      <skipped />
    </testcase>
    <testcase name="RT-SLACK-02 hostile timestamps never emit non-platform message ids" classname="" time="0" file="packages/adapter-slack/test/redteam.test.ts" line="236" assertions="0">
      <skipped />
    </testcase>
    <testcase name="RT-SLACK-03 foreign reply target is a definitive delivery failure, never thread_ts" classname="" time="0" file="packages/adapter-slack/test/redteam.test.ts" line="245" assertions="0">
      <skipped />
    </testcase>
    <testcase name="RT-SLACK-04 literal mentions in code count; entities decode once and broadcasts normalize" classname="" time="0" file="packages/adapter-slack/test/redteam.test.ts" line="257" assertions="0">
      <skipped />
    </testcase>
    <testcase name="RT-SLACK-05 fifty-thousand-character fenced text has bounded balanced chunks" classname="" time="0" file="packages/adapter-slack/test/redteam.test.ts" line="272" assertions="0">
      <skipped />
    </testcase>
    <testcase name="RT-SLACK-06 file-only body survives and empty body drops" classname="" time="0" file="packages/adapter-slack/test/redteam.test.ts" line="281" assertions="0">
      <skipped />
    </testcase>
    <testcase name="RT-SLACK-07 own, hidden, every skipped subtype, unchanged/empty edits and app_mention never send" classname="" time="0" file="packages/adapter-slack/test/redteam.test.ts" line="293" assertions="0">
      <skipped />
    </testcase>
    <testcase name="RT-SLACK-08 bot parent mentions; unknown parent omits fromSelf" classname="" time="0" file="packages/adapter-slack/test/redteam.test.ts" line="311" assertions="0">
      <skipped />
    </testcase>
    <testcase name="RT-SLACK-09 transport failure ambiguous, Slack API failure definitive" classname="" time="0" file="packages/adapter-slack/test/redteam.test.ts" line="320" assertions="0">
      <skipped />
    </testcase>
    <testcase name="RT-SLACK-10 all three chunks keep thread and duplicate warning" classname="" time="0" file="packages/adapter-slack/test/redteam.test.ts" line="340" assertions="0">
      <skipped />
    </testcase>
    <testcase name="RT-SLACK-11 malformed and unknown reactions fail without API; already_reacted confirms" classname="" time="0" file="packages/adapter-slack/test/redteam.test.ts" line="358" assertions="0">
      <skipped />
    </testcase>
    <testcase name="RT-SLACK-12 disconnected edit overflow retains newest 256 and replays ordered" classname="" time="0" file="packages/adapter-slack/test/redteam.test.ts" line="382" assertions="0">
      <skipped />
    </testcase>
    <testcase name="RT-SLACK-13 failed edit remains queued and reconnects for replay" classname="" time="0" file="packages/adapter-slack/test/redteam.test.ts" line="400" assertions="0">
      <skipped />
    </testcase>
    <testcase name="RT-SLACK-14 duplicate inbound dedupes but unavailable is forgotten" classname="" time="0" file="packages/adapter-slack/test/redteam.test.ts" line="415" assertions="0">
      <skipped />
    </testcase>
    <testcase name="RT-SLACK-15 newest-first recovery delivers ascending and cannot cross unavailable" classname="" time="0" file="packages/adapter-slack/test/redteam.test.ts" line="429" assertions="0">
      <skipped />
    </testcase>
    <testcase name="RT-SLACK-16 recovered replies retain thread origin" classname="" time="0" file="packages/adapter-slack/test/redteam.test.ts" line="465" assertions="0">
      <skipped />
    </testcase>
    <testcase name="RT-SLACK-17 three-strike quarantine is re-probed after gateway reconnect" classname="" time="0" file="packages/adapter-slack/test/redteam.test.ts" line="490" assertions="0">
      <skipped />
    </testcase>
    <testcase name="RT-SLACK-18 twenty recovery triggers remain single flight" classname="" time="0" file="packages/adapter-slack/test/redteam.test.ts" line="504" assertions="0">
      <skipped />
    </testcase>
    <testcase name="RT-SLACK-19 credential prefixes fail without secrets, relative files resolve and unknown channel keys reject" classname="" time="0" file="packages/adapter-slack/test/redteam.test.ts" line="529" assertions="0">
      <skipped />
    </testcase>
    <testcase name="RT-SLACK-25 already_reacted Web API response confirms delivery" classname="" time="0" file="packages/adapter-slack/test/redteam.test.ts" line="562" assertions="0">
      <skipped />
    </testcase>
    <testcase name="RT-SLACK-30 pending sends share failure and survive client adoption" classname="" time="0" file="packages/adapter-slack/test/redteam.test.ts" line="576" assertions="0">
      <skipped />
    </testcase>
    <testcase name="RT-SLACK-31 unreadable success bodies are ambiguous but explicit refusal is definitive" classname="" time="0" file="packages/adapter-slack/test/redteam.test.ts" line="602" assertions="0">
      <skipped />
    </testcase>
    <testcase name="RT-SLACK-33 slack stale lock has exactly one winner under 20 concurrent reclaims" classname="" time="0.11834" file="packages/adapter-slack/test/redteam.test.ts" line="639" assertions="21" />
    <testcase name="RT-SLACK-35 bounded continuation closes the gap without losing newer arrivals" classname="" time="0" file="packages/adapter-slack/test/redteam.test.ts" line="654" assertions="0">
      <skipped />
    </testcase>
    <testcase name="RT-SLACK-36 participated threads recover without history and expire" classname="" time="0" file="packages/adapter-slack/test/redteam.test.ts" line="700" assertions="0">
      <skipped />
    </testcase>
    <testcase name="RT-SLACK-37 only terminal refusals consume dead-letter budget" classname="" time="0" file="packages/adapter-slack/test/redteam.test.ts" line="718" assertions="0">
      <skipped />
    </testcase>
    <testcase name="RT-SLACK-38 unsaved recovery state prevents success until disk is restored" classname="" time="0" file="packages/adapter-slack/test/redteam.test.ts" line="757" assertions="0">
      <skipped />
    </testcase>
    <testcase name="RT-SLACK-39 slash acknowledgements reflect restart failure duplicates and unknown commands" classname="" time="0" file="packages/adapter-slack/test/redteam.test.ts" line="772" assertions="0">
      <skipped />
    </testcase>
    <testcase name="RT-SLACK-40 addressed accepted turns get a presence reaction on the triggering message before any progress" classname="" time="0" file="packages/adapter-slack/test/redteam.test.ts" line="798" assertions="0">
      <skipped />
    </testcase>
    <testcase name="RT-SLACK-41 unknown rocket reaction fails definitively without a Slack call" classname="" time="0" file="packages/adapter-slack/test/redteam.test.ts" line="825" assertions="0">
      <skipped />
    </testcase>
    <testcase name="RT-SLACK-42 orphaned reclaim marker permits acquisition within two seconds and is removed" classname="" time="0" file="packages/adapter-slack/test/redteam.test.ts" line="840" assertions="0">
      <skipped />
    </testcase>
    <testcase name="RT-SLACK-43 live holder arriving during election is never replaced by waiting contenders" classname="" time="0" file="packages/adapter-slack/test/redteam.test.ts" line="860" assertions="0">
      <skipped />
    </testcase>
    <testcase name="RT-SLACK-44 release by a former holder after losing election preserves the winner pidfile" classname="" time="0" file="packages/adapter-slack/test/redteam.test.ts" line="895" assertions="0">
      <skipped />
    </testcase>
    <testcase name="RT-SLACK-45 live 0.9s marker survives timeout naming new holder" classname="" time="1.226579" file="packages/adapter-slack/test/redteam.test.ts" line="919" assertions="8" />
    <testcase name="RT-SLACK-45 two waiters reclaim old dead marker with one winner" classname="" time="1.239825" file="packages/adapter-slack/test/redteam.test.ts" line="919" assertions="3" />
    <testcase name="RT-SLACK-47 rate-limit settlement 4 refusals Retry-After 2" classname="" time="0" file="packages/adapter-slack/test/redteam.test.ts" line="965" assertions="0">
      <skipped />
    </testcase>
    <testcase name="RT-SLACK-47 rate-limit settlement 2 refusals Retry-After 2" classname="" time="0" file="packages/adapter-slack/test/redteam.test.ts" line="965" assertions="0">
      <skipped />
    </testcase>
    <testcase name="RT-SLACK-47 rate-limit settlement 2 refusals Retry-After 99" classname="" time="0" file="packages/adapter-slack/test/redteam.test.ts" line="965" assertions="0">
      <skipped />
    </testcase>
    <testcase name="RT-SLACK-47 rate-limit settlement 2 refusals Retry-After null" classname="" time="0" file="packages/adapter-slack/test/redteam.test.ts" line="965" assertions="0">
      <skipped />
    </testcase>
    <testcase name="RT-SLACK-48 concurrent delivery queue drains before cosmetic without starvation across channels" classname="" time="0" file="packages/adapter-slack/test/redteam.test.ts" line="993" assertions="0">
      <skipped />
    </testcase>
    <testcase name="RT-SLACK-49 presence coalesces thirty ticks into a bounded number of reaction swaps and clears once" classname="" time="0" file="packages/adapter-slack/test/redteam.test.ts" line="1030" assertions="0">
      <skipped />
    </testcase>
    <testcase name="RT-SLACK-51 unengaged truncated reply walks persist and drain pending roots without aging participation" classname="" time="0" file="packages/adapter-slack/test/redteam.test.ts" line="1069" assertions="0">
      <skipped />
    </testcase>
    <testcase name="RT-SLACK-52 recent clean recovery gate outage 2000 quarantine false" classname="" time="0" file="packages/adapter-slack/test/redteam.test.ts" line="1109" assertions="0">
      <skipped />
    </testcase>
    <testcase name="RT-SLACK-52 recent clean recovery gate outage 6000 quarantine false" classname="" time="0" file="packages/adapter-slack/test/redteam.test.ts" line="1109" assertions="0">
      <skipped />
    </testcase>
    <testcase name="RT-SLACK-52 recent clean recovery gate outage 2000 quarantine true" classname="" time="0" file="packages/adapter-slack/test/redteam.test.ts" line="1109" assertions="0">
      <skipped />
    </testcase>
    <testcase name="RT-SLACK-53 gradient buckets coalescing exact cleanup and stale timeout" classname="" time="0" file="packages/adapter-slack/test/redteam.test.ts" line="1128" assertions="0">
      <skipped />
    </testcase>
    <testcase name="RT-SLACK-54 clear during add removes late marker and replacement cleans old message" classname="" time="0" file="packages/adapter-slack/test/redteam.test.ts" line="1183" assertions="0">
      <skipped />
    </testcase>
    <testcase name="RT-SLACK-54 cleanup errors are logged without blocking delivery confirmation" classname="" time="0" file="packages/adapter-slack/test/redteam.test.ts" line="1208" assertions="0">
      <skipped />
    </testcase>
    <testcase name="RT-SLACK-57 persona allowlist is disjoint and thumbs up leaves presence alone" classname="" time="0" file="packages/adapter-slack/test/redteam.test.ts" line="1225" assertions="0">
      <skipped />
    </testcase>
    <testcase name="RT-SLACK-58 orphan election tombstone cleanup live transition false" classname="" time="0" file="packages/adapter-slack/test/redteam.test.ts" line="1245" assertions="0">
      <skipped />
    </testcase>
    <testcase name="RT-SLACK-58 orphan election tombstone cleanup live transition true" classname="" time="0" file="packages/adapter-slack/test/redteam.test.ts" line="1245" assertions="0">
      <skipped />
    </testcase>
    <testcase name="RT-SLACK-59 dispatch prioritizes late delivery over 1 queued cosmetics" classname="" time="0" file="packages/adapter-slack/test/redteam.test.ts" line="1274" assertions="0">
      <skipped />
    </testcase>
    <testcase name="RT-SLACK-59 dispatch prioritizes late delivery over 20 queued cosmetics" classname="" time="0" file="packages/adapter-slack/test/redteam.test.ts" line="1274" assertions="0">
      <skipped />
    </testcase>
    <testcase name="RT-SLACK-60 body ratelimited 2 refusals retries exact Retry-After" classname="" time="0" file="packages/adapter-slack/test/redteam.test.ts" line="1309" assertions="0">
      <skipped />
    </testcase>
    <testcase name="RT-SLACK-60 body ratelimited 4 refusals retries exact Retry-After" classname="" time="0" file="packages/adapter-slack/test/redteam.test.ts" line="1309" assertions="0">
      <skipped />
    </testcase>
    <testcase name="RT-SLACK-61 bounded pending thread cursor drains five replies in two passes without resend" classname="" time="0" file="packages/adapter-slack/test/redteam.test.ts" line="1331" assertions="0">
      <skipped />
    </testcase>
    <testcase name="RT-SLACK-62 overlapping link outages retain long socket outage despite short gateway blip" classname="" time="0" file="packages/adapter-slack/test/redteam.test.ts" line="1369" assertions="0">
      <skipped />
    </testcase>
    <testcase name="RT-SLACK-61 adapter persists pending through across bounded walks and clears completed root" classname="" time="0" file="packages/adapter-slack/test/redteam.test.ts" line="1388" assertions="0">
      <skipped />
    </testcase>
    <testcase name="RT-SLACK-64 twenty contenders elect exactly one winner in twenty stale elections" classname="" time="0" file="packages/adapter-slack/test/redteam.test.ts" line="1421" assertions="0">
      <skipped />
    </testcase>
    <testcase name="RT-SLACK-65 aged ownerless election recovers within two seconds" classname="" time="0" file="packages/adapter-slack/test/redteam.test.ts" line="1442" assertions="0">
      <skipped />
    </testcase>
    <testcase name="RT-SLACK-66 fresh live election replacing abandoned directory survives waiting contender" classname="" time="0" file="packages/adapter-slack/test/redteam.test.ts" line="1457" assertions="0">
      <skipped />
    </testcase>
    <testcase name="RT-SLACK-67 failed add retries on later update and each failed remove logs without blocking delivery" classname="" time="0" file="packages/adapter-slack/test/redteam.test.ts" line="1486" assertions="0">
      <skipped />
    </testcase>
    <testcase name="RT-SLACK-67 fetcher flipping desired state on every add is bounded to eight passes" classname="" time="0" file="packages/adapter-slack/test/redteam.test.ts" line="1535" assertions="0">
      <skipped />
    </testcase>
    <testcase name="RT-SLACK-69 retirement frees idle lane and preserves waiter arriving during retirement sleep" classname="" time="0" file="packages/adapter-slack/test/redteam.test.ts" line="1574" assertions="0">
      <skipped />
    </testcase>
  </testsuite>
  <testsuite name="packages/gateway/test/slack-adapter-redteam.e2e.test.ts" file="packages/gateway/test/slack-adapter-redteam.e2e.test.ts" tests="19" assertions="31" failures="0" skipped="16" time="2.568014" hostname="MacBook-Pro-3.local">
    <testcase name="RT-SLACK-20 unconfigured unmentioned Slack channel is context only" classname="" time="0" file="packages/gateway/test/slack-adapter-redteam.e2e.test.ts" line="73" assertions="0">
      <skipped />
    </testcase>
    <testcase name="RT-SLACK-21 mention-open engages and persona markup is escaped at Slack boundary" classname="" time="0" file="packages/gateway/test/slack-adapter-redteam.e2e.test.ts" line="83" assertions="0">
      <skipped />
    </testcase>
    <testcase name="RT-SLACK-22 check reaction token delivers on Slack and is refused on Telegram" classname="" time="0" file="packages/gateway/test/slack-adapter-redteam.e2e.test.ts" line="93" assertions="0">
      <skipped />
    </testcase>
    <testcase name="RT-SLACK-23 monitor and loopback cannot chat.react" classname="" time="0" file="packages/gateway/test/slack-adapter-redteam.e2e.test.ts" line="124" assertions="0">
      <skipped />
    </testcase>
    <testcase name="RT-SLACK-24 thread and channel isolate sessions and route replies" classname="" time="0" file="packages/gateway/test/slack-adapter-redteam.e2e.test.ts" line="136" assertions="0">
      <skipped />
    </testcase>
    <testcase name="RT-SLACK-34 real gateway threaded DM chunks default to inbound root" classname="" time="0" file="packages/gateway/test/slack-adapter-redteam.e2e.test.ts" line="161" assertions="0">
      <skipped />
    </testcase>
    <testcase name="RT-SLACK-34 real gateway threaded DM chunks explicit reply wins" classname="" time="0" file="packages/gateway/test/slack-adapter-redteam.e2e.test.ts" line="161" assertions="0">
      <skipped />
    </testcase>
    <testcase name="RT-SLACK-34 plain channel reply threads under the triggering message; an explicit target wins" classname="" time="0" file="packages/gateway/test/slack-adapter-redteam.e2e.test.ts" line="185" assertions="0">
      <skipped />
    </testcase>
    <testcase name="RT-SLACK-33 discord stale lock has exactly one winner under 20 concurrent reclaims" classname="" time="0.119115" file="packages/gateway/test/slack-adapter-redteam.e2e.test.ts" line="196" assertions="21" />
    <testcase name="RT-SLACK-46 slack channel triggering root preserves platform routing on redelivery" classname="" time="0" file="packages/gateway/test/slack-adapter-redteam.e2e.test.ts" line="215" assertions="0">
      <skipped />
    </testcase>
    <testcase name="RT-SLACK-46 discord channel triggering root preserves platform routing on redelivery" classname="" time="0" file="packages/gateway/test/slack-adapter-redteam.e2e.test.ts" line="215" assertions="0">
      <skipped />
    </testcase>
    <testcase name="RT-SLACK-46 telegram channel triggering root preserves platform routing on redelivery" classname="" time="0" file="packages/gateway/test/slack-adapter-redteam.e2e.test.ts" line="215" assertions="0">
      <skipped />
    </testcase>
    <testcase name="RT-SLACK-46 slash synthetic message id cannot become Slack thread root" classname="" time="0" file="packages/gateway/test/slack-adapter-redteam.e2e.test.ts" line="231" assertions="0">
      <skipped />
    </testcase>
    <testcase name="RT-SLACK-50 real socket activity bounds burst details thinking writing and exactly one final" classname="" time="0" file="packages/gateway/test/slack-adapter-redteam.e2e.test.ts" line="244" assertions="0">
      <skipped />
    </testcase>
    <testcase name="RT-SLACK-45 discord live marker survives and timeout names pidfile holder" classname="" time="1.220131" file="packages/gateway/test/slack-adapter-redteam.e2e.test.ts" line="304" assertions="7" />
    <testcase name="RT-SLACK-45 discord dead marker elects one of two waiters" classname="" time="1.221126" file="packages/gateway/test/slack-adapter-redteam.e2e.test.ts" line="304" assertions="3" />
    <testcase name="RT-SLACK-56 real gateway presence precedes progress and clears thread delivery" classname="" time="0" file="packages/gateway/test/slack-adapter-redteam.e2e.test.ts" line="343" assertions="0">
      <skipped />
    </testcase>
    <testcase name="RT-SLACK-56 real gateway presence precedes progress and clears silent final" classname="" time="0" file="packages/gateway/test/slack-adapter-redteam.e2e.test.ts" line="343" assertions="0">
      <skipped />
    </testcase>
    <testcase name="RT-SLACK-63 edited channel response uses original root and slash new remains unthreaded" classname="" time="0" file="packages/gateway/test/slack-adapter-redteam.e2e.test.ts" line="398" assertions="0">
      <skipped />
    </testcase>
  </testsuite>
</testsuites>
