<?xml version="1.0" encoding="UTF-8"?>
<testsuites name="bun test" tests="1205" assertions="5748" failures="0" skipped="3" time="91.149018">
  <testsuite name="packages/adapter-discord/test/attachments.test.ts" file="packages/adapter-discord/test/attachments.test.ts" tests="16" assertions="26" failures="0" skipped="0" time="0.001831" hostname="MacBook-Pro-3.local">
    <testcase name="a voice message is recognized by its duration and waveform" classname="" time="0.000068" file="packages/adapter-discord/test/attachments.test.ts" line="18" assertions="1" />
    <testcase name="an ordinary audio upload is not a voice message even with the same mime type" classname="" time="0.000021" file="packages/adapter-discord/test/attachments.test.ts" line="22" assertions="1" />
    <testcase name="a waveform without a duration is not enough to claim a voice message" classname="" time="0.000007" file="packages/adapter-discord/test/attachments.test.ts" line="26" assertions="1" />
    <testcase name="a voice message renders its length, size and url" classname="" time="0.000171" file="packages/adapter-discord/test/attachments.test.ts" line="30" assertions="1" />
    <testcase name="a voice message over a minute renders as m:ss" classname="" time="0.000017" file="packages/adapter-discord/test/attachments.test.ts" line="36" assertions="1" />
    <testcase name="attachment kind comes from the mime type so the persona need not parse it" classname="" time="0.000036" file="packages/adapter-discord/test/attachments.test.ts" line="40" assertions="4" />
    <testcase name="an attachment-only message produces a body instead of the empty string that was dropped" classname="" time="0.000099" file="packages/adapter-discord/test/attachments.test.ts" line="51" assertions="1" />
    <testcase name="a caption keeps its own line and the attachment follows it" classname="" time="0.000015" file="packages/adapter-discord/test/attachments.test.ts" line="55" assertions="1" />
    <testcase name="a whitespace-only caption is treated as no caption rather than kept as a blank line" classname="" time="0.000008" file="packages/adapter-discord/test/attachments.test.ts" line="61" assertions="1" />
    <testcase name="a plain text message is passed through untouched" classname="" time="0.000007" file="packages/adapter-discord/test/attachments.test.ts" line="67" assertions="2" />
    <testcase name="a message with neither text nor attachments stays empty so it is still dropped" classname="" time="0.000005" file="packages/adapter-discord/test/attachments.test.ts" line="72" assertions="2" />
    <testcase name="every attachment gets a line" classname="" time="0.00001" file="packages/adapter-discord/test/attachments.test.ts" line="77" assertions="1" />
    <testcase name="a flood of attachments is capped with a remainder line so one message cannot swamp the turn" classname="" time="0.00014" file="packages/adapter-discord/test/attachments.test.ts" line="88" assertions="2" />
    <testcase name="the remainder line stays singular for exactly one extra attachment" classname="" time="0.000027" file="packages/adapter-discord/test/attachments.test.ts" line="95" assertions="1" />
    <testcase name="collectAttachments tolerates the field being absent, null or already an array" classname="" time="0.000031" file="packages/adapter-discord/test/attachments.test.ts" line="100" assertions="4" />
    <testcase name="a Map-like collection is read through values() rather than as entry pairs" classname="" time="0.000031" file="packages/adapter-discord/test/attachments.test.ts" line="110" assertions="2" />
  </testsuite>
  <testsuite name="packages/adapter-discord/test/author.test.ts" file="packages/adapter-discord/test/author.test.ts" tests="19" assertions="27" failures="0" skipped="0" time="0.00093" hostname="MacBook-Pro-3.local">
    <testsuite name="resolveDisplayName" file="packages/adapter-discord/test/author.test.ts" line="6" tests="7" assertions="10" failures="0" skipped="0" time="0" hostname="MacBook-Pro-3.local">
      <testcase name="prefers the guild nickname the room actually shows" classname="resolveDisplayName" time="0.000047" file="packages/adapter-discord/test/author.test.ts" line="7" assertions="1" />
      <testcase name="falls back to the member display name when no nickname is set" classname="resolveDisplayName" time="0.000009" file="packages/adapter-discord/test/author.test.ts" line="11" assertions="1" />
      <testcase name="falls back to the global name with no member, e.g. a DM" classname="resolveDisplayName" time="0.000007" file="packages/adapter-discord/test/author.test.ts" line="15" assertions="2" />
      <testcase name="uses the handle only when nothing else exists" classname="resolveDisplayName" time="0.000008" file="packages/adapter-discord/test/author.test.ts" line="20" assertions="1" />
      <testcase name="skips blank and whitespace-only values instead of reporting them" classname="resolveDisplayName" time="0.000006" file="packages/adapter-discord/test/author.test.ts" line="24" assertions="1" />
      <testcase name="returns undefined when the platform provides no name at all" classname="resolveDisplayName" time="0.000011" file="packages/adapter-discord/test/author.test.ts" line="30" assertions="2" />
      <testcase name="the same account resolves differently per server" classname="resolveDisplayName" time="0.000009" file="packages/adapter-discord/test/author.test.ts" line="35" assertions="2" />
    </testsuite>
    <testsuite name="resolveAuthorNames" file="packages/adapter-discord/test/author.test.ts" line="41" tests="4" assertions="5" failures="0" skipped="0" time="0" hostname="MacBook-Pro-3.local">
      <testcase name="returns the display name and the handle separately" classname="resolveAuthorNames" time="0.000029" file="packages/adapter-discord/test/author.test.ts" line="42" assertions="1" />
      <testcase name="omits the handle when the platform sends none" classname="resolveAuthorNames" time="0.000007" file="packages/adapter-discord/test/author.test.ts" line="49" assertions="1" />
      <testcase name="omits both for an author with no names" classname="resolveAuthorNames" time="0.000005" file="packages/adapter-discord/test/author.test.ts" line="55" assertions="1" />
      <testcase name="display name equals the handle when that is all there is" classname="resolveAuthorNames" time="0.000008" file="packages/adapter-discord/test/author.test.ts" line="59" assertions="2" />
    </testsuite>
    <testsuite name="raw-API member shape" file="packages/adapter-discord/test/author.test.ts" line="66" tests="3" assertions="4" failures="0" skipped="0" time="0" hostname="MacBook-Pro-3.local">
      <testcase name="honours the raw `nick` spelling an uncached interaction carries" classname="raw-API member shape" time="0.000005" file="packages/adapter-discord/test/author.test.ts" line="67" assertions="1" />
      <testcase name="nick and nickname agree; either one wins over the global name" classname="raw-API member shape" time="0.000006" file="packages/adapter-discord/test/author.test.ts" line="71" assertions="2" />
      <testcase name="a blank raw nick falls through to the next candidate" classname="raw-API member shape" time="0.000004" file="packages/adapter-discord/test/author.test.ts" line="76" assertions="1" />
    </testsuite>
    <testsuite name="resolveServerTag" file="packages/adapter-discord/test/author.test.ts" line="81" tests="5" assertions="8" failures="0" skipped="0" time="0" hostname="MacBook-Pro-3.local">
      <testcase name="reads the server tag badge a reader sees next to the name" classname="resolveServerTag" time="0.000012" file="packages/adapter-discord/test/author.test.ts" line="82" assertions="1" />
      <testcase name="an author with no primary guild has no tag" classname="resolveServerTag" time="0.000007" file="packages/adapter-discord/test/author.test.ts" line="86" assertions="3" />
      <testcase name="a tag the account switched off is invisible to the room, so it is not reported" classname="resolveServerTag" time="0.000005" file="packages/adapter-discord/test/author.test.ts" line="92" assertions="1" />
      <testcase name="an unset or blank tag never propagates" classname="resolveServerTag" time="0.000006" file="packages/adapter-discord/test/author.test.ts" line="96" assertions="2" />
      <testcase name="identityEnabled left unreported still yields the tag Discord sent" classname="resolveServerTag" time="0.000004" file="packages/adapter-discord/test/author.test.ts" line="101" assertions="1" />
    </testsuite>
  </testsuite>
  <testsuite name="packages/adapter-discord/test/adapter.test.ts" file="packages/adapter-discord/test/adapter.test.ts" tests="21" assertions="56" failures="0" skipped="0" time="0.31661" hostname="MacBook-Pro-3.local">
    <testcase name="loads and trims the token credential file without exposing its value" classname="" time="0.002549" file="packages/adapter-discord/test/adapter.test.ts" line="26" assertions="3" />
    <testcase name="maps guild channels, threads, and DMs to canonical Discord origins" classname="" time="0.000067" file="packages/adapter-discord/test/adapter.test.ts" line="44" assertions="3" />
    <testcase name="derives engagement from Discord mentions and recognizes DMs as non-group" classname="" time="0.000183" file="packages/adapter-discord/test/adapter.test.ts" line="66" assertions="2" />
    <testcase name="reports the author&apos;s server tag, which every human in the room can already read" classname="" time="0.000035" file="packages/adapter-discord/test/adapter.test.ts" line="80" assertions="3" />
    <testcase name="LRU idempotency accepts each id once and evicts least recent ids" classname="" time="0.000058" file="packages/adapter-discord/test/adapter.test.ts" line="109" assertions="5" />
    <testcase name="chunks Discord messages at the 2000 character limit" classname="" time="0.000064" file="packages/adapter-discord/test/adapter.test.ts" line="118" assertions="1" />
    <testcase name="settles a delivery after sending all chunks" classname="" time="0.000471" file="packages/adapter-discord/test/adapter.test.ts" line="123" assertions="2" />
    <testcase name="prefixes ambiguous redelivery and records failed settlement" classname="" time="0.000204" file="packages/adapter-discord/test/adapter.test.ts" line="135" assertions="2" />
    <testcase name="a reaction delivery reacts to its target and never posts a message" classname="" time="0.000407" file="packages/adapter-discord/test/adapter.test.ts" line="159" assertions="3" />
    <testcase name="a reply-threaded delivery threads its first chunk and only its first chunk" classname="" time="0.000079" file="packages/adapter-discord/test/adapter.test.ts" line="182" assertions="4" />
    <testcase name="delivery subscription filters non-Discord and missing delivery ids" classname="" time="0.000098" file="packages/adapter-discord/test/adapter.test.ts" line="202" assertions="1" />
    <testcase name="typing indicator pulses while a turn runs and stops when the delivery settles" classname="" time="0.046265" file="packages/adapter-discord/test/adapter.test.ts" line="222" assertions="2" />
    <testcase name="a final progress event ends the typing hint even when the turn delivered nothing" classname="" time="0.046823" file="packages/adapter-discord/test/adapter.test.ts" line="243" assertions="3" />
    <testcase name="typing indicator stops at its deadline and on channels without sendTyping" classname="" time="0.083403" file="packages/adapter-discord/test/adapter.test.ts" line="283" assertions="2" />
    <testcase name="working status posts one amended message per conversation and clears on delivery" classname="" time="0.000672" file="packages/adapter-discord/test/adapter.test.ts" line="326" assertions="4" />
    <testcase name="working status ignores non-discord progress and survives channel failures" classname="" time="0.000182" file="packages/adapter-discord/test/adapter.test.ts" line="359" assertions="0" />
    <testcase name="slash commands /new and /reset map to gateway session resets with the invoker attributed" classname="" time="0.00026" file="packages/adapter-discord/test/adapter.test.ts" line="387" assertions="4" />
    <testcase name="a declined slash command answers not-authorized instead of claiming a reset" classname="" time="0.000106" file="packages/adapter-discord/test/adapter.test.ts" line="422" assertions="1" />
    <testcase name="presence is shown only where the persona was addressed: DM, mention, or open-channel promotion" classname="" time="0.000017" file="packages/adapter-discord/test/adapter.test.ts" line="442" assertions="3" />
    <testcase name="an unaddressed public-channel turn posts no working status until it is armed; clear disarms" classname="" time="0.000096" file="packages/adapter-discord/test/adapter.test.ts" line="448" assertions="4" />
    <testcase name="the working status never claims counters the runtime did not report" classname="" time="0.000018" file="packages/adapter-discord/test/adapter.test.ts" line="477" assertions="4" />
  </testsuite>
  <testsuite name="packages/adapter-discord/test/message-edit.test.ts" file="packages/adapter-discord/test/message-edit.test.ts" tests="5" assertions="12" failures="0" skipped="0" time="0.023164" hostname="MacBook-Pro-3.local">
    <testcase name="an edited human message in an open channel becomes a chat.edit with the new body and the original id" classname="" time="0.000111" file="packages/adapter-discord/test/message-edit.test.ts" line="24" assertions="1" />
    <testcase name="our own edited messages and edits to an empty body are not forwarded" classname="" time="0.000016" file="packages/adapter-discord/test/message-edit.test.ts" line="35" assertions="2" />
    <testcase name="a messageUpdate that is not a user edit is not forwarded: no edit timestamp, or an unchanged rendered body (embed/link-preview/pin updates)" classname="" time="0.00003" file="packages/adapter-discord/test/message-edit.test.ts" line="40" assertions="5" />
    <testcase name="sendEdit sends chat.edit, not chat.send, and is not swallowed by the message-id dedupe of the original" classname="" time="0.011489" file="packages/adapter-discord/test/message-edit.test.ts" line="65" assertions="3" />
    <testcase name="a failed chat.edit is logged and never throws out of the event handler" classname="" time="0.011243" file="packages/adapter-discord/test/message-edit.test.ts" line="90" assertions="1" />
  </testsuite>
  <testsuite name="packages/adapter-discord/test/reply.test.ts" file="packages/adapter-discord/test/reply.test.ts" tests="9" assertions="11" failures="0" skipped="0" time="0.000493" hostname="MacBook-Pro-3.local">
    <testcase name="a reply with the referenced author resolved reports every part" classname="" time="0.000049" file="packages/adapter-discord/test/reply.test.ts" line="6" assertions="1" />
    <testcase name="a reply with only the reference id keeps the relationship instead of dropping it" classname="" time="0.000008" file="packages/adapter-discord/test/reply.test.ts" line="18" assertions="1" />
    <testcase name="an unresolved referenced author leaves ownership undecided rather than false" classname="" time="0.000017" file="packages/adapter-discord/test/reply.test.ts" line="22" assertions="1" />
    <testcase name="a reply to our own message is flagged from the same bot id as mention detection" classname="" time="0.000012" file="packages/adapter-discord/test/reply.test.ts" line="26" assertions="1" />
    <testcase name="the handle is used only when the referenced author has no display name" classname="" time="0.000013" file="packages/adapter-discord/test/reply.test.ts" line="35" assertions="1" />
    <testcase name="a plain message with no reference is not a reply" classname="" time="0.000006" file="packages/adapter-discord/test/reply.test.ts" line="44" assertions="2" />
    <testcase name="a forward is a reference but not a reply" classname="" time="0.000005" file="packages/adapter-discord/test/reply.test.ts" line="49" assertions="1" />
    <testcase name="a reference without a usable message id is not a reply" classname="" time="0.000005" file="packages/adapter-discord/test/reply.test.ts" line="53" assertions="2" />
    <testcase name="ownership stays undecided when the bot id is unknown" classname="" time="0.000007" file="packages/adapter-discord/test/reply.test.ts" line="58" assertions="1" />
  </testsuite>
  <testsuite name="packages/adapter-discord/test/recovery.test.ts" file="packages/adapter-discord/test/recovery.test.ts" tests="45" assertions="170" failures="0" skipped="0" time="2.648738" hostname="MacBook-Pro-3.local">
    <testcase name="cursor path lives under the adapter home" classname="" time="0.000095" file="packages/adapter-discord/test/recovery.test.ts" line="110" assertions="1" />
    <testcase name="cursor store round-trips and ignores malformed state" classname="" time="0.001841" file="packages/adapter-discord/test/recovery.test.ts" line="114" assertions="4" />
    <testcase name="snowflake ordering and bootstrap cursor are time-correct" classname="" time="0.000045" file="packages/adapter-discord/test/recovery.test.ts" line="125" assertions="3" />
    <testcase name="non-engaged missed message is delivered exactly once and advances the cursor" classname="" time="0.000613" file="packages/adapter-discord/test/recovery.test.ts" line="133" assertions="5" />
    <testcase name="self-addressed missed message creates exactly one turn when authorized" classname="" time="0.000062" file="packages/adapter-discord/test/recovery.test.ts" line="159" assertions="3" />
    <testcase name="other-bot mention stays context-only and never triggers engagement" classname="" time="0.000041" file="packages/adapter-discord/test/recovery.test.ts" line="169" assertions="1" />
    <testcase name="live/backfill race delivers exactly once by message id" classname="" time="0.000042" file="packages/adapter-discord/test/recovery.test.ts" line="177" assertions="3" />
    <testcase name="shared gate joins live and backfill attempts and retries a rejected send" classname="" time="0.000066" file="packages/adapter-discord/test/recovery.test.ts" line="190" assertions="6" />
    <testcase name="interrupted recovery before ack leaves the message retryable" classname="" time="0.000084" file="packages/adapter-discord/test/recovery.test.ts" line="212" assertions="4" />
    <testcase name="gateway rejection is retried inside the pass and then persisted once" classname="" time="0.0137" file="packages/adapter-discord/test/recovery.test.ts" line="238" assertions="5" />
    <testcase name="cold-start recovery waits for both gateway client and Discord user" classname="" time="0.000943" file="packages/adapter-discord/test/recovery.test.ts" line="271" assertions="2" />
    <testcase name="long gaps paginate forward and report truncation at the page bound" classname="" time="0.000206" file="packages/adapter-discord/test/recovery.test.ts" line="311" assertions="7" />
    <testcase name="normalizes Discord Collections and delivers every page in ascending snowflake order" classname="" time="0.00013" file="packages/adapter-discord/test/recovery.test.ts" line="334" assertions="2" />
    <testcase name="bootstrap lookback bounds the first-run gap to 24h" classname="" time="0.000055" file="packages/adapter-discord/test/recovery.test.ts" line="363" assertions="2" />
    <testcase name="cursor file survives an interrupted persist without truncation" classname="" time="0.000838" file="packages/adapter-discord/test/recovery.test.ts" line="380" assertions="2" />
    <testcase name="live sends never advance the recovery watermark past an unrecovered gap" classname="" time="0.035997" file="packages/adapter-discord/test/recovery.test.ts" line="419" assertions="5" />
    <testcase name="unrecoverable watermarks are quarantined, bounded, and never deleted" classname="" time="0.013117" file="packages/adapter-discord/test/recovery.test.ts" line="459" assertions="4" />
    <testcase name="quarantine pruning uses insertion sequence, not JS key order" classname="" time="0.000976" file="packages/adapter-discord/test/recovery.test.ts" line="484" assertions="4" />
    <testcase name="skip-heavy gap keeps durable progress across the page bound" classname="" time="0.024996" file="packages/adapter-discord/test/recovery.test.ts" line="504" assertions="2" />
    <testcase name="a terminal message is discarded after the attempt threshold and dead-lettered" classname="" time="0.014311" file="packages/adapter-discord/test/recovery.test.ts" line="522" assertions="8" />
    <testcase name="repeated-page bail logs the cursor as unchanged instead of claiming progress" classname="" time="0.001101" file="packages/adapter-discord/test/recovery.test.ts" line="557" assertions="2" />
    <testcase name="an unreadable cursor store fails recovery closed and stays observable" classname="" time="0.000379" file="packages/adapter-discord/test/recovery.test.ts" line="581" assertions="2" />
    <testcase name="failure classification never guesses in favour of discarding" classname="" time="0.000083" file="packages/adapter-discord/test/recovery.test.ts" line="603" assertions="7" />
    <testcase name="a transient failure outlasting the in-pass budget neither advances nor discards" classname="" time="0.012794" file="packages/adapter-discord/test/recovery.test.ts" line="615" assertions="4" />
    <testcase name="an unclassifiable failure never advances the cursor and is never dead-lettered" classname="" time="0.012979" file="packages/adapter-discord/test/recovery.test.ts" line="631" assertions="3" />
    <testcase name="a scheduled retry that cannot proceed reschedules itself" classname="" time="1.20126" file="packages/adapter-discord/test/recovery.test.ts" line="645" assertions="3" />
    <testcase name="a channel dropped from config and re-added resumes from its quarantined watermark" classname="" time="0.035859" file="packages/adapter-discord/test/recovery.test.ts" line="659" assertions="3" />
    <testcase name="mass discards keep an audit digest after the dead-letter cap evicts records" classname="" time="1.086237" file="packages/adapter-discord/test/recovery.test.ts" line="679" assertions="6" />
    <testcase name="a contract-level invalid_params failure is never treated as message-specific" classname="" time="0.01312" file="packages/adapter-discord/test/recovery.test.ts" line="720" assertions="4" />
    <testcase name="a uniform terminal-looking failure across messages discards nothing" classname="" time="0.013194" file="packages/adapter-discord/test/recovery.test.ts" line="742" assertions="5" />
    <testcase name="a fresh acked for a later message in the same pass commits the held discard" classname="" time="0.013838" file="packages/adapter-discord/test/recovery.test.ts" line="762" assertions="4" />
    <testcase name="a throwing history fetch leaves other channels recovered and arms a retry" classname="" time="0.017433" file="packages/adapter-discord/test/recovery.test.ts" line="787" assertions="2" />
    <testcase name="a throwing history fetch is contained in the outcome instead of thrown" classname="" time="0.000154" file="packages/adapter-discord/test/recovery.test.ts" line="821" assertions="3" />
    <testcase name="one channel&apos;s unexpected throw leaves later channels recovered and arms a retry" classname="" time="0.012225" file="packages/adapter-discord/test/recovery.test.ts" line="835" assertions="2" />
    <testcase name="cross-pass accounting discards a message that alternates terminal and transient failures" classname="" time="0.004987" file="packages/adapter-discord/test/recovery.test.ts" line="869" assertions="6" />
    <testcase name="dead-letter recording is idempotent per message id" classname="" time="0.000085" file="packages/adapter-discord/test/recovery.test.ts" line="900" assertions="3" />
    <testcase name="a replayed discard after a crash does not double-count the dead letter" classname="" time="0.027934" file="packages/adapter-discord/test/recovery.test.ts" line="916" assertions="3" />
    <testcase name="a duplicate from an already-acked id never authorizes a discard" classname="" time="0.024919" file="packages/adapter-discord/test/recovery.test.ts" line="944" assertions="6" />
    <testcase name="a success from a previous pass does not authorize a discard in this pass" classname="" time="0.023841" file="packages/adapter-discord/test/recovery.test.ts" line="977" assertions="3" />
    <testcase name="a refetched page neither double-fires onDiscard nor inflates the uniform limit" classname="" time="0.000244" file="packages/adapter-discord/test/recovery.test.ts" line="1003" assertions="8" />
    <testcase name="ledger cap eviction preserves the active head-of-line entry" classname="" time="0.000184" file="packages/adapter-discord/test/recovery.test.ts" line="1043" assertions="7" />
    <testcase name="a channel that lost access marks the pass incomplete and leaves its cursor alone" classname="" time="0.012069" file="packages/adapter-discord/test/recovery.test.ts" line="1074" assertions="4" />
    <testcase name="gateway liveness monitor reconnects only after three consecutive status failures" classname="" time="0.000068" file="packages/adapter-discord/test/recovery.test.ts" line="1103" assertions="3" />
    <testcase name="a rejected engagement.reaction is logged, never a reconnect (live: 313 reconnects replaying one poisoned delivery)" classname="" time="0.021352" file="packages/adapter-discord/test/recovery.test.ts" line="1109" assertions="2" />
    <testcase name="typing begins only for addressed turns: an overheard public-channel turn stays invisible until it replies" classname="" time="0.00027" file="packages/adapter-discord/test/recovery.test.ts" line="1143" assertions="2" />
  </testsuite>
  <testsuite name="packages/adapter-discord/test/collab.test.ts" file="packages/adapter-discord/test/collab.test.ts" tests="8" assertions="10" failures="0" skipped="0" time="0.000622" hostname="MacBook-Pro-3.local">
    <testcase name="our own messages are ignored so the persona cannot answer itself" classname="" time="0.000126" file="packages/adapter-discord/test/collab.test.ts" line="18" assertions="1" />
    <testcase name="another bot is heard instead of being dropped" classname="" time="0.000099" file="packages/adapter-discord/test/collab.test.ts" line="22" assertions="2" />
    <testcase name="an open channel promotes a human message to a mention" classname="" time="0.000014" file="packages/adapter-discord/test/collab.test.ts" line="28" assertions="1" />
    <testcase name="an open channel never promotes a bot message, so two bots cannot loop" classname="" time="0.000014" file="packages/adapter-discord/test/collab.test.ts" line="32" assertions="1" />
    <testcase name="a bot that explicitly mentions us still earns a turn" classname="" time="0.000009" file="packages/adapter-discord/test/collab.test.ts" line="37" assertions="1" />
    <testcase name="outside an open channel a human still needs to mention us" classname="" time="0.000008" file="packages/adapter-discord/test/collab.test.ts" line="46" assertions="1" />
    <testcase name="a message without an id is ignored" classname="" time="0.000005" file="packages/adapter-discord/test/collab.test.ts" line="50" assertions="1" />
    <testcase name="group is set for channel origins and unset for direct messages" classname="" time="0.000016" file="packages/adapter-discord/test/collab.test.ts" line="54" assertions="2" />
  </testsuite>
  <testsuite name="packages/adapter-discord/test/reactions.test.ts" file="packages/adapter-discord/test/reactions.test.ts" tests="16" assertions="60" failures="0" skipped="0" time="0.001189" hostname="MacBook-Pro-3.local">
    <testcase name="reacts with the allowlist unicode and never posts a message" classname="" time="0.000154" file="packages/adapter-discord/test/reactions.test.ts" line="17" assertions="4" />
    <testcase name="prefers a same-named custom guild emoji and caches the lookup, hit and miss alike" classname="" time="0.000067" file="packages/adapter-discord/test/reactions.test.ts" line="33" assertions="7" />
    <testcase name="a custom guild emoji is reacted with name:id and still posts nothing" classname="" time="0.000041" file="packages/adapter-discord/test/reactions.test.ts" line="49" assertions="3" />
    <testcase name="a guild lacking the named emoji degrades to unicode and never leaks emoji markup to send()" classname="" time="0.000037" file="packages/adapter-discord/test/reactions.test.ts" line="65" assertions="5" />
    <testcase name="a deleted target message fails definitively and never confirms" classname="" time="0.000086" file="packages/adapter-discord/test/reactions.test.ts" line="84" assertions="1" />
    <testcase name="a non-snowflake target Discord rejects with 50035 fails definitively (live: UUID target replayed 19 times)" classname="" time="0.00005" file="packages/adapter-discord/test/reactions.test.ts" line="110" assertions="3" />
    <testcase name="Discord 50035 Invalid Form Body is permanent: the same request would fail identically on every redelivery" classname="" time="0.000097" file="packages/adapter-discord/test/reactions.test.ts" line="143" assertions="1" />
    <testcase name="a channel that cannot hold reactions fails definitively" classname="" time="0.00004" file="packages/adapter-discord/test/reactions.test.ts" line="161" assertions="4" />
    <testcase name="a 429 carrying retry_after is retried through the injected sleep and then confirms" classname="" time="0.00005" file="packages/adapter-discord/test/reactions.test.ts" line="179" assertions="3" />
    <testcase name="a 429 that outlives the attempt bound reports a failed delivery" classname="" time="0.000054" file="packages/adapter-discord/test/reactions.test.ts" line="204" assertions="3" />
    <testcase name="a rejection without retry instructions is not retried" classname="" time="0.000036" file="packages/adapter-discord/test/reactions.test.ts" line="227" assertions="3" />
    <testcase name="reads the retry hint in the units each source actually uses" classname="" time="0.000039" file="packages/adapter-discord/test/reactions.test.ts" line="241" assertions="9" />
    <testcase name="spaces successive reactions on one channel by the self-imposed floor" classname="" time="0.000065" file="packages/adapter-discord/test/reactions.test.ts" line="257" assertions="3" />
    <testcase name="inbound reactions ignore our own bot and describe human adds and removes identically" classname="" time="0.000047" file="packages/adapter-discord/test/reactions.test.ts" line="286" assertions="4" />
    <testcase name="inbound reactions report a custom emoji as custom:name and drop unplaceable ones" classname="" time="0.000024" file="packages/adapter-discord/test/reactions.test.ts" line="313" assertions="5" />
    <testcase name="a DM reaction is not a group engagement and keeps the reactor as peer" classname="" time="0.000016" file="packages/adapter-discord/test/reactions.test.ts" line="328" assertions="2" />
  </testsuite>
  <testsuite name="packages/adapter-discord/test/voice.test.ts" file="packages/adapter-discord/test/voice.test.ts" tests="25" assertions="54" failures="0" skipped="0" time="0.044728" hostname="MacBook-Pro-3.local">
    <testcase name="readTranscript reports speech as speech and rejects everything unusable" classname="" time="0.000072" file="packages/adapter-discord/test/voice.test.ts" line="32" assertions="8" />
    <testcase name="a non-speech event becomes its own outcome, never speech" classname="" time="0.000082" file="packages/adapter-discord/test/voice.test.ts" line="50" assertions="7" />
    <testcase name="detection language and confidence ride along on a non-speech outcome" classname="" time="0.000009" file="packages/adapter-discord/test/voice.test.ts" line="69" assertions="1" />
    <testcase name="speech is kept even when the transcriber annotates an event alongside it" classname="" time="0.000006" file="packages/adapter-discord/test/voice.test.ts" line="78" assertions="2" />
    <testcase name="ordinary speech containing brackets is not mistaken for an event tag" classname="" time="0.000006" file="packages/adapter-discord/test/voice.test.ts" line="87" assertions="2" />
    <testcase name="speech is appended bare, as the speaker&apos;s own words" classname="" time="0.00002" file="packages/adapter-discord/test/voice.test.ts" line="92" assertions="1" />
    <testcase name="a non-speech outcome is reported in the adapter&apos;s bracket style, not as an utterance" classname="" time="0.000018" file="packages/adapter-discord/test/voice.test.ts" line="100" assertions="3" />
    <testcase name="withTranscript leaves the body untouched when there is no outcome at all" classname="" time="0.000003" file="packages/adapter-discord/test/voice.test.ts" line="110" assertions="1" />
    <testcase name="a voice message is fetched and transcribed" classname="" time="0.000331" file="packages/adapter-discord/test/voice.test.ts" line="114" assertions="4" />
    <testcase name="no language is pinned by default, because auto-detection handles mixed-language servers" classname="" time="0.000051" file="packages/adapter-discord/test/voice.test.ts" line="125" assertions="2" />
    <testcase name="a pinned language is forwarded when the operator asked for one" classname="" time="0.000032" file="packages/adapter-discord/test/voice.test.ts" line="133" assertions="1" />
    <testcase name="a failed attachment download fails open instead of losing the message" classname="" time="0.00003" file="packages/adapter-discord/test/voice.test.ts" line="139" assertions="2" />
    <testcase name="a speech-to-text error fails open and is reported, not thrown" classname="" time="0.000035" file="packages/adapter-discord/test/voice.test.ts" line="146" assertions="2" />
    <testcase name="a thrown network error fails open" classname="" time="0.000053" file="packages/adapter-discord/test/voice.test.ts" line="153" assertions="1" />
    <testcase name="an empty attachment is not sent to speech-to-text at all" classname="" time="0.000025" file="packages/adapter-discord/test/voice.test.ts" line="158" assertions="2" />
    <testcase name="a malformed transcript response fails open" classname="" time="0.000019" file="packages/adapter-discord/test/voice.test.ts" line="164" assertions="1" />
    <testcase name="firstVoiceMessage finds the voice attachment and ignores ordinary uploads" classname="" time="0.000039" file="packages/adapter-discord/test/voice.test.ts" line="169" assertions="3" />
    <testcase name="transcription is skipped entirely when no voice config is present" classname="" time="0.000043" file="packages/adapter-discord/test/voice.test.ts" line="175" assertions="2" />
    <testcase name="a message without a voice attachment never calls the transcriber" classname="" time="0.000016" file="packages/adapter-discord/test/voice.test.ts" line="181" assertions="2" />
    <testcase name="a voice attachment with no url is skipped rather than fetched as undefined" classname="" time="0.000017" file="packages/adapter-discord/test/voice.test.ts" line="187" assertions="2" />
    <testcase name="a configured voice message is transcribed end to end" classname="" time="0.000032" file="packages/adapter-discord/test/voice.test.ts" line="193" assertions="1" />
    <testcase name="messages in one conversation keep arrival order even when the first one is slow" classname="" time="0.022284" file="packages/adapter-discord/test/voice.test.ts" line="203" assertions="1" />
    <testcase name="separate conversations are not serialized against each other" classname="" time="0.020975" file="packages/adapter-discord/test/voice.test.ts" line="217" assertions="1" />
    <testcase name="a failing task does not poison the chain for the messages behind it" classname="" time="0.000239" file="packages/adapter-discord/test/voice.test.ts" line="231" assertions="1" />
    <testcase name="drained conversations are forgotten so a long-lived adapter does not leak" classname="" time="0.000043" file="packages/adapter-discord/test/voice.test.ts" line="244" assertions="1" />
  </testsuite>
  <testsuite name="packages/adapter-discord/test/voice-config.test.ts" file="packages/adapter-discord/test/voice-config.test.ts" tests="9" assertions="16" failures="0" skipped="0" time="0.020634" hostname="MacBook-Pro-3.local">
    <testcase name="an omitted voice section leaves transcription off instead of failing startup" classname="" time="0.005714" file="packages/adapter-discord/test/voice-config.test.ts" line="16" assertions="1" />
    <testcase name="the voice key is read from its file and the path is resolved against the config" classname="" time="0.001053" file="packages/adapter-discord/test/voice-config.test.ts" line="25" assertions="3" />
    <testcase name="optional voice fields are carried through when set" classname="" time="0.00092" file="packages/adapter-discord/test/voice-config.test.ts" line="38" assertions="1" />
    <testcase name="a voice section without an apiKeyFile is a startup error, not a silent downgrade" classname="" time="0.000781" file="packages/adapter-discord/test/voice-config.test.ts" line="58" assertions="1" />
    <testcase name="a blank apiKeyFile is rejected" classname="" time="0.000768" file="packages/adapter-discord/test/voice-config.test.ts" line="67" assertions="1" />
    <testcase name="an unreadable key file is a startup error naming the field to fix" classname="" time="0.001043" file="packages/adapter-discord/test/voice-config.test.ts" line="76" assertions="1" />
    <testcase name="an empty key file is a startup error rather than an empty auth header" classname="" time="0.001207" file="packages/adapter-discord/test/voice-config.test.ts" line="85" assertions="1" />
    <testcase name="non-string voice fields are rejected" classname="" time="0.003634" file="packages/adapter-discord/test/voice-config.test.ts" line="94" assertions="3" />
    <testcase name="a non-positive or fractional timeout is rejected" classname="" time="0.00522" file="packages/adapter-discord/test/voice-config.test.ts" line="105" assertions="4" />
  </testsuite>
  <testsuite name="packages/adapter-discord/test/cli.test.ts" file="packages/adapter-discord/test/cli.test.ts" tests="12" assertions="28" failures="0" skipped="0" time="0.35511" hostname="MacBook-Pro-3.local">
    <testsuite name="argv is resolved before any connection work" file="packages/adapter-discord/test/cli.test.ts" line="8" tests="3" assertions="8" failures="0" skipped="0" time="0" hostname="MacBook-Pro-3.local">
      <testcase name="no arguments still runs the adapter" classname="argv is resolved before any connection work" time="0.00004" file="packages/adapter-discord/test/cli.test.ts" line="9" assertions="1" />
      <testcase name="--help and --version short-circuit" classname="argv is resolved before any connection work" time="0.000018" file="packages/adapter-discord/test/cli.test.ts" line="13" assertions="4" />
      <testcase name="anything else is a usage error naming the offending argument" classname="argv is resolved before any connection work" time="0.000013" file="packages/adapter-discord/test/cli.test.ts" line="20" assertions="3" />
    </testsuite>
    <testsuite name="the binary answers --help without booting an adapter" file="packages/adapter-discord/test/cli.test.ts" line="28" tests="3" assertions="9" failures="0" skipped="0" time="0.345" hostname="MacBook-Pro-3.local">
      <testcase name="--help prints usage on stdout and exits 0" classname="the binary answers --help without booting an adapter" time="0.100763" file="packages/adapter-discord/test/cli.test.ts" line="50" assertions="3" />
      <testcase name="--version prints the package version and exits 0" classname="the binary answers --help without booting an adapter" time="0.115065" file="packages/adapter-discord/test/cli.test.ts" line="56" assertions="3" />
      <testcase name="an unknown flag exits non-zero with usage on stderr" classname="the binary answers --help without booting an adapter" time="0.130935" file="packages/adapter-discord/test/cli.test.ts" line="62" assertions="3" />
    </testsuite>
    <testsuite name="a second adapter instance refuses to boot" file="packages/adapter-discord/test/cli.test.ts" line="69" tests="6" assertions="11" failures="0" skipped="0" time="0.005" hostname="MacBook-Pro-3.local">
      <testcase name="the first instance records its pid in the home" classname="a second adapter instance refuses to boot" time="0.001725" file="packages/adapter-discord/test/cli.test.ts" line="79" assertions="2" />
      <testcase name="a second instance is refused while the holder is alive" classname="a second adapter instance refuses to boot" time="0.001617" file="packages/adapter-discord/test/cli.test.ts" line="87" assertions="3" />
      <testcase name="a pidfile from a dead process is reclaimed, not a permanent block" classname="a second adapter instance refuses to boot" time="0.001709" file="packages/adapter-discord/test/cli.test.ts" line="98" assertions="1" />
      <testcase name="an unparseable pidfile is stale, not a live holder" classname="a second adapter instance refuses to boot" time="0.001528" file="packages/adapter-discord/test/cli.test.ts" line="106" assertions="1" />
      <testcase name="release drops the lock, and only when this process still holds it" classname="a second adapter instance refuses to boot" time="0.001267" file="packages/adapter-discord/test/cli.test.ts" line="119" assertions="2" />
      <testcase name="liveness of this very process is observable, an absurd pid is not" classname="a second adapter instance refuses to boot" time="0.000075" file="packages/adapter-discord/test/cli.test.ts" line="130" assertions="2" />
    </testsuite>
  </testsuite>
  <testsuite name="packages/adapter-discord/test/speech.test.ts" file="packages/adapter-discord/test/speech.test.ts" tests="27" assertions="60" failures="0" skipped="0" time="0.002445" hostname="MacBook-Pro-3.local">
    <testcase name="spoken text drops what is noise when read aloud" classname="" time="0.000155" file="packages/adapter-discord/test/speech.test.ts" line="31" assertions="4" />
    <testcase name="a fenced code block is removed whole, not left as loose lines" classname="" time="0.000011" file="packages/adapter-discord/test/speech.test.ts" line="38" assertions="1" />
    <testcase name="table and heading markers do not get read as punctuation" classname="" time="0.000006" file="packages/adapter-discord/test/speech.test.ts" line="42" assertions="1" />
    <testcase name="spoken text is capped, and the cut prefers a sentence boundary" classname="" time="0.00003" file="packages/adapter-discord/test/speech.test.ts" line="46" assertions="2" />
    <testcase name="a cap with no nearby boundary still cuts rather than overrunning" classname="" time="0.00001" file="packages/adapter-discord/test/speech.test.ts" line="54" assertions="1" />
    <testcase name="duration comes from the Ogg granule position, needing no decoder" classname="" time="0.000063" file="packages/adapter-discord/test/speech.test.ts" line="59" assertions="4" />
    <testcase name="synthesis posts the spoken text and returns audio with a duration" classname="" time="0.000379" file="packages/adapter-discord/test/speech.test.ts" line="66" assertions="4" />
    <testcase name="a waveform is always produced, flat when no decoder is wired" classname="" time="0.000187" file="packages/adapter-discord/test/speech.test.ts" line="78" assertions="2" />
    <testcase name="a wired decoder produces real peaks instead of the flat bar" classname="" time="0.000357" file="packages/adapter-discord/test/speech.test.ts" line="86" assertions="1" />
    <testcase name="a decoder that throws costs the bar, never the voice message" classname="" time="0.000117" file="packages/adapter-discord/test/speech.test.ts" line="93" assertions="2" />
    <testcase name="synthesis fails open on a provider error" classname="" time="0.000042" file="packages/adapter-discord/test/speech.test.ts" line="107" assertions="2" />
    <testcase name="synthesis fails open on a thrown network error and on empty audio" classname="" time="0.000077" file="packages/adapter-discord/test/speech.test.ts" line="114" assertions="2" />
    <testcase name="audio with no readable duration is declined rather than posted as a broken voice message" classname="" time="0.000024" file="packages/adapter-discord/test/speech.test.ts" line="121" assertions="1" />
    <testcase name="a reply that is entirely urls and markup has nothing to say and is not billed" classname="" time="0.000099" file="packages/adapter-discord/test/speech.test.ts" line="126" assertions="2" />
    <testcase name="speech ports never inherit the speech-to-text endpoint, model or timeout" classname="" time="0.000061" file="packages/adapter-discord/test/speech.test.ts" line="134" assertions="4" />
    <testcase name="speech-side settings are carried through under their own names" classname="" time="0.000034" file="packages/adapter-discord/test/speech.test.ts" line="149" assertions="1" />
    <testcase name="no voice config means no speech ports, so voiceText is simply ignored" classname="" time="0.000014" file="packages/adapter-discord/test/speech.test.ts" line="170" assertions="1" />
    <testcase name="an unterminated code fence is removed to the end, leaving no stray backtick" classname="" time="0.000013" file="packages/adapter-discord/test/speech.test.ts" line="177" assertions="2" />
    <testcase name="closed fences are still removed and surrounding prose survives" classname="" time="0.000006" file="packages/adapter-discord/test/speech.test.ts" line="182" assertions="1" />
    <testcase name="the cap never leaves a lone surrogate" classname="" time="0.000034" file="packages/adapter-discord/test/speech.test.ts" line="188" assertions="11" />
    <testcase name="markup-heavy input does not backtrack pathologically" classname="" time="0.000055" file="packages/adapter-discord/test/speech.test.ts" line="197" assertions="1" />
    <testcase name="a long reply is spoken in full when no cap is configured" classname="" time="0.000034" file="packages/adapter-discord/test/speech.test.ts" line="207" assertions="1" />
    <testcase name="an explicitly configured cap still applies" classname="" time="0.00002" file="packages/adapter-discord/test/speech.test.ts" line="212" assertions="1" />
    <testcase name="synthesis sends the whole reply when uncapped" classname="" time="0.000135" file="packages/adapter-discord/test/speech.test.ts" line="216" assertions="2" />
    <testcase name="speech is sent at the provider&apos;s maximum speed by default" classname="" time="0.000048" file="packages/adapter-discord/test/speech.test.ts" line="227" assertions="1" />
    <testcase name="a configured speed is forwarded" classname="" time="0.000037" file="packages/adapter-discord/test/speech.test.ts" line="233" assertions="1" />
    <testcase name="an out-of-range speed is clamped rather than losing the voice reply" classname="" time="0.000043" file="packages/adapter-discord/test/speech.test.ts" line="241" assertions="4" />
  </testsuite>
  <testsuite name="packages/protocol/test/protocol.test.ts" file="packages/protocol/test/protocol.test.ts" tests="15" assertions="22" failures="0" skipped="0" time="0.000932" hostname="MacBook-Pro-3.local">
    <testsuite name="negotiation" file="packages/protocol/test/protocol.test.ts" line="15" tests="4" assertions="7" failures="0" skipped="0" time="0" hostname="MacBook-Pro-3.local">
      <testcase name="picks highest mutual version" classname="negotiation" time="0.00007" file="packages/protocol/test/protocol.test.ts" line="16" assertions="2" />
      <testcase name="rejects disjoint versions with typed code" classname="negotiation" time="0.000013" file="packages/protocol/test/protocol.test.ts" line="22" assertions="2" />
      <testcase name="rejects missing required capability" classname="negotiation" time="0.000011" file="packages/protocol/test/protocol.test.ts" line="28" assertions="2" />
      <testcase name="unknown optional fields are ignored" classname="negotiation" time="0.000007" file="packages/protocol/test/protocol.test.ts" line="37" assertions="1" />
    </testsuite>
    <testsuite name="frames" file="packages/protocol/test/protocol.test.ts" line="46" tests="5" assertions="8" failures="0" skipped="0" time="0" hostname="MacBook-Pro-3.local">
      <testcase name="round-trips a request frame" classname="frames" time="0.000079" file="packages/protocol/test/protocol.test.ts" line="47" assertions="1" />
      <testcase name="rejects non-JSON with malformed_frame" classname="frames" time="0.000126" file="packages/protocol/test/protocol.test.ts" line="58" assertions="2" />
      <testcase name="rejects unknown frame type typed" classname="frames" time="0.00002" file="packages/protocol/test/protocol.test.ts" line="67" assertions="1" />
      <testcase name="rejects oversized frames" classname="frames" time="0.000103" file="packages/protocol/test/protocol.test.ts" line="76" assertions="1" />
      <testcase name="decoder splits chunked NDJSON and buffers partials" classname="frames" time="0.000049" file="packages/protocol/test/protocol.test.ts" line="81" assertions="3" />
    </testsuite>
    <testsuite name="origin normalization" file="packages/protocol/test/protocol.test.ts" line="92" tests="6" assertions="7" failures="0" skipped="0" time="0" hostname="MacBook-Pro-3.local">
      <testcase name="originKey is deterministic and validated" classname="origin normalization" time="0.000068" file="packages/protocol/test/protocol.test.ts" line="93" assertions="1" />
      <testcase name="dm requires peerId; channel forbids it" classname="origin normalization" time="0.000021" file="packages/protocol/test/protocol.test.ts" line="103" assertions="2" />
      <testcase name="thread requires parentId" classname="origin normalization" time="0.000007" file="packages/protocol/test/protocol.test.ts" line="115" assertions="1" />
      <testcase name="loopback origin is valid and stable" classname="origin normalization" time="0.000005" file="packages/protocol/test/protocol.test.ts" line="119" assertions="1" />
      <testcase name="two distinct origins never share a key" classname="origin normalization" time="0.000009" file="packages/protocol/test/protocol.test.ts" line="123" assertions="1" />
      <testcase name="rejects segment injection attempts" classname="origin normalization" time="0.000007" file="packages/protocol/test/protocol.test.ts" line="139" assertions="1" />
    </testsuite>
  </testsuite>
  <testsuite name="packages/protocol/test/negotiation-v1.test.ts" file="packages/protocol/test/negotiation-v1.test.ts" tests="5" assertions="12" failures="0" skipped="0" time="0.000307" hostname="MacBook-Pro-3.local">
    <testsuite name="profile v1 freeze" file="packages/protocol/test/negotiation-v1.test.ts" line="10" tests="5" assertions="12" failures="0" skipped="0" time="0" hostname="MacBook-Pro-3.local">
      <testcase name="current profile is 1.0 and 0.1 remains served" classname="profile v1 freeze" time="0.000007" file="packages/protocol/test/negotiation-v1.test.ts" line="11" assertions="3" />
      <testcase name="frozen 0.1 client fixture negotiates 0.1 (N vs N+1 gateway)" classname="profile v1 freeze" time="0.000017" file="packages/protocol/test/negotiation-v1.test.ts" line="17" assertions="3" />
      <testcase name="future-only client rejects typed with the supported range" classname="profile v1 freeze" time="0.000011" file="packages/protocol/test/negotiation-v1.test.ts" line="25" assertions="3" />
      <testcase name="mixed-range client negotiates the highest mutual version" classname="profile v1 freeze" time="0.000025" file="packages/protocol/test/negotiation-v1.test.ts" line="34" assertions="2" />
      <testcase name="v1 capabilities no longer advertise instability" classname="profile v1 freeze" time="0.000003" file="packages/protocol/test/negotiation-v1.test.ts" line="40" assertions="1" />
    </testsuite>
  </testsuite>
  <testsuite name="packages/protocol/test/reactions.test.ts" file="packages/protocol/test/reactions.test.ts" tests="12" assertions="95" failures="0" skipped="0" time="0.000557" hostname="MacBook-Pro-3.local">
    <testsuite name="reaction allowlist" file="packages/protocol/test/reactions.test.ts" line="15" tests="5" assertions="54" failures="0" skipped="0" time="0" hostname="MacBook-Pro-3.local">
      <testcase name="every accepted spelling of an allowlisted emoji resolves to one canonical entry" classname="reaction allowlist" time="0.00003" file="packages/protocol/test/reactions.test.ts" line="16" assertions="4" />
      <testcase name="the emoji presentation selector is normalized away so ❤️ and ❤ are one reaction" classname="reaction allowlist" time="0.000007" file="packages/protocol/test/reactions.test.ts" line="23" assertions="2" />
      <testcase name="anything outside the bounded set is rejected, not coerced" classname="reaction allowlist" time="0.000019" file="packages/protocol/test/reactions.test.ts" line="30" assertions="7" />
      <testcase name="the rejection description names what IS accepted, per platform" classname="reaction allowlist" time="0.000082" file="packages/protocol/test/reactions.test.ts" line="35" assertions="39" />
      <testcase name="caps are bounded and small" classname="reaction allowlist" time="0.000004" file="packages/protocol/test/reactions.test.ts" line="58" assertions="2" />
    </testsuite>
    <testsuite name="reaction reply token" file="packages/protocol/test/reactions.test.ts" line="64" tests="7" assertions="41" failures="0" skipped="0" time="0" hostname="MacBook-Pro-3.local">
      <testcase name="a reply that is only a token is a reaction with no message" classname="reaction reply token" time="0.000118" file="packages/protocol/test/reactions.test.ts" line="65" assertions="1" />
      <testcase name="text after the token is still delivered" classname="reaction reply token" time="0.000018" file="packages/protocol/test/reactions.test.ts" line="72" assertions="1" />
      <testcase name="a token may target one specific message" classname="reaction reply token" time="0.000024" file="packages/protocol/test/reactions.test.ts" line="79" assertions="1" />
      <testcase name="several leading tokens are all parsed" classname="reaction reply token" time="0.000014" file="packages/protocol/test/reactions.test.ts" line="86" assertions="2" />
      <testcase name="a malformed or disallowed token is not a reaction at all, so the text ships verbatim" classname="reaction reply token" time="0.000026" file="packages/protocol/test/reactions.test.ts" line="95" assertions="11" />
      <testcase name="platform message ids are bounded to what a platform actually issues" classname="reaction reply token" time="0.000016" file="packages/protocol/test/reactions.test.ts" line="114" assertions="12" />
      <testcase name="the silence-token contract is untouched by reaction parsing" classname="reaction reply token" time="0.000042" file="packages/protocol/test/reactions.test.ts" line="121" assertions="13" />
    </testsuite>
  </testsuite>
  <testsuite name="packages/subsession/test/lane.test.ts" file="packages/subsession/test/lane.test.ts" tests="18" assertions="23" failures="0" skipped="0" time="0.001059" hostname="MacBook-Pro-3.local">
    <testsuite name="laneSessionName" file="packages/subsession/test/lane.test.ts" line="4" tests="6" assertions="7" failures="0" skipped="0" time="0" hostname="MacBook-Pro-3.local">
      <testcase name="builds the issue and pr forms" classname="laneSessionName" time="0.000077" file="packages/subsession/test/lane.test.ts" line="5" assertions="2" />
      <testcase name="rejects a non-kebab slug &quot;Runtime_Cycle&quot;" classname="laneSessionName" time="0.00003" file="packages/subsession/test/lane.test.ts" line="12" assertions="1" />
      <testcase name="rejects a non-kebab slug &quot;-leading&quot;" classname="laneSessionName" time="0.000003" file="packages/subsession/test/lane.test.ts" line="12" assertions="1" />
      <testcase name="rejects a non-kebab slug &quot;trailing-&quot;" classname="laneSessionName" time="0.000001" file="packages/subsession/test/lane.test.ts" line="12" assertions="1" />
      <testcase name="rejects a non-kebab slug &quot;&quot;" classname="laneSessionName" time="0.000001" file="packages/subsession/test/lane.test.ts" line="12" assertions="1" />
      <testcase name="rejects a non-positive lane number" classname="laneSessionName" time="0.000009" file="packages/subsession/test/lane.test.ts" line="16" assertions="1" />
    </testsuite>
    <testsuite name="isRuntimeSessionId" file="packages/subsession/test/lane.test.ts" line="21" tests="1" assertions="2" failures="0" skipped="0" time="0" hostname="MacBook-Pro-3.local">
      <testcase name="a lane name is not a runtime session id" classname="isRuntimeSessionId" time="0.000022" file="packages/subsession/test/lane.test.ts" line="22" assertions="2" />
    </testsuite>
    <testsuite name="LaneRegistry" file="packages/subsession/test/lane.test.ts" line="28" tests="5" assertions="7" failures="0" skipped="0" time="0" hostname="MacBook-Pro-3.local">
      <testcase name="re-claiming the same lane is idempotent across a supervisor restart" classname="LaneRegistry" time="0.000043" file="packages/subsession/test/lane.test.ts" line="35" assertions="2" />
      <testcase name="refuses a second mutation owner on the same branch" classname="LaneRegistry" time="0.000032" file="packages/subsession/test/lane.test.ts" line="43" assertions="1" />
      <testcase name="refuses a second owner on the same worktree even under a different branch" classname="LaneRegistry" time="0.00001" file="packages/subsession/test/lane.test.ts" line="51" assertions="1" />
      <testcase name="independent lanes run in parallel without a limit" classname="LaneRegistry" time="0.000039" file="packages/subsession/test/lane.test.ts" line="59" assertions="1" />
      <testcase name="release lets a replacement session take over the lane" classname="LaneRegistry" time="0.000089" file="packages/subsession/test/lane.test.ts" line="71" assertions="2" />
    </testsuite>
    <testsuite name="laneSessionKey" file="packages/subsession/test/lane.test.ts" line="85" tests="6" assertions="7" failures="0" skipped="0" time="0" hostname="MacBook-Pro-3.local">
      <testcase name="is tmux-safe and decoupled from the branch name" classname="laneSessionKey" time="0.000075" file="packages/subsession/test/lane.test.ts" line="86" assertions="2" />
      <testcase name="sanitises a branch-shaped label instead of emitting slashes" classname="laneSessionKey" time="0.000009" file="packages/subsession/test/lane.test.ts" line="92" assertions="1" />
      <testcase name="binds a number once the issue or PR exists" classname="laneSessionKey" time="0.00001" file="packages/subsession/test/lane.test.ts" line="98" assertions="1" />
      <testcase name="rejects a feature key carrying a number" classname="laneSessionKey" time="0.000025" file="packages/subsession/test/lane.test.ts" line="102" assertions="1" />
      <testcase name="rejects a numbered kind without a number" classname="laneSessionKey" time="0.000028" file="packages/subsession/test/lane.test.ts" line="106" assertions="1" />
      <testcase name="rejects a label with no usable characters" classname="laneSessionKey" time="0.000009" file="packages/subsession/test/lane.test.ts" line="110" assertions="1" />
    </testsuite>
  </testsuite>
  <testsuite name="packages/subsession/test/status.test.ts" file="packages/subsession/test/status.test.ts" tests="35" assertions="57" failures="0" skipped="0" time="0.001282" hostname="MacBook-Pro-3.local">
    <testsuite name="isPromptStatus" file="packages/subsession/test/status.test.ts" line="28" tests="6" assertions="10" failures="0" skipped="0" time="0" hostname="MacBook-Pro-3.local">
      <testcase name="accepts exactly the five canonical statuses" classname="isPromptStatus" time="0.000018" file="packages/subsession/test/status.test.ts" line="29" assertions="5" />
      <testcase name="rejects &quot;completed&quot;, which is not a top-level status" classname="isPromptStatus" time="0.000004" file="packages/subsession/test/status.test.ts" line="41" assertions="1" />
      <testcase name="rejects &quot;cancelled&quot;, which is not a top-level status" classname="isPromptStatus" time="0.000001" file="packages/subsession/test/status.test.ts" line="41" assertions="1" />
      <testcase name="rejects &quot;error&quot;, which is not a top-level status" classname="isPromptStatus" time="0.000001" file="packages/subsession/test/status.test.ts" line="41" assertions="1" />
      <testcase name="rejects &quot;running&quot;, which is not a top-level status" classname="isPromptStatus" time="0" file="packages/subsession/test/status.test.ts" line="41" assertions="1" />
      <testcase name="rejects &quot;wait_timeout&quot;, which is not a top-level status" classname="isPromptStatus" time="0.000001" file="packages/subsession/test/status.test.ts" line="41" assertions="1" />
    </testsuite>
    <testsuite name="parseStatusReport" file="packages/subsession/test/status.test.ts" line="46" tests="6" assertions="9" failures="0" skipped="0" time="0" hostname="MacBook-Pro-3.local">
      <testcase name="reads the documented envelope shape" classname="parseStatusReport" time="0.000103" file="packages/subsession/test/status.test.ts" line="47" assertions="3" />
      <testcase name="keeps the outcome body so the stop reason stays readable" classname="parseStatusReport" time="0.000022" file="packages/subsession/test/status.test.ts" line="69" assertions="1" />
      <testcase name="refuses a status outside the contract instead of coercing it" classname="parseStatusReport" time="0.00003" file="packages/subsession/test/status.test.ts" line="89" assertions="1" />
      <testcase name="drops a receiptState that is not one of the four" classname="parseStatusReport" time="0.000008" file="packages/subsession/test/status.test.ts" line="93" assertions="1" />
      <testcase name="keeps the error envelope so a deadline kill stays diagnosable (#9)" classname="parseStatusReport" time="0.000016" file="packages/subsession/test/status.test.ts" line="98" assertions="2" />
      <testcase name="an envelope without an error body leaves the field absent" classname="parseStatusReport" time="0.000007" file="packages/subsession/test/status.test.ts" line="119" assertions="1" />
    </testsuite>
    <testsuite name="projectOpState" file="packages/subsession/test/status.test.ts" line="125" tests="12" assertions="12" failures="0" skipped="0" time="0" hostname="MacBook-Pro-3.local">
      <testcase name="projects accepted" classname="projectOpState" time="0.000015" file="packages/subsession/test/status.test.ts" line="152" assertions="1" />
      <testcase name="projects running" classname="projectOpState" time="0" file="packages/subsession/test/status.test.ts" line="152" assertions="1" />
      <testcase name="projects failed" classname="projectOpState" time="0.000004" file="packages/subsession/test/status.test.ts" line="152" assertions="1" />
      <testcase name="projects completed" classname="projectOpState" time="0.000001" file="packages/subsession/test/status.test.ts" line="152" assertions="1" />
      <testcase name="projects cancelled" classname="projectOpState" time="0" file="packages/subsession/test/status.test.ts" line="152" assertions="1" />
      <testcase name="projects stopped_incomplete" classname="projectOpState" time="0" file="packages/subsession/test/status.test.ts" line="152" assertions="1" />
      <testcase name="projects stopped_incomplete" classname="projectOpState" time="0" file="packages/subsession/test/status.test.ts" line="152" assertions="1" />
      <testcase name="projects terminal_uncertain" classname="projectOpState" time="0" file="packages/subsession/test/status.test.ts" line="152" assertions="1" />
      <testcase name="projects terminal_missing_receipt" classname="projectOpState" time="0" file="packages/subsession/test/status.test.ts" line="152" assertions="1" />
      <testcase name="a cancel is never projected as completed" classname="projectOpState" time="0.000008" file="packages/subsession/test/status.test.ts" line="156" assertions="1" />
      <testcase name="a terminal transition without a readable reason is not a success" classname="projectOpState" time="0.000004" file="packages/subsession/test/status.test.ts" line="163" assertions="1" />
      <testcase name="an unknown receipt on a terminal op is held, not claimed" classname="projectOpState" time="0.000004" file="packages/subsession/test/status.test.ts" line="167" assertions="1" />
    </testsuite>
    <testsuite name="isTerminalStatus / requiresOperatorHold" file="packages/subsession/test/status.test.ts" line="174" tests="2" assertions="9" failures="0" skipped="0" time="0" hostname="MacBook-Pro-3.local">
      <testcase name="only terminal_ok and failed are terminal" classname="isTerminalStatus / requiresOperatorHold" time="0.00001" file="packages/subsession/test/status.test.ts" line="175" assertions="5" />
      <testcase name="uncertain and receipt-missing states stop automation" classname="isTerminalStatus / requiresOperatorHold" time="0.00001" file="packages/subsession/test/status.test.ts" line="183" assertions="4" />
    </testsuite>
    <testsuite name="judgeOperation" file="packages/subsession/test/status.test.ts" line="191" tests="7" assertions="13" failures="0" skipped="0" time="0" hostname="MacBook-Pro-3.local">
      <testcase name="live session with an in-flight op is running" classname="judgeOperation" time="0.00002" file="packages/subsession/test/status.test.ts" line="194" assertions="1" />
      <testcase name="live session with a terminal op reports the op as done" classname="judgeOperation" time="0.000006" file="packages/subsession/test/status.test.ts" line="199" assertions="1" />
      <testcase name="stopped session with a retained terminal op is still terminal" classname="judgeOperation" time="0.000016" file="packages/subsession/test/status.test.ts" line="207" assertions="2" />
      <testcase name="stopped session with an active op is a stale snapshot needing re-read" classname="judgeOperation" time="0.000018" file="packages/subsession/test/status.test.ts" line="216" assertions="2" />
      <testcase name="unavailable session with an unknown op never authorises auto-recreation" classname="judgeOperation" time="0.000011" file="packages/subsession/test/status.test.ts" line="222" assertions="2" />
      <testcase name="unknown is neither running nor terminal" classname="judgeOperation" time="0.000008" file="packages/subsession/test/status.test.ts" line="231" assertions="3" />
      <testcase name="ambiguous authority or a locator mismatch fails closed" classname="judgeOperation" time="0.000008" file="packages/subsession/test/status.test.ts" line="238" assertions="2" />
    </testsuite>
    <testsuite name="fetchOpState" file="packages/subsession/test/status.test.ts" line="249" tests="2" assertions="4" failures="0" skipped="0" time="0" hostname="MacBook-Pro-3.local">
      <testcase name="queries status by sessionId and op-ref" classname="fetchOpState" time="0.000075" file="packages/subsession/test/status.test.ts" line="250" assertions="2" />
      <testcase name="summary.completed is carried but never used as a success verdict" classname="fetchOpState" time="0.000029" file="packages/subsession/test/status.test.ts" line="264" assertions="2" />
    </testsuite>
  </testsuite>
  <testsuite name="packages/subsession/test/policy-skills.test.ts" file="packages/subsession/test/policy-skills.test.ts" tests="44" assertions="89" failures="0" skipped="0" time="0.000899" hostname="MacBook-Pro-3.local">
    <testsuite name="skill resolution" file="packages/subsession/test/policy-skills.test.ts" line="16" tests="9" assertions="11" failures="0" skipped="0" time="0" hostname="MacBook-Pro-3.local">
      <testcase name="returns /skill: directives for allowlisted, exposed skills" classname="skill resolution" time="0.000047" file="packages/subsession/test/policy-skills.test.ts" line="17" assertions="2" />
      <testcase name="rejects an unknown skill instead of falling back" classname="skill resolution" time="0.000054" file="packages/subsession/test/policy-skills.test.ts" line="27" assertions="1" />
      <testcase name="fails closed when the surface is untrusted, without copying anything in" classname="skill resolution" time="0.000026" file="packages/subsession/test/policy-skills.test.ts" line="37" assertions="2" />
      <testcase name="an empty surface holds rather than installing defaults" classname="skill resolution" time="0.000014" file="packages/subsession/test/policy-skills.test.ts" line="51" assertions="1" />
      <testcase name="an allowlisted skill the session does not expose is still refused" classname="skill resolution" time="0.000014" file="packages/subsession/test/policy-skills.test.ts" line="57" assertions="1" />
      <testcase name="autoresearch cannot drive an implementation mission" classname="skill resolution" time="0.000013" file="packages/subsession/test/policy-skills.test.ts" line="67" assertions="1" />
      <testcase name="autoresearch is allowed for a real research mission" classname="skill resolution" time="0.000008" file="packages/subsession/test/policy-skills.test.ts" line="77" assertions="1" />
      <testcase name="duplicate requests collapse" classname="skill resolution" time="0.000006" file="packages/subsession/test/policy-skills.test.ts" line="86" assertions="1" />
      <testcase name="the default allowlist is the agreed set and excludes autoresearch" classname="skill resolution" time="0.000004" file="packages/subsession/test/policy-skills.test.ts" line="95" assertions="1" />
    </testsuite>
    <testsuite name="control policy" file="packages/subsession/test/policy-skills.test.ts" line="106" tests="32" assertions="72" failures="0" skipped="0" time="0" hostname="MacBook-Pro-3.local">
      <testcase name="session.create is allowed" classname="control policy" time="0.000056" file="packages/subsession/test/policy-skills.test.ts" line="107" assertions="2" />
      <testcase name="session.fork is allowed" classname="control policy" time="0.000003" file="packages/subsession/test/policy-skills.test.ts" line="107" assertions="2" />
      <testcase name="session.resume is allowed" classname="control policy" time="0.000001" file="packages/subsession/test/policy-skills.test.ts" line="107" assertions="2" />
      <testcase name="session.close is allowed" classname="control policy" time="0.000001" file="packages/subsession/test/policy-skills.test.ts" line="107" assertions="2" />
      <testcase name="session.list is allowed" classname="control policy" time="0" file="packages/subsession/test/policy-skills.test.ts" line="107" assertions="2" />
      <testcase name="session.inspect is allowed" classname="control policy" time="0" file="packages/subsession/test/policy-skills.test.ts" line="107" assertions="2" />
      <testcase name="turn.prompt is allowed" classname="control policy" time="0" file="packages/subsession/test/policy-skills.test.ts" line="107" assertions="2" />
      <testcase name="turn.status is allowed" classname="control policy" time="0.000001" file="packages/subsession/test/policy-skills.test.ts" line="107" assertions="2" />
      <testcase name="turn.tail is allowed" classname="control policy" time="0" file="packages/subsession/test/policy-skills.test.ts" line="107" assertions="2" />
      <testcase name="transcript.list is allowed" classname="control policy" time="0.000002" file="packages/subsession/test/policy-skills.test.ts" line="107" assertions="2" />
      <testcase name="transcript.body is allowed" classname="control policy" time="0.000001" file="packages/subsession/test/policy-skills.test.ts" line="107" assertions="2" />
      <testcase name="resource.body is allowed" classname="control policy" time="0" file="packages/subsession/test/policy-skills.test.ts" line="107" assertions="2" />
      <testcase name="artifact.read is allowed" classname="control policy" time="0" file="packages/subsession/test/policy-skills.test.ts" line="107" assertions="2" />
      <testcase name="session.last_assistant is allowed" classname="control policy" time="0.000001" file="packages/subsession/test/policy-skills.test.ts" line="107" assertions="2" />
      <testcase name="session.metadata is allowed" classname="control policy" time="0.000001" file="packages/subsession/test/policy-skills.test.ts" line="107" assertions="2" />
      <testcase name="turn.steer needs operator approval" classname="control policy" time="0.000039" file="packages/subsession/test/policy-skills.test.ts" line="112" assertions="3" />
      <testcase name="turn.abort needs operator approval" classname="control policy" time="0.000011" file="packages/subsession/test/policy-skills.test.ts" line="112" assertions="3" />
      <testcase name="turn.replace needs operator approval" classname="control policy" time="0.000005" file="packages/subsession/test/policy-skills.test.ts" line="112" assertions="3" />
      <testcase name="workflow.gate_answer needs operator approval" classname="control policy" time="0.000002" file="packages/subsession/test/policy-skills.test.ts" line="112" assertions="3" />
      <testcase name="session.delete is denied even with approval" classname="control policy" time="0.000012" file="packages/subsession/test/policy-skills.test.ts" line="118" assertions="2" />
      <testcase name="repo.merge is denied even with approval" classname="control policy" time="0.000002" file="packages/subsession/test/policy-skills.test.ts" line="118" assertions="2" />
      <testcase name="release.publish is denied even with approval" classname="control policy" time="0.000002" file="packages/subsession/test/policy-skills.test.ts" line="118" assertions="2" />
      <testcase name="release.tag is denied even with approval" classname="control policy" time="0.000001" file="packages/subsession/test/policy-skills.test.ts" line="118" assertions="2" />
      <testcase name="deploy is denied even with approval" classname="control policy" time="0.000001" file="packages/subsession/test/policy-skills.test.ts" line="118" assertions="2" />
      <testcase name="credentials.read is denied even with approval" classname="control policy" time="0.000002" file="packages/subsession/test/policy-skills.test.ts" line="118" assertions="2" />
      <testcase name="credentials.write is denied even with approval" classname="control policy" time="0.000002" file="packages/subsession/test/policy-skills.test.ts" line="118" assertions="2" />
      <testcase name="config.write is denied even with approval" classname="control policy" time="0.000001" file="packages/subsession/test/policy-skills.test.ts" line="118" assertions="2" />
      <testcase name="permissions.write is denied even with approval" classname="control policy" time="0.000002" file="packages/subsession/test/policy-skills.test.ts" line="118" assertions="2" />
      <testcase name="an unlisted operation is denied, not forwarded" classname="control policy" time="0.000017" file="packages/subsession/test/policy-skills.test.ts" line="123" assertions="2" />
      <testcase name="a frozen lane refuses even allowed operations" classname="control policy" time="0.000013" file="packages/subsession/test/policy-skills.test.ts" line="129" assertions="1" />
      <testcase name="merge, release, tag, deploy and session.delete are all denied" classname="control policy" time="0.000018" file="packages/subsession/test/policy-skills.test.ts" line="133" assertions="5" />
      <testcase name="credentials and permissions are denied" classname="control policy" time="0.000008" file="packages/subsession/test/policy-skills.test.ts" line="139" assertions="4" />
    </testsuite>
    <testsuite name="prompt policy" file="packages/subsession/test/policy-skills.test.ts" line="146" tests="3" assertions="6" failures="0" skipped="0" time="0" hostname="MacBook-Pro-3.local">
      <testcase name="states the out-of-scope actions in text" classname="prompt policy" time="0.000021" file="packages/subsession/test/policy-skills.test.ts" line="147" assertions="3" />
      <testcase name="names the terminal deliverable so a worker knows where to stop" classname="prompt policy" time="0.000013" file="packages/subsession/test/policy-skills.test.ts" line="153" assertions="2" />
      <testcase name="requires evidence rather than a claim" classname="prompt policy" time="0.00001" file="packages/subsession/test/policy-skills.test.ts" line="165" assertions="1" />
    </testsuite>
  </testsuite>
  <testsuite name="packages/subsession/test/send.test.ts" file="packages/subsession/test/send.test.ts" tests="31" assertions="99" failures="0" skipped="0" time="0.00214" hostname="MacBook-Pro-3.local">
    <testsuite name="assertValidOpRef" file="packages/subsession/test/send.test.ts" line="39" tests="7" assertions="8" failures="0" skipped="0" time="0" hostname="MacBook-Pro-3.local">
      <testcase name="accepts a minted ref" classname="assertValidOpRef" time="0.000045" file="packages/subsession/test/send.test.ts" line="40" assertions="1" />
      <testcase name="rejects &quot;&quot; (empty)" classname="assertValidOpRef" time="0.000051" file="packages/subsession/test/send.test.ts" line="50" assertions="1" />
      <testcase name="rejects &quot;Gw-Upper&quot; (uppercase)" classname="assertValidOpRef" time="0.000004" file="packages/subsession/test/send.test.ts" line="50" assertions="1" />
      <testcase name="rejects &quot;-leading&quot; (leading dash)" classname="assertValidOpRef" time="0.000002" file="packages/subsession/test/send.test.ts" line="50" assertions="1" />
      <testcase name="rejects &quot;has space&quot; (space)" classname="assertValidOpRef" time="0.000001" file="packages/subsession/test/send.test.ts" line="50" assertions="1" />
      <testcase name="rejects &quot;has/slash&quot; (slash)" classname="assertValidOpRef" time="0.000001" file="packages/subsession/test/send.test.ts" line="50" assertions="1" />
      <testcase name="rejects anything longer than 128 chars" classname="assertValidOpRef" time="0.00008" file="packages/subsession/test/send.test.ts" line="54" assertions="2" />
    </testsuite>
    <testsuite name="newOpRef" file="packages/subsession/test/send.test.ts" line="60" tests="3" assertions="52" failures="0" skipped="0" time="0" hostname="MacBook-Pro-3.local">
      <testcase name="uses the gw-&lt;taskKey&gt;-&lt;ulid&gt; shape" classname="newOpRef" time="0.000016" file="packages/subsession/test/send.test.ts" line="61" assertions="1" />
      <testcase name="two refs for the same task differ" classname="newOpRef" time="0.000093" file="packages/subsession/test/send.test.ts" line="65" assertions="1" />
      <testcase name="generated refs are always valid" classname="newOpRef" time="0.000208" file="packages/subsession/test/send.test.ts" line="69" assertions="50" />
    </testsuite>
    <testsuite name="OpRefLedger" file="packages/subsession/test/send.test.ts" line="76" tests="2" assertions="3" failures="0" skipped="0" time="0" hostname="MacBook-Pro-3.local">
      <testcase name="rejects reuse inside one session" classname="OpRefLedger" time="0.000118" file="packages/subsession/test/send.test.ts" line="77" assertions="1" />
      <testcase name="the same ref in another session is not a collision" classname="OpRefLedger" time="0.00002" file="packages/subsession/test/send.test.ts" line="83" assertions="2" />
    </testsuite>
[...]
    <testcase name="red-team: a failed delivery keeps its cursor uncommitted while later tail frames remain deliverable" classname="" time="0.016355" file="packages/gateway/test/tail-runner-gen3-redteam.test.ts" line="97" assertions="1" />
    <testcase name="red-team: closing a tail during a buffered delivery fences later frames and cursor commits" classname="" time="0.026428" file="packages/gateway/test/tail-runner-gen3-redteam.test.ts" line="153" assertions="2" />
    <testcase name="red-team: an empty terminal poll never checkpoints past buffered frames still being delivered" classname="" time="0.040433" file="packages/gateway/test/tail-runner-gen3-redteam.test.ts" line="200" assertions="2" />
    <testcase name="a cursorless attach polls non-strict, treats the runtime&apos;s pre-attach gap as diagnostic, and still delivers live frames" classname="" time="0.000354" file="packages/gateway/test/tail-runner-gen3-redteam.test.ts" line="245" assertions="4" />
    <testcase name="event-driven: after one backfill poll, host stream frames are delivered as emitted with no further polls" classname="" time="0.037129" file="packages/gateway/test/tail-runner-gen3-redteam.test.ts" line="305" assertions="1" />
    <testcase name="a backfill after a stream reopen never re-delivers an already delivered answer (diff-only contract)" classname="" time="0.081431" file="packages/gateway/test/tail-runner-gen3-redteam.test.ts" line="389" assertions="1" />
  </testsuite>
  <testsuite name="packages/gateway/test/inbound-queue.test.ts" file="packages/gateway/test/inbound-queue.test.ts" tests="10" assertions="58" failures="0" skipped="0" time="0.085322" hostname="MacBook-Pro-3.local">
    <testcase name="the same platform message id is accepted exactly once" classname="" time="0.007995" file="packages/gateway/test/inbound-queue.test.ts" line="33" assertions="3" />
    <testcase name="rows received in the same millisecond are served in insertion order, not platform-id order" classname="" time="0.007236" file="packages/gateway/test/inbound-queue.test.ts" line="40" assertions="8" />
    <testcase name="messages arriving while a turn is running become steers in arrival order" classname="" time="0.008284" file="packages/gateway/test/inbound-queue.test.ts" line="58" assertions="8" />
    <testcase name="an old pending message remains eligible for a turn" classname="" time="0.007961" file="packages/gateway/test/inbound-queue.test.ts" line="107" assertions="1" />
    <testcase name="completed turns are never pending or nonterminal" classname="" time="0.007776" file="packages/gateway/test/inbound-queue.test.ts" line="120" assertions="6" />
    <testcase name="turn bindings are scoped per origin" classname="" time="0.007373" file="packages/gateway/test/inbound-queue.test.ts" line="134" assertions="4" />
    <testcase name="discarding at /new touches only unbound pending rows and terminal completion moves both lifecycle columns" classname="" time="0.009922" file="packages/gateway/test/inbound-queue.test.ts" line="179" assertions="6" />
    <testcase name="one nonterminal trigger per epoch permits steers and retired epochs" classname="" time="0.011322" file="packages/gateway/test/inbound-queue.test.ts" line="209" assertions="5" />
    <testcase name="terminal delivery claims are per-part and first claimant wins" classname="" time="0.00842" file="packages/gateway/test/inbound-queue.test.ts" line="266" assertions="5" />
    <testcase name="an accepted turn with a delivered steer requeues its trigger for fresh attempts" classname="" time="0.008487" file="packages/gateway/test/inbound-queue.test.ts" line="282" assertions="12" />
  </testsuite>
  <testsuite name="packages/gateway/test/context-diff.test.ts" file="packages/gateway/test/context-diff.test.ts" tests="8" assertions="28" failures="0" skipped="0" time="0.09184" hostname="MacBook-Pro-3.local">
    <testcase name="287-row stale backlog selects only newest recent rows chronologically and never replays omissions" classname="" time="0.030652" file="packages/gateway/test/context-diff.test.ts" line="42" assertions="9" />
    <testcase name="more than the count bound keeps newest N once and expires older recent rows" classname="" time="0.010378" file="packages/gateway/test/context-diff.test.ts" line="71" assertions="6" />
    <testcase name="exact timestamp ties use deterministic message-id ordering" classname="" time="0.007749" file="packages/gateway/test/context-diff.test.ts" line="94" assertions="1" />
    <testcase name="reset floor survives restart and excludes every pre-reset row" classname="" time="0.010403" file="packages/gateway/test/context-diff.test.ts" line="104" assertions="3" />
    <testcase name="reset floor excludes rows recorded before reset even when event timestamps tie or point into the future" classname="" time="0.007655" file="packages/gateway/test/context-diff.test.ts" line="124" assertions="1" />
    <testcase name="session creation does not discard context; only /new owns the durable floor" classname="" time="0.00716" file="packages/gateway/test/context-diff.test.ts" line="137" assertions="3" />
    <testcase name="active maintenance drops old bodies but preserves recent retry-relevant unread rows" classname="" time="0.010234" file="packages/gateway/test/context-diff.test.ts" line="153" assertions="3" />
    <testcase name="a later omission generation is not cleared by an older in-flight window commit" classname="" time="0.007074" file="packages/gateway/test/context-diff.test.ts" line="169" assertions="2" />
  </testsuite>
  <testsuite name="packages/gateway/test/memory-axes.test.ts" file="packages/gateway/test/memory-axes.test.ts" tests="31" assertions="195" failures="0" skipped="0" time="0.771944" hostname="MacBook-Pro-3.local">
    <testcase name="ops and reflections are registered axes with the semantics from the handoff" classname="" time="0.000196" file="packages/gateway/test/memory-axes.test.ts" line="91" assertions="9" />
    <testcase name="a fresh corpus materialises every registered axis and its partitions" classname="" time="0.031465" file="packages/gateway/test/memory-axes.test.ts" line="109" assertions="13" />
    <testcase name="adding axes to a legacy corpus creates directories and leaves human bytes untouched" classname="" time="0.032096" file="packages/gateway/test/memory-axes.test.ts" line="124" assertions="19" />
    <testcase name="a corpus whose new axis directories were pre-created by hand still gets its map repaired" classname="" time="0.028831" file="packages/gateway/test/memory-axes.test.ts" line="148" assertions="3" />
    <testcase name="migrating twice is a no-op on the second run" classname="" time="0.030638" file="packages/gateway/test/memory-axes.test.ts" line="165" assertions="1" />
    <testcase name="a routable ops tree of index plus rule packs audits clean and is indexed recursively" classname="" time="0.104895" file="packages/gateway/test/memory-axes.test.ts" line="175" assertions="4" />
    <testcase name="an ops file outside a declared partition is a layout violation, not a silent promotion" classname="" time="0.031133" file="packages/gateway/test/memory-axes.test.ts" line="192" assertions="1" />
    <testcase name="reflections accepts dated entries and rejects a per-subject second authority" classname="" time="0.033463" file="packages/gateway/test/memory-axes.test.ts" line="205" assertions="3" />
    <testcase name="a dated axis rejects an impossible date" classname="" time="0.028861" file="packages/gateway/test/memory-axes.test.ts" line="222" assertions="1" />
    <testcase name="a partition heading cannot masquerade as the axis heading of a like-named axis" classname="" time="0.036896" file="packages/gateway/test/memory-axes.test.ts" line="232" assertions="4" />
    <testcase name="the regenerated map is published atomically, never as a half-written file" classname="" time="0.03758" file="packages/gateway/test/memory-axes.test.ts" line="252" assertions="73" />
    <testcase name="the newest entry of an append-only axis must stay reachable from MEMORY.md" classname="" time="0.033915" file="packages/gateway/test/memory-axes.test.ts" line="270" assertions="3" />
    <testcase name="a custom flat axis rejects a subdirectory, and the map publishes its promotion targets" classname="" time="0.03631" file="packages/gateway/test/memory-axes.test.ts" line="284" assertions="3" />
    <testcase name="a custom nested axis participates in creation, indexing, audit and recall" classname="" time="0.035201" file="packages/gateway/test/memory-axes.test.ts" line="312" assertions="6" />
    <testcase name="recall breaks score ties by the axis&apos;s declared retrieval priority" classname="" time="0.032531" file="packages/gateway/test/memory-axes.test.ts" line="342" assertions="1" />
    <testcase name="recall survives a stale map instead of failing the query" classname="" time="0.033833" file="packages/gateway/test/memory-axes.test.ts" line="353" assertions="2" />
    <testcase name="a map pointer cannot make recall read outside the memory root" classname="" time="0.030267" file="packages/gateway/test/memory-axes.test.ts" line="367" assertions="2" />
    <testcase name="the audit inspects every file the map serves, even under a symlinked axis root" classname="" time="0.031843" file="packages/gateway/test/memory-axes.test.ts" line="384" assertions="3" />
    <testcase name="concurrent cold starts all succeed and leave one coherent corpus" classname="" time="0.031129" file="packages/gateway/test/memory-axes.test.ts" line="408" assertions="3" />
    <testcase name="an unregistered directory is an orphan and is never auto-promoted to canonical" classname="" time="0.03774" file="packages/gateway/test/memory-axes.test.ts" line="422" assertions="4" />
    <testcase name="a declaration that names a built-in overrides it instead of being rejected" classname="" time="0.000231" file="packages/gateway/test/memory-axes.test.ts" line="443" assertions="5" />
    <testcase name="an omitted field keeps the built-in&apos;s value rather than the new-axis default" classname="" time="0.000081" file="packages/gateway/test/memory-axes.test.ts" line="458" assertions="2" />
    <testcase name="an override may still relax a built-in, but only by saying so" classname="" time="0.000082" file="packages/gateway/test/memory-axes.test.ts" line="483" assertions="3" />
    <testcase name="an override still may not claim another axis&apos;s root, and may not be declared twice" classname="" time="0.00005" file="packages/gateway/test/memory-axes.test.ts" line="492" assertions="2" />
    <testcase name="a built-in that another built-in promotes into survives being overridden" classname="" time="0.000019" file="packages/gateway/test/memory-axes.test.ts" line="502" assertions="2" />
    <testcase name="overriding a built-in clears the layout violations its declared partitions caused" classname="" time="0.037822" file="packages/gateway/test/memory-axes.test.ts" line="509" assertions="2" />
    <testcase name="a custom axis may not overlap another axis&apos;s canonical root" classname="" time="0.000252" file="packages/gateway/test/memory-axes.test.ts" line="536" assertions="3" />
    <testcase name="a malformed descriptor fails closed instead of being partially applied" classname="" time="0.000232" file="packages/gateway/test/memory-axes.test.ts" line="547" assertions="13" />
    <testcase name="a circular promotion relation fails closed" classname="" time="0.000061" file="packages/gateway/test/memory-axes.test.ts" line="572" assertions="2" />
    <testcase name="an unreadable registry declaration is fatal, never silently ignored" classname="" time="0.002636" file="packages/gateway/test/memory-axes.test.ts" line="584" assertions="2" />
    <testcase name="a corpus without a registry declaration gets exactly the built-ins" classname="" time="0.030831" file="packages/gateway/test/memory-axes.test.ts" line="594" assertions="1" />
  </testsuite>
  <testsuite name="packages/gateway/test/terminal-idempotency.e2e.test.ts" file="packages/gateway/test/terminal-idempotency.e2e.test.ts" tests="10" assertions="36" failures="0" skipped="0" time="10.997328" hostname="MacBook-Pro-3.local">
    <testcase name="a batch whose tail was fenced and then reconciled from status invokes onTerminal for one batch at most once" classname="" time="1.265165" file="packages/gateway/test/terminal-idempotency.e2e.test.ts" line="97" assertions="3" />
    <testcase name="red-team B2: the answer ships on the tail, the gateway restarts, status reconcile re-delivers it -&gt; one ledger row" classname="" time="5.048463" file="packages/gateway/test/terminal-idempotency.e2e.test.ts" line="153" assertions="3" />
    <testcase name="red-team I2/I5: [BREAK] parts own per-part terminal slots; a regenerated DIFFERENT answer for the same trigger posts nothing" classname="" time="0.097071" file="packages/gateway/test/terminal-idempotency.e2e.test.ts" line="194" assertions="6" />
    <testcase name="red-team G2-B3: a message that arrived mid-turn and dispatched later never inherits the previous answer" classname="" time="0.465911" file="packages/gateway/test/terminal-idempotency.e2e.test.ts" line="222" assertions="3" />
    <testcase name="red-team I4: two different id-less interim texts get distinct ids; the same interim text replayed collides" classname="" time="0.206025" file="packages/gateway/test/terminal-idempotency.e2e.test.ts" line="285" assertions="2" />
    <testcase name="a tail-less reconcile never reposts a previous turn&apos;s answer as the current turn&apos;s reply" classname="" time="0.416135" file="packages/gateway/test/terminal-idempotency.e2e.test.ts" line="325" assertions="3" />
    <testcase name="red-team G3-B1: a same-session fresh-turn retry gets its own dispatch floor and cannot inherit the failed attempt&apos;s row" classname="" time="0.832599" file="packages/gateway/test/terminal-idempotency.e2e.test.ts" line="390" assertions="6" />
    <testcase name="red-team G3-B2: a batch bound before the upgrade, on a runtime without startedAt, is held - never completed empty, never given a prior answer" classname="" time="0.513335" file="packages/gateway/test/terminal-idempotency.e2e.test.ts" line="473" assertions="4" />
    <testcase name="a cursorless resync replaying the previous turn&apos;s transcript row never becomes the current turn&apos;s reply" classname="" time="2.127479" file="packages/gateway/test/terminal-idempotency.e2e.test.ts" line="559" assertions="4" />
    <testcase name="a frame attributed to the accepted op passes the turn floor even with an old host timestamp" classname="" time="0.024538" file="packages/gateway/test/terminal-idempotency.e2e.test.ts" line="626" assertions="2" />
  </testsuite>
  <testsuite name="packages/gateway/test/autolink.test.ts" file="packages/gateway/test/autolink.test.ts" tests="4" assertions="14" failures="0" skipped="0" time="0.081772" hostname="MacBook-Pro-3.local">
    <testcase name="alias index: filename stem, heading title, frontmatter aliases; ambiguous aliases dropped" classname="" time="0.000472" file="packages/gateway/test/autolink.test.ts" line="8" assertions="4" />
    <testcase name="autolinkText wraps first plain mention only and respects protected regions" classname="" time="0.000345" file="packages/gateway/test/autolink.test.ts" line="23" assertions="4" />
    <testcase name="autolinkCorpus sweeps the corpus, skips raw daily, and reports counts" classname="" time="0.080408" file="packages/gateway/test/autolink.test.ts" line="43" assertions="3" />
    <testcase name="frontmatterList parses inline and block lists" classname="" time="0.000158" file="packages/gateway/test/autolink.test.ts" line="63" assertions="3" />
  </testsuite>
  <testsuite name="packages/gateway/test/engagement-policy.test.ts" file="packages/gateway/test/engagement-policy.test.ts" tests="4" assertions="13" failures="0" skipped="0" time="0.000445" hostname="MacBook-Pro-3.local">
    <testcase name="loopback engages while unmentioned groups and unauthorised DMs decline" classname="" time="0.000039" file="packages/gateway/test/engagement-policy.test.ts" line="14" assertions="3" />
    <testcase name="per-channel open override engages group messages" classname="" time="0.000037" file="packages/gateway/test/engagement-policy.test.ts" line="27" assertions="1" />
    <testcase name="mention allowlist gates group mention commands and DMs but never open channels" classname="" time="0.000042" file="packages/gateway/test/engagement-policy.test.ts" line="36" assertions="5" />
    <testcase name="bot authors never get the open-channel free pass; a bot mention still engages" classname="" time="0.000021" file="packages/gateway/test/engagement-policy.test.ts" line="64" assertions="4" />
  </testsuite>
  <testsuite name="packages/conformance/test/sdk-boundary-dogfood.test.ts" file="packages/conformance/test/sdk-boundary-dogfood.test.ts" tests="4" assertions="7" failures="0" skipped="0" time="0.003406" hostname="MacBook-Pro-3.local">
    <testsuite name="sdk-boundary-dogfood" file="packages/conformance/test/sdk-boundary-dogfood.test.ts" line="74" tests="4" assertions="7" failures="0" skipped="0" time="0.001" hostname="MacBook-Pro-3.local">
      <testcase name="packages/cli imports only the public SDK surface" classname="sdk-boundary-dogfood" time="0.00045" file="packages/conformance/test/sdk-boundary-dogfood.test.ts" line="85" assertions="2" />
      <testcase name="packages/adapter-discord imports only the public SDK surface" classname="sdk-boundary-dogfood" time="0.001754" file="packages/conformance/test/sdk-boundary-dogfood.test.ts" line="85" assertions="2" />
      <testcase name="packages/adapter-telegram imports only the public SDK surface" classname="sdk-boundary-dogfood" time="0.000682" file="packages/conformance/test/sdk-boundary-dogfood.test.ts" line="85" assertions="2" />
      <testcase name="sdk package itself depends only on the protocol package" classname="sdk-boundary-dogfood" time="0.000255" file="packages/conformance/test/sdk-boundary-dogfood.test.ts" line="112" assertions="1" />
    </testsuite>
  </testsuite>
  <testsuite name="packages/conformance/test/sdk-coverage-inventory.test.ts" file="packages/conformance/test/sdk-coverage-inventory.test.ts" tests="3" assertions="3" failures="0" skipped="0" time="0.00727" hostname="MacBook-Pro-3.local">
    <testsuite name="sdk-coverage-inventory" file="packages/conformance/test/sdk-coverage-inventory.test.ts" line="62" tests="3" assertions="3" failures="0" skipped="0" time="0.005" hostname="MacBook-Pro-3.local">
      <testcase name="every catalog verb is implemented by the gateway" classname="sdk-coverage-inventory" time="0.002321" file="packages/conformance/test/sdk-coverage-inventory.test.ts" line="63" assertions="1" />
      <testcase name="every catalog event is emitted by the gateway" classname="sdk-coverage-inventory" time="0.002067" file="packages/conformance/test/sdk-coverage-inventory.test.ts" line="69" assertions="1" />
      <testcase name="gateway references no verb/event missing from the catalog" classname="sdk-coverage-inventory" time="0.001938" file="packages/conformance/test/sdk-coverage-inventory.test.ts" line="75" assertions="1" />
    </testsuite>
  </testsuite>
  <testsuite name="packages/gateway/test/stress/burst-stress.test.ts" file="packages/gateway/test/stress/burst-stress.test.ts" tests="1" assertions="0" failures="0" skipped="1" time="0.000472" hostname="MacBook-Pro-3.local">
    <testcase name="200-event burst stress requires GAJAEWAY_STRESS=1" classname="" time="0" file="packages/gateway/test/stress/burst-stress.test.ts" line="16" assertions="0">
      <skipped />
    </testcase>
  </testsuite>
</testsuites>
